10000
1958 6945
3805 278
2749 3784
4195 6086
9631 5038
5415 4455
7885 9482
8487 4659
9225 9891
9794 2623
5704 1351
4434 2160
1104 9554
8263 8255
15 2946
3805 2832
3729 7984
3363 4027
7325 2586
6880 5016
2311 7074
5064 3513
5654 8227
4603 8779
6760 3906
9807 4581
9574 8847
3193 8353
4479 1850
1812 3576
4528 1496
2501 8546
4260 6104
7159 6258
1278 7711
4545 8407
9996 4128
1069 9496
9012 1491
3619 2945
4861 932
1750 4416
9225 5617
6387 8074
8811 4993
5157 9104
5534 797
5000 9351
2236 9312
8743 8770
7765 7936
9188 2387
9362 8699
5372 9287
8587 22
9879 7755
3140 9535
6870 6436
1743 2394
317 1427
5013 759
65 1704
5488 6560
1261 7503
8509 4534
8242 1754
901 6870
9477 5556
2314 7061
9304 9719
3445 379
3447 6381
8558 8540
3264 7170
9074 6367
7013 2526
9425 9398
7742 6794
9553 1708
5101 7205
6334 4090
7274 5258
8154 3713
3896 5090
2024 8999
589 4210
5869 2570
5389 8497
6744 4040
9812 4631
3158 474
9180 5633
6959 6279
6971 1366
5885 8564
7591 2618
4523 8207
8426 1050
3943 7988
4074 5818
6767 6571
7636 6190
8912 5653
9491 4249
1103 8417
8067 2048
7477 3891
9128 1267
2379 8630
8839 8463
3709 5661
788 8971
6471 9442
1561 3222
5375 8908
7078 2091
732 1364
7814 3885
1186 6362
3612 425
1983 911
1430 4760
5053 1705
6289 4951
4612 2114
8144 7696
9370 9298
4008 9798
5737 3041
4022 7102
2463 2892
2219 6969
1163 8166
730 7790
1929 1110
1233 8973
9683 1676
3430 5314
3500 1685
1045 1712
3994 1457
8781 5267
1213 5345
1097 4063
293 5488
5769 4252
5204 7686
2081 3440
435 3156
5153 7891
4014 3329
1962 6592
1036 8840
1343 6934
2276 5245
1871 2752
807 8261
8099 8602
3575 9246
7997 7096
507 4355
5688 6678
2302 9345
8586 7723
3783 4011
7161 4438
3497 7696
7290 221
2139 5148
1940 6700
2992 1502
8992 880
9289 8636
5319 8018
4862 6915
868 784
7847 5339
7172 6368
9920 5177
7344 2038
9121 4406
2276 8248
4110 5042
7346 3814
1675 1536
9849 772
6566 6481
7010 7701
284 4519
3132 6819
2740 4008
7741 4295
9194 3420
6353 6446
2347 5130
1217 3576
4955 7133
3703 4481
2009 859
1053 8097
865 8986
3950 4979
7043 7550
6301 554
2533 4303
2901 5515
3140 3359
8868 333
3682 4243
6416 6362
8745 4003
9348 8161
5036 4264
4155 1337
5467 5208
3379 6979
6039 8816
9462 6566
8399 9335
6530 4263
7577 8751
3971 1473
6168 7542
6516 2877
941 2891
6133 443
9186 5827
9901 6522
6864 7613
7884 4389
8875 8190
7662 7956
2130 986
2822 6127
9654 6873
7165 4575
4634 2803
6767 8809
6620 3934
6918 4983
9923 6706
7883 8494
8391 1805
5141 1998
4784 4648
3498 4698
5568 5125
1283 840
5230 1849
1999 1060
5910 2081
8379 2939
7964 6636
7864 2731
5615 3748
9686 6266
364 7634
6036 5248
5569 2626
7775 2651
8168 5549
4835 6330
8593 6146
2898 7669
655 279
5205 9644
3494 5175
9653 9301
233 6522
2546 6882
379 17
7144 4854
2271 2178
7457 350
7772 8719
2766 945
3610 2493
8962 5706
2698 5013
2780 207
3835 6815
6314 2102
2854 2327
1098 2151
4660 9270
3210 8375
3341 2449
3398 3184
1695 5813
5993 4922
427 9726
5542 3534
9959 8541
2847 1388
5925 9870
3853 5248
3534 4592
2707 8320
5867 9666
2602 3878
9243 9043
8190 5541
8328 1763
92 9119
6172 7127
6939 4016
752 4707
366 3425
3199 4077
8106 3516
3486 7840
2315 3492
3902 2116
3728 4818
6900 9718
3274 6410
3730 7721
3652 8376
8127 1793
4302 9705
7153 5172
6393 7039
3873 5534
2845 4327
8445 110
1515 4034
2011 8889
9792 4878
3452 269
2074 1729
9229 3223
5975 2587
395 5727
6615 2600
6132 4215
9614 1030
9153 3928
388 2708
9640 4217
6141 7310
4497 2766
6834 4750
2314 5067
5685 7793
8874 5232
1733 7068
2897 7223
2211 2000
8020 5719
9073 7621
9403 3474
5823 2643
4178 8317
7468 4846
3984 4152
4159 1814
5707 1046
4060 4974
2388 7042
148 3199
2328 1475
7876 269
8571 8461
885 35
3287 3321
1799 8995
6768 4795
1025 866
4337 8057
4800 8202
2429 5917
4785 5781
7900 5690
4794 4608
305 6997
4827 7109
1303 7141
197 1425
7485 319
945 9671
8102 7347
1530 2409
9980 6745
6274 7102
902 3441
2621 9475
1300 4393
7203 4347
8581 7712
3560 1199
4647 3350
5742 9337
9112 9097
1845 9260
3023 9876
5465 5882
4036 6870
5759 1058
4893 5067
5736 3928
3240 2793
1686 4660
4439 1308
2719 2626
2777 3348
2211 5156
9767 7548
9090 5651
5307 929
1356 6398
8475 553
3574 3287
2167 9142
3318 180
7807 421
5466 6529
776 6707
3089 1905
2018 9213
1146 7780
4892 8415
9508 6806
3929 2517
8495 9857
6817 7710
6306 3071
8145 3305
1833 6463
8004 5438
1783 4422
6447 8676
8873 4982
9631 6230
8707 5336
6646 4871
6041 8581
5882 305
9742 6335
6805 8229
4888 403
3507 6543
9014 169
6223 3504
7410 614
1716 6380
4700 9787
5964 2664
4416 5186
5387 4514
4638 7175
9758 2735
6975 2179
542 9224
296 2729
730 8817
598 684
8473 9298
4137 9777
505 4821
5812 4705
8973 3799
6934 443
5942 4701
9573 9343
3807 996
648 3197
1462 5204
8032 8119
9475 9693
4770 1681
4530 9087
2560 9764
971 7587
2543 3462
6770 852
8097 9891
9457 1924
9701 3815
9390 2818
6385 6534
3654 9963
4694 3503
9053 4964
8454 9175
8363 1530
4835 8242
2256 3424
7710 3598
8739 4910
1253 8802
2519 6166
8108 3929
9177 2503
969 6430
2461 3139
8283 7158
9099 5313
8221 7665
5732 1387
6412 2113
5828 399
4506 2310
291 249
3403 9152
2792 2614
9397 3244
9755 6323
1722 1114
7480 7049
6306 4220
7310 2100
2561 8698
3996 1832
9428 1740
3538 3250
6196 7175
9711 8272
7132 6885
2370 1182
5375 6388
2516 9438
8189 3666
423 2311
3174 6469
9156 5636
6347 7428
8986 6562
8226 6856
1200 9137
9790 7025
6777 7875
154 3268
5783 9001
76 4551
7277 7174
319 5307
3328 9197
3491 415
7987 584
6473 1603
5518 1629
742 2693
6453 8692
8633 7000
1965 4694
3896 8516
4483 4596
6192 6611
3830 7016
9418 6742
9502 6925
5029 3709
84 1368
931 8088
4989 9437
4372 4674
2022 4677
3286 5928
66 8025
7274 4311
8867 6460
8247 2423
9066 8866
6398 7301
1107 6678
4606 1028
8532 6651
4653 9337
5241 9180
721 902
2116 6840
9369 8696
2898 3344
881 2214
5269 2291
8343 5858
7679 2101
7740 9626
6821 8673
2137 7900
9070 8727
6896 6270
2658 8296
904 5380
5735 1930
6305 2797
8896 3339
6545 7858
5921 5935
6323 7383
9437 5604
1250 9071
9703 7741
6735 902
3688 4973
6621 952
4829 9064
8975 5380
3808 1000
9829 3259
8024 3542
2072 9335
665 9068
3745 5178
4766 9078
6274 594
7004 4527
7813 8523
8938 8674
5760 4275
5007 1117
4430 4908
9376 6875
1329 4746
3535 2833
3326 4912
2085 1608
9666 8333
676 4814
7675 1411
9330 6667
3369 7635
8365 2704
756 7729
8006 7536
3242 2472
4046 1427
1799 9205
1585 1370
2191 7015
7683 5961
953 9791
4460 7674
209 4451
4871 4556
9859 5245
9694 2843
7853 2481
3898 6566
333 247
9024 6436
5206 2234
9745 3068
5632 7722
688 1101
2772 5818
7788 4771
1674 9171
4675 1665
9955 6036
717 8416
3223 2437
3453 2814
5568 9924
4175 9753
6250 7065
2271 6074
4369 9995
4048 5802
5688 74
5765 3614
5439 8698
1461 7468
3498 1120
3654 9033
6404 8308
501 5382
1226 7565
7861 4230
9609 9120
1079 4744
9572 6942
7543 72
9672 2938
674 6045
2261 3204
4993 4089
9438 8547
7469 9037
3805 8659
6921 8877
3062 5621
3820 3002
1640 597
9236 918
2807 4466
2560 9125
7586 2032
5502 4614
9840 4965
6611 7426
9510 8740
8959 6098
26 1723
5903 5383
6917 8817
7202 150
670 359
9244 968
6962 3922
1327 1876
3377 4631
8832 2040
7390 5604
4950 5097
1699 7745
8377 2925
474 8416
2759 3815
5144 8820
3805 9589
5493 9703
8052 2459
3505 1227
200 1399
7306 6835
2104 4435
530 3047
1656 4690
68 1594
1788 1429
7335 3109
3527 8975
87 3380
1650 1418
4525 7062
3474 6644
7463 7569
2954 3088
2700 9341
4417 9799
8547 3529
6792 2772
7428 1959
2550 6334
4926 1869
5313 5663
2436 686
8831 1401
7984 1482
4404 9410
9922 9796
1419 1329
3042 1782
7508 8570
820 3599
7190 7376
6359 2422
6023 5899
2286 4420
1246 8855
6899 5255
2797 1208
4282 7934
8174 9627
1685 9905
7590 1834
3798 385
899 2006
6614 4683
9506 5736
8549 120
6762 3580
8641 5575
2259 535
108 7138
6039 9400
3149 8706
6677 3168
2000 8395
9813 5134
6928 5704
1226 6430
3798 8460
5766 6954
6957 4022
1707 6265
4568 7657
5244 9864
5964 1422
1319 7993
2026 430
1600 8863
9783 1615
3112 7344
7819 8732
5389 878
3055 1658
6997 6015
7915 1230
8263 5012
4472 4033
3468 657
805 2663
9489 3016
9796 3547
6231 8657
6007 3374
9846 3294
3879 9640
7191 7893
7370 7861
9214 9821
9867 8255
4236 1470
1672 123
6337 6456
7112 343
2726 4450
5491 5995
8902 4985
7264 7203
4147 3880
2756 3328
1515 3267
6812 7927
5153 9998
8362 3990
2524 4914
641 9382
4093 6463
4275 6478
2808 6084
9074 131
1923 516
9053 9312
8200 1518
3711 1043
5850 2443
483 6381
3306 7903
5753 553
5355 9165
9719 3098
8463 2226
692 9677
436 3322
7139 6891
4099 3826
2957 7549
8003 5571
2935 9251
5842 164
8371 8249
9716 7854
4080 9895
1609 8171
7660 2240
8956 301
4502 2272
1458 7258
3460 5267
8239 4893
1253 3393
9309 7514
2602 4337
8497 9393
8384 9345
29 1289
2125 4111
8294 6638
6569 9891
708 8187
2259 6414
4204 552
1741 7453
6741 8205
7536 3343
2352 238
9994 9352
582 988
1966 7666
8367 8892
5068 1039
5177 5478
5092 1900
4846 4615
1256 36
6931 1708
2668 3992
6422 818
7276 2014
4556 5107
7068 5617
8785 8338
7738 7110
1517 2604
3419 4875
7408 7644
551 6037
1588 6905
1408 562
8429 6284
1407 8906
1032 6516
8351 2954
3383 5787
3544 9878
7005 1876
3946 6451
4552 4914
994 4260
8403 4660
7174 2657
9598 7525
9375 9257
917 5717
6109 7886
1845 4020
9100 11
5503 4585
6768 4821
3585 2182
9137 966
3536 7265
1985 4024
2615 690
8998 9630
2359 2444
3381 2098
4271 9673
1762 2492
8315 6862
7080 2027
9882 2728
4835 8852
7149 9152
5895 1216
6470 2445
5889 5819
1317 6935
5165 8744
6548 1739
9331 7383
4653 722
8474 8785
554 4532
316 1293
8052 3723
1371 1848
3677 8655
7399 1960
3302 1379
4632 4078
732 3605
670 509
3385 1298
581 2803
5834 5734
7047 4662
4555 4989
8621 3177
5007 494
4173 8600
6410 7346
6605 169
568 9753
3369 4885
6545 7457
6672 7819
4542 6654
4058 2985
9252 9203
3884 6468
4538 2453
7455 4874
8289 5515
997 5025
9264 6660
7901 8422
7257 5562
5735 5929
3818 7445
7043 3019
8094 9154
9523 9684
1389 6213
8705 532
9671 7740
4944 8590
1007 240
2303 1995
7702 1095
6201 702
9411 7151
9723 2083
5025 3009
8154 4664
4435 7901
3779 8917
9580 7478
8195 8588
6426 9372
4109 9482
1457 2676
5421 5094
4409 3381
1643 1306
3711 4591
6602 8384
8621 2182
560 7090
2195 9833
5594 1986
3026 7245
9939 1146
6905 5499
4789 1624
1470 2815
583 510
2093 794
1051 9774
7880 4552
3700 5737
2060 3282
1426 7424
9587 3934
3005 9236
2921 3613
7830 590
6378 4318
957 6486
4131 2024
6332 2263
9430 6975
2032 6173
9361 6433
8293 3266
9647 5425
88 5426
3495 617
173 8943
2924 8105
8184 5180
3715 2371
7713 9377
4317 8760
1532 6596
5484 3148
2040 5752
4993 1481
2174 6492
9952 9032
3689 4686
2430 912
9912 1250
3329 5322
1341 1359
5369 729
9321 2174
502 7117
4685 5283
3663 1148
8405 2460
3251 5664
5464 1799
2745 7545
5256 5376
3187 1215
211 7545
1208 9067
7440 7333
7920 2867
2763 1848
423 7356
7228 4410
200 7059
6918 6385
7527 889
670 866
8200 1565
8393 7428
3868 4835
458 4339
1695 1410
6388 685
8406 2017
7832 2745
6908 9823
1734 3395
7941 3894
4747 4060
8400 7037
6094 887
8789 3198
948 6989
3829 2262
4872 9936
2538 5847
921 4500
9274 333
4381 6678
9210 4741
9802 3431
4936 2992
4962 9754
2661 3066
2233 3557
4693 5521
4541 1968
3289 1426
1255 3709
9254 7188
5319 547
4907 4096
8747 3672
4485 7938
9532 6468
2454 6508
4606 3777
7301 4232
7070 9460
4094 9498
3912 4995
497 5842
335 3958
8234 6279
8373 8203
668 1617
6356 2341
5094 7449
948 1796
7380 8415
4883 7455
5122 2061
8120 7820
4195 5286
8005 9033
2023 232
8821 1359
7735 9103
3284 5890
5288 6364
1172 9393
1745 2170
4884 7781
6996 7212
3333 9908
3721 6470
4460 2052
111 4211
1827 2632
3155 7329
7779 1981
7812 9886
2423 279
7193 7638
3692 5852
3505 2593
4292 3015
7664 3676
9452 2387
4158 2136
4637 3332
3615 8629
7419 3976
7122 1848
4780 2097
1340 3889
4889 9266
4293 2721
8105 3194
4678 4401
7612 8072
3690 5924
2526 2834
3168 9507
4838 6518
6602 1802
1358 9025
3789 4813
3522 3395
5337 3323
2485 5369
521 1527
9573 3302
338 2147
9504 6697
609 9766
3463 6384
8733 2283
8657 7662
6695 8953
2802 4652
3148 3173
2633 3649
9058 8531
4375 3659
2191 7409
9800 5447
6408 728
3590 7604
8119 6794
6962 71
9631 8112
7341 4975
4853 6437
6202 7629
6883 1419
2954 1053
3396 8312
3423 8901
9191 1556
3312 7023
9816 3590
9303 6265
206 1180
1209 8910
3629 759
8363 2692
8558 3947
5695 7605
2053 6890
9354 8047
5472 5422
4436 3618
4746 913
9628 2994
2652 2150
7547 5042
7453 6705
3936 6362
7621 5682
902 1067
3093 2184
4496 9706
8630 3603
7141 6701
4877 5378
7409 7028
4427 6919
8458 7510
2573 4515
7390 8287
5933 6070
1786 83
3816 3919
4561 9613
4436 7328
8265 2680
9509 3753
5933 5194
371 8368
652 4464
6200 6651
7463 6156
9559 7781
1695 5975
342 4052
7039 8250
8673 3653
7610 5890
1770 5031
3125 6336
2463 5708
822 2940
5831 4561
6742 3792
8527 7177
3635 3257
5847 6452
983 5476
3670 9764
5543 552
3368 8914
584 6124
6116 2385
3811 6014
5031 1856
5645 1077
1391 9698
509 6321
7009 2090
1722 2248
7595 3268
2364 96
3330 9263
9116 2162
9025 3624
3720 6322
4851 8844
1858 4505
6659 636
5982 7214
5495 8888
3247 7727
7208 5748
8581 6402
5656 3568
2425 2956
1387 3473
5692 6061
3154 9290
6747 5853
9871 4810
6976 7094
8760 3486
9169 5795
9875 1953
5811 8914
7630 4572
1500 8383
1033 7511
8042 3249
110 8632
9829 8018
3060 7680
2680 9272
9733 1938
9604 3468
51 7668
6407 2905
8555 4904
7837 1178
6493 8357
7482 2861
9202 2465
5826 6823
5491 7308
330 9347
5581 8432
9645 4336
8318 8021
4637 231
9918 4011
5364 5302
4860 971
40 1982
1932 2795
142 5311
8419 6236
4452 6480
5551 8346
9120 9644
6058 1318
7254 8538
9653 7805
60 1274
8090 6061
8536 6942
9598 8268
4117 2196
9978 3179
7240 9206
6815 3051
4231 2782
9084 7633
4770 4939
6771 5940
8591 4562
276 9928
1845 7801
4081 5216
9210 7791
5046 4439
1183 8748
1955 3436
8219 8890
4807 4340
3820 9397
1910 7353
1669 672
4484 1869
59 2292
5153 8897
8891 4667
9749 254
7817 1768
1453 6385
8320 1573
8862 4779
4980 6181
1424 6314
5749 7705
6859 3626
3190 6407
7411 808
2861 2182
8984 492
4858 7636
6139 1732
1926 1591
4543 6469
4306 1075
3755 6257
4153 9662
6953 9298
6845 3755
8585 2271
5919 4073
7720 1916
7373 8162
3431 5247
5987 2768
6332 3980
4020 4399
3580 6378
2076 1123
5303 4119
6430 7792
8210 1875
4562 9514
3135 5949
8872 5416
175 2054
6259 1566
2990 6596
5910 4245
9119 4161
1022 8835
2896 9850
7169 3394
4699 2590
8712 9156
8310 7262
8285 8210
8643 7338
5503 1382
5780 8371
902 2228
1777 3935
6567 7543
3774 4722
813 4810
4292 5678
3890 2967
5091 5038
8281 4424
501 7652
7079 3573
2643 9199
8867 7027
8921 4717
7733 8
3914 393
2755 5097
9648 602
2950 9984
9447 7091
116 6184
9234 3845
6615 3423
2549 3172
9302 5780
4999 111
5134 22
7894 2436
281 5231
930 7013
8523 7192
6825 551
1031 908
4480 3467
1969 6114
5703 4910
5471 1565
1677 3754
7941 6499
4630 2115
3921 6870
9363 7275
1238 5212
8496 4989
4579 8924
2362 1923
6629 7925
5970 2426
5640 9070
4145 3155
352 1181
6663 4192
7080 6790
255 4276
2065 3107
1396 8887
8102 5514
9399 1384
9028 5757
9002 608
4613 5909
7612 1636
9206 2241
3239 973
8179 2796
4820 2340
8566 5890
4432 1298
4702 8295
6412 5419
8862 3420
7400 6417
7581 4924
982 4064
7117 3067
4549 1292
6590 2889
8075 4503
1280 8817
6076 8251
9931 4326
973 4788
556 5629
725 6400
1882 6451
458 3826
1394 7664
8929 29
411 676
4493 1198
2108 5581
4564 9666
4805 966
5925 1561
8380 2338
2391 4689
9336 7022
1717 2537
6367 4568
1031 5499
2197 4193
3776 1890
6881 822
3750 5010
5504 3697
6040 6398
265 4155
8684 62
5054 6923
1546 7815
4844 1138
572 3491
5855 1902
4845 7541
562 8289
8017 9572
5196 5105
1635 6245
2294 7093
4115 9938
8805 235
1926 9313
240 565
3320 8353
5575 4663
4594 5521
579 4189
864 7838
7675 1759
2305 4611
5447 7838
916 439
9130 6240
1679 9975
3340 1926
4263 1763
6388 1653
1145 7873
791 4173
1006 1919
4773 8683
7422 2956
4036 203
2488 9618
9956 1106
302 3182
6719 1049
4018 691
5288 7598
9133 7861
6372 4711
3612 3181
5943 5488
1894 3924
4361 7457
1037 9769
8104 2116
2595 5585
9675 1470
5249 4603
4109 5782
308 4477
3779 3462
4696 5311
745 8996
4666 5528
9779 9658
5089 5248
5377 1142
1130 82
328 4
2906 3192
6935 3019
2876 7089
5821 8074
3265 5304
4129 2677
4629 1808
4204 7322
8773 4891
2618 2593
4767 7512
455 7963
8245 2081
6635 4806
6262 2331
8158 2638
9611 2366
8511 9225
2410 4859
7954 5389
3375 7602
8104 7019
1072 6006
5708 2791
3525 149
62 6002
9712 8652
7724 8017
9692 8494
1366 7877
5508 7813
7674 5941
6826 9087
5380 290
1926 4653
3255 7978
3656 41
1871 3865
3694 7539
2173 2775
6084 3197
1169 7069
2886 7855
2756 9753
9057 4915
5824 1127
3297 7526
3850 3206
9896 7836
8536 3799
4713 8675
8732 2768
5812 1010
4162 1602
5121 2007
1570 8638
2589 4871
9416 9115
8878 7769
3739 8435
7503 5594
2074 6462
3884 6493
6137 4499
7150 6546
4337 9585
8214 4327
1069 2288
2528 8998
9199 5299
3777 6983
4085 337
4757 4215
7593 3128
5921 1401
4998 3038
2290 2736
2791 9868
9653 3577
2231 9879
8469 3719
5424 5363
8642 6199
4169 9202
8407 1334
5823 6199
629 5059
2179 6339
4230 2191
8544 2164
7506 8156
4135 5340
6437 5506
8151 4891
1423 5509
1844 2057
9425 4702
8910 1770
8449 6661
5964 781
2952 1951
5343 106
8670 4963
4047 8657
4140 6921
5095 4281
9250 1117
3250 3754
72 1244
6585 8898
9664 9173
8640 3739
7187 3023
5000 7794
5422 4852
1245 1488
7475 3596
501 9450
2278 5733
1519 242
8420 3371
8764 7550
3309 1500
9392 3075
7615 2346
5347 6148
5647 3091
1736 5232
9894 3053
6049 7946
358 2277
3295 6015
4137 8189
6962 3358
1314 1834
8752 8544
3890 5682
1992 5134
3519 8162
3475 3192
20 1805
1137 6347
5231 8184
927 8422
9216 3555
3552 6968
8571 5253
3090 7320
9765 3690
4963 8118
4049 3873
4840 3911
9561 4244
261 3855
396 7608
980 4470
2418 9042
6341 2095
7877 735
1575 8079
7476 2252
6570 8759
6299 9473
4997 796
7027 5209
9659 1616
6854 2749
270 5022
359 1280
8015 6630
5020 9631
2123 7143
4641 9474
847 4760
5804 172
6805 2424
8386 9702
2663 6837
6413 4132
1640 1079
9205 6053
1794 5528
1860 8644
1607 1680
5845 5945
1956 5283
5142 7414
7479 5210
4055 3650
123 2987
8246 4845
4001 3550
7082 5195
7591 7094
8626 4843
6364 3787
441 9238
7509 528
5561 7602
9766 9199
9975 3334
2781 403
9831 7609
5389 9222
4688 5429
4187 4171
5011 9232
4059 6194
3344 7953
6764 8000
1517 849
135 1513
6915 8219
5082 8608
476 8533
2175 7108
707 9180
6434 7912
2891 8221
2817 3918
7660 6741
9026 5204
6102 70
4702 7321
7622 7598
5109 9243
8950 5248
6173 5586
4582 540
893 5902
5389 9876
6175 2007
6035 477
3290 2207
3240 7538
7200 3728
3043 3350
5130 9841
5348 8256
3434 4892
7162 612
1326 5690
9067 3847
343 1358
5779 4693
3823 3391
5466 4716
1238 9202
390 6236
5905 7511
4151 6835
5438 1022
1663 7520
1967 3998
9511 6070
6741 1225
7536 9002
1069 1728
6840 5156
2696 9736
4089 6910
615 7320
8184 935
2996 1772
8569 3075
2000 7115
2448 7872
4022 9510
5241 7506
1226 3012
9779 2563
3117 2183
3660 8650
5942 4071
7154 2565
3035 8592
2429 5584
5449 6281
6600 528
2367 9174
2143 1258
8289 2679
7865 2032
5962 1881
3916 3394
4881 9576
8762 1363
5675 938
9767 7743
9966 1048
4777 3708
9605 7758
5672 8783
3332 9753
8004 5581
8940 6515
621 7881
537 2256
535 4014
6333 4959
9357 526
1534 1574
383 9811
9051 3908
8300 1048
6752 1671
8105 6319
9026 7143
8037 6020
1760 7097
4667 920
3025 5338
7781 2652
4402 10000
3133 5944
5981 665
2629 8992
9683 1820
1518 7761
5086 4271
4278 8006
8660 6224
4538 8498
6292 3285
3270 5118
1280 2337
3999 3097
8533 4336
5432 6582
2553 3211
6453 6386
3302 3244
7161 2039
4956 4036
9191 4350
7931 5609
6837 4829
3143 444
1160 328
34 453
1305 1642
6375 3571
5578 7339
3108 2160
5022 6640
1939 8373
6014 4560
5727 6265
9707 6523
5349 1574
5739 730
6767 52
7147 7877
5964 9611
2434 5173
1802 4510
6816 6802
6132 3948
4612 1709
3438 1250
6805 7900
605 5980
7344 6996
4426 4820
9538 5503
5154 9928
668 8169
9505 3067
3452 864
4153 6263
7115 5876
7211 885
5594 1058
5002 6534
9355 7012
9678 6423
2803 2874
1908 8715
4239 8937
893 5956
11 4355
9183 3200
4074 8208
1842 4795
5980 2591
9462 7830
2117 8422
7011 2434
8456 1785
7740 4579
6096 7438
1898 9551
3384 736
9706 6687
7979 6229
1624 9782
8042 1715
4584 9016
5355 9130
5197 19
9916 2376
8363 1847
5578 7166
7503 6349
3331 2037
6199 3043
5357 9798
3799 2092
7728 1293
912 8805
6352 3550
1663 9358
7803 7175
2916 3258
1899 4076
6997 3060
3561 199
2035 4287
7230 8532
1549 5880
5272 8885
5505 3743
2691 7202
162 9878
2917 3885
6146 5830
2180 9530
9107 5034
1249 8833
188 7081
5083 9212
3306 4193
4637 8184
162 1543
3260 5798
7997 5768
1635 3784
8204 8642
4976 4557
3370 2557
9792 5124
2730 8853
4846 9765
2306 4300
4981 1438
2832 7614
7182 6369
9868 8390
9473 9906
2728 6514
3889 7190
6914 3107
7232 8402
595 8506
4688 2117
9936 8965
9740 2928
9683 5883
1797 1693
8431 5903
9058 9965
5862 2680
7759 1479
8619 5562
3342 3996
6872 9898
35 596
1267 475
7778 3567
2827 5246
975 8900
6848 7113
1695 8628
2569 3563
7643 4749
4717 6716
8702 4958
7274 5394
4962 9565
3652 3068
1700 3121
2415 2333
7142 3247
7165 6456
2310 9055
2861 2981
9494 3520
1538 5506
2848 7939
8213 8656
2270 7687
9573 3166
7457 9372
6200 721
270 374
6591 7575
9955 3914
9306 1990
6381 6880
4731 5475
7707 8311
7651 5445
9504 9746
5187 5491
1069 4275
6648 6796
582 1729
1666 1206
8714 4490
9723 2764
144 9974
9881 2753
7587 8751
6836 1323
8821 2145
7224 8511
727 4038
3927 1231
5774 7086
3721 4275
3041 2436
6112 173
72 5600
2731 5129
2461 5653
1243 6834
491 4695
5523 7751
3411 7262
3911 5928
816 7826
2550 3419
9599 7253
9579 7277
8684 9935
6670 8097
9695 7775
7218 556
7759 3973
9627 5318
82 2247
2294 5276
6530 5191
3828 3697
481 8654
5576 2987
3272 3684
3195 1311
5691 9832
7047 6648
9385 1296
9350 1695
4743 1094
5415 7476
658 186
9826 2085
997 4291
4685 7114
7037 8474
950 9800
8490 2092
555 8033
2412 7799
362 4343
2760 6486
2032 5705
2780 185
5095 5064
9456 4398
5555 9724
3242 4046
5070 3797
4323 1863
8584 1969
8904 2045
3957 3809
43 5724
9685 7893
2832 7765
8962 8364
406 2269
9511 7619
3227 5908
3509 5854
9673 5903
5145 5146
5884 187
3741 899
3722 8061
1429 7264
5538 8596
5448 3320
9942 4103
8604 582
5367 872
9138 7793
2435 5741
932 9427
8050 2495
2541 4797
99 6628
9474 6594
6427 661
3663 9418
8946 715
634 4947
8477 8289
8204 3908
8684 7843
8386 9448
7198 99
8592 3315
1302 386
420 9015
8441 1420
9912 9271
9948 9106
6896 33
3952 6129
4576 601
8420 339
2278 9929
5258 2713
9451 8706
5639 344
3258 6098
9532 8157
9400 7094
9390 9492
2511 5009
3705 1876
9010 5888
9875 2637
1906 9243
4581 6333
9265 3332
4416 7322
2177 6031
5256 7395
9342 5864
6963 8063
1240 5744
5214 2405
3105 1442
9674 4038
9420 2557
2466 4530
3715 5448
6517 482
7842 4723
9653 6248
7454 6972
4514 1567
2811 4339
1325 5151
8314 6569
4972 6124
3780 7512
9307 4209
1975 5052
2887 9033
7252 153
8396 6491
3299 5018
8745 2475
7761 3741
912 1008
9313 8015
7971 4248
3755 2668
7297 7104
8635 7346
7852 2727
9939 8134
4344 9517
6898 4125
4226 5926
9041 4508
3840 7065
7707 332
8362 8445
4026 2906
7615 5362
2946 4332
188 6730
4289 8666
6112 210
9043 334
5763 8482
2083 1810
289 9503
5695 1340
3091 4178
4713 2623
3661 6330
4688 3311
6237 374
6650 325
6145 7025
8165 503
5376 2023
3057 6484
8725 4244
8745 1823
4631 7936
3188 8522
4741 1357
3454 3192
6768 9038
2012 919
7296 9391
9899 1558
4418 9271
2930 6471
1077 9403
6112 6280
9814 2991
2303 2740
8337 4708
8566 6098
5356 3581
9139 5889
4288 1733
9863 2533
6901 2165
8847 9932
3113 5673
5510 15
7673 252
3885 5632
1563 389
5141 8151
5652 502
7648 4494
8358 392
5130 1949
1772 5238
6180 6773
8290 8263
5717 4979
4714 3799
7998 1339
3014 7701
4776 681
6428 1306
1536 1558
7767 6343
663 1335
7649 547
6284 9083
6727 4004
258 6918
7745 8519
6251 8094
4528 56
1209 6896
1752 572
2791 4776
3753 7571
4095 6707
2678 3129
485 1227
3132 99
2585 4018
9823 7816
9809 3732
7946 1227
5015 6292
308 7521
5858 771
743 1653
6228 1767
4955 4718
2152 2512
4507 6437
1279 6604
598 2604
9342 4944
704 7024
2663 2430
4557 423
5559 1974
1982 7807
4908 277
2059 2406
9490 4140
2521 92
7908 1155
4550 2815
4472 5305
5104 5608
7714 7270
4546 4419
8748 1340
5847 2340
4765 1223
138 3446
7357 2059
3935 4311
3786 4914
8960 6100
2650 8921
8128 5442
1953 3934
9065 3034
8898 9688
732 5232
8296 1140
8676 2735
3429 3253
7359 6612
3487 4219
2232 1021
4863 6353
5709 8913
23 5047
6667 2592
3057 1699
6706 241
8695 3223
4822 4733
8899 2944
1052 911
70 8894
264 830
3234 117
8725 4123
7136 2129
6999 2865
5045 5254
2359 6784
5677 2629
846 5531
8951 5438
4458 6465
9394 5564
636 7899
3324 923
9822 2075
6031 2615
6319 5971
9756 3677
4586 1626
8171 7573
3080 7899
2599 5808
9894 1299
4742 3626
7187 5084
1770 4235
4993 9142
8858 684
9133 2285
3547 4735
5215 1269
9343 1581
292 5104
4429 6881
3946 8253
4454 7277
2927 1199
2529 7321
7033 2229
8837 4116
9014 3676
8019 8953
2062 3249
8885 4422
5569 6011
5167 6371
874 2939
9330 6751
6939 748
2936 5638
4973 1760
7341 2362
2565 1880
8027 4437
8500 4031
3859 985
8771 3306
7682 8902
1064 8476
9107 2278
8946 9723
811 9324
5874 8278
4324 6004
1155 3453
3573 2110
3999 9121
2365 3699
5925 3696
9598 1938
6707 8780
7128 9173
1866 3348
7468 798
6099 6360
3143 4968
6979 3003
1237 3984
5738 5643
7177 9395
2747 4404
5627 6302
7769 1447
8071 2705
8775 9752
8877 5535
1280 7322
9945 5657
2831 7028
9128 4559
2218 6410
3054 8726
34 5468
5319 4906
9804 324
509 2051
3907 4023
8198 3415
4869 2705
242 9454
7804 3358
4055 4020
3333 2047
5445 3471
2992 6731
7834 8682
7783 7871
3874 7074
6582 3905
9205 5219
8772 843
7043 7822
9400 509
1427 442
8360 245
4958 2516
4949 8147
5066 9925
2148 9352
4629 1285
7342 9026
2274 1458
7762 2858
9189 4462
3218 7805
3384 9625
2839 3521
3511 76
4060 6571
2470 1431
462 2286
7005 888
5404 9001
8187 255
5728 310
5766 1471
4893 9747
9459 8403
2394 5047
8869 9932
9716 5169
9301 3034
961 9454
5890 7395
8856 4437
7618 7268
2445 5635
3129 3706
7351 845
6749 3465
378 3014
704 3007
1612 132
5798 6913
7460 4050
6423 9510
9066 9686
6260 2339
6345 5123
8484 6516
3339 8194
7722 9757
3962 4884
7852 3395
2811 6234
9715 3800
4621 1031
7851 9623
6297 9476
8714 8511
2689 2574
8204 8531
1225 9995
7359 9582
1030 2104
3973 4380
1566 3019
2508 8043
9974 92
9042 8878
872 6237
9822 9106
5539 8117
6489 305
8665 6278
4260 9214
1916 7641
4521 7507
2459 5356
4492 3550
9264 1074
9915 5393
6436 1834
9657 911
2308 9271
2261 1407
4620 5333
6739 6620
241 7121
8522 6538
963 4535
6223 2552
4049 1200
4310 5096
6706 2543
7232 8760
6071 6809
4016 3894
6407 6842
5713 6214
4639 7939
2070 554
9105 3354
3390 7805
3149 6779
2859 9636
5924 6895
1792 9751
526 8629
9308 5338
1255 8092
4790 5716
624 9659
8243 1947
1905 8291
1827 426
828 8396
9789 7843
2353 8966
1697 8551
4172 9795
6985 6085
6440 2258
8725 1843
3414 3039
258 5602
4384 2572
989 9608
1818 2370
2378 4481
9710 7663
3628 2100
263 2196
2101 6362
3003 3506
9217 5943
2609 2043
9530 2253
1408 7877
8981 1318
4642 8917
8964 2356
3780 4642
8592 4801
5182 7067
1011 2478
5111 7175
7265 4448
2389 1637
1351 5944
8963 4257
7486 5843
8281 7692
9401 1572
7421 7344
7451 7552
8551 6370
7794 8735
1269 7852
9426 5786
5823 9879
1108 6493
3900 9617
1801 4540
1976 3118
3073 5830
9951 5569
6098 6912
788 8777
2043 7133
5503 1058
7360 134
3307 4331
6097 8029
7606 2124
2425 5505
6571 681
8461 9369
8368 1199
597 4159
8523 6199
5853 9481
755 4114
6426 5138
6335 4799
7134 7356
2881 3900
409 1683
8584 6629
6581 8012
5668 6637
4353 6678
3201 9094
7610 3232
4692 7405
1369 9285
713 2963
8534 3824
9926 6895
4554 8163
1614 7557
5686 6433
2403 9041
8135 4969
1129 4766
5945 4248
4469 6122
4923 7768
5962 234
3273 1644
4647 6316
9788 6228
2830 4836
5068 6700
7645 2010
2954 5319
6262 4084
8910 562
3564 9419
4233 2813
5846 8510
3016 2316
2112 2587
2670 1271
1888 4887
5309 2661
6919 3937
188 8035
672 1985
7187 9632
3855 3710
4868 3431
1813 7948
8321 4649
7654 4643
9169 7135
8912 6263
7063 724
28 7595
3568 8658
6117 1990
4765 272
8741 6377
1626 9943
8975 8886
8374 2753
2580 7890
6627 4815
3679 451
4888 1472
7945 9830
7291 448
6392 2004
7832 4164
5942 3580
5660 7389
6516 867
3684 3311
9727 582
9687 7577
1726 8421
357 8624
5881 8096
3391 5843
9916 933
4294 7007
1731 2999
8320 308
6167 3932
4352 7105
1692 7606
8045 1589
6088 3429
7105 23
4280 9248
9086 9441
6198 2378
3515 5174
1953 8047
381 6973
3396 1919
1235 5429
5323 7800
4933 4200
248 5165
5179 5832
5032 162
8288 3356
6590 1969
152 9164
5346 914
4647 9297
4015 54
4346 7157
3395 8588
4628 3726
2709 9421
5197 3389
8206 4368
5101 7777
6385 415
4948 43
9261 7518
4755 4583
457 6477
830 1730
4713 4893
9606 4777
9734 442
3392 3212
8425 4208
9266 3647
6962 1604
1559 2689
4931 2769
2655 9130
7641 3223
4893 7406
7213 7151
3468 5888
9381 3512
7177 7205
5295 7094
5480 3882
4585 8320
5236 2682
9857 1930
1091 8370
4663 5200
8164 3907
1338 9051
8828 9065
9053 7649
7262 7061
243 3889
1258 6648
1827 6920
1415 6354
2709 9778
7936 611
7612 199
4496 951
7179 3561
9352 5647
410 7931
6784 8443
4514 6367
7177 3932
7053 1323
4548 3286
8148 3555
7532 2952
8320 4091
4341 3173
6497 5905
330 1991
5205 2653
6452 4377
4481 6119
5226 4751
3185 3383
5194 9713
7464 2319
2054 2204
655 5150
7863 7189
4312 1355
3772 6863
7637 1540
1291 8902
3947 1964
1986 1024
8815 7472
6124 743
815 8414
8550 430
2911 8803
8247 5686
2734 2298
1203 3188
3566 3033
3940 8055
1859 2736
3950 1726
9631 2568
6249 1539
2593 7687
7923 3758
7378 1116
1829 8820
2921 6636
4502 288
7637 9747
3346 686
8946 2044
4118 2270
7880 7872
9719 9289
9629 1673
6840 7399
802 6904
3002 9119
1804 9824
2480 2639
8314 514
9326 1888
7714 3755
1357 6018
9340 8643
3164 1352
5720 7950
964 5722
5436 9219
8306 2594
989 3414
8595 6157
388 7323
6279 5553
4790 993
4884 6668
799 5898
4424 2143
1123 8801
8664 9055
7688 7606
9624 6094
7085 8459
8634 2363
8559 3889
6525 9945
6703 8722
2140 7994
8828 7013
9553 6242
6223 9364
1998 3048
8506 5925
5490 309
7329 456
8915 4845
1098 9740
8636 4052
132 5948
2639 6684
7363 1169
6864 2650
2091 921
5251 5449
4156 7511
7167 8042
444 3255
1271 7113
4016 4406
5163 2381
2385 1562
3906 5966
8369 2537
7616 2613
8182 806
2301 7146
4439 383
1171 898
8161 8376
1551 5883
7948 6929
3610 6303
2504 949
1692 8058
5603 8446
7768 9922
7323 9420
8434 2050
7535 3867
7834 8744
6366 7658
1285 812
2344 7340
268 6672
4319 2020
7543 248
411 2377
256 1215
1387 3840
3949 2053
9018 6030
2740 7061
2254 1468
1550 3451
5990 4397
8515 8576
2230 1199
2339 1745
2067 8305
3158 7909
101 4668
6877 1754
3587 9382
6188 8508
5455 7743
3104 515
4759 3905
1962 1479
1165 5005
723 3015
9558 1203
1841 7735
602 9879
1825 1109
3108 1085
4192 6344
1848 8760
3179 3787
5936 9929
4604 9454
8643 8845
559 5828
9037 9439
9321 4349
438 406
4631 4213
5666 4780
3199 6638
1389 3395
8124 7578
4557 3939
6598 1266
3332 124
6360 1778
8781 4707
2698 3892
6301 3083
7985 5979
9760 4030
1143 2184
2599 3014
4223 9412
1072 1247
9214 2354
716 9268
1052 3046
8683 6851
5637 658
9090 4696
9764 3763
2317 4398
1467 8417
9523 343
9151 4273
3966 6581
1373 2593
4329 1463
3042 5313
9117 7474
9544 8785
9777 9903
370 5645
1302 7579
169 473
5539 6121
1501 6652
3604 8185
6535 3285
4192 534
6102 5081
3018 862
1378 1798
9163 8933
4232 7187
3210 3713
9120 6689
377 6877
2366 5118
16 882
2195 1729
3296 676
4392 9452
338 4486
1270 2431
471 21
6240 9799
5658 8608
5472 1115
1617 590
7675 7521
3740 5427
646 163
8299 1446
1868 5918
5138 1190
7664 7632
1594 6844
9870 93
5948 304
9759 4585
8238 520
7437 201
3077 1906
93 2425
9905 4633
9338 4103
7953 6757
3424 9657
261 4539
8142 299
6266 6195
9419 8880
6782 2587
6218 7138
5376 1243
3584 7937
8262 1425
6869 2954
8268 7200
1329 6375
3319 5212
4106 5658
9789 7631
9971 3293
4964 8716
9983 4730
4546 2291
4427 9505
3611 113
178 9476
1888 6407
7444 9030
975 2410
317 940
6415 8356
1394 167
9108 567
5037 2772
4922 745
2106 3000
5353 2027
436 8312
7342 4292
4224 7264
7889 2259
8689 5072
6849 7063
9909 8843
7861 802
4702 4512
9677 3522
1667 9194
2729 1865
1646 5312
5958 5459
6376 8717
4341 8393
7141 7994
1492 7379
5613 1205
1269 2055
2326 7565
6870 6942
3705 3248
9207 378
7564 7969
9985 5587
6430 3440
4530 5366
8128 4909
7914 9124
3174 9979
8630 5559
9851 3565
2520 9259
6235 4368
1290 4703
41 130
5120 4678
497 5465
8247 3714
3354 6874
4521 866
8853 7539
1107 9610
6953 191
5915 5132
3020 614
7234 7845
4002 4712
6687 3228
7185 39
1259 5895
2067 1797
7751 8386
4072 6624
9382 3926
497 7184
9098 3011
4413 5458
5214 8254
4451 1904
4902 5033
8355 8654
3933 1475
3329 7721
4550 113
5404 1033
9460 1176
5237 300
9640 5910
3927 8346
6097 5901
4133 8018
4246 6929
9788 8855
6772 7296
3491 5458
7461 8769
4395 9440
5334 9390
285 6620
7471 3578
3082 8415
9767 2314
7771 3542
8810 375
8579 4042
5099 9336
9620 6551
2619 6713
7493 6438
4417 1062
510 1513
3679 3838
7189 9167
1720 7762
6856 620
3581 3877
9139 4686
3607 3923
6100 2067
7100 2008
6904 6864
2476 2143
7405 35
3256 1685
1734 4905
750 2003
8306 6061
4487 6906
5323 6906
8229 6336
3086 6781
9007 3739
4411 6556
4904 6998
1207 2494
1898 6194
350 3353
136 6409
1284 8969
9937 9316
9119 9652
5437 7109
3639 1024
2581 6553
8499 7054
8397 254
3257 5907
1796 7070
8789 525
508 1252
8290 5339
6508 3058
1247 4320
5421 455
7763 561
6494 8718
9817 6147
1127 3272
8751 6180
8590 8166
2275 6147
98 6527
3666 6877
3916 7571
9840 9801
298 8723
1169 4098
8799 7225
1395 5299
9397 8191
7912 9588
5934 6244
4528 9309
6916 6726
7774 934
2156 9503
2532 3123
3711 5636
4062 5024
6609 803
3406 7091
1075 4378
2516 8746
3781 3893
4938 2886
683 4494
2465 9085
6674 9498
5142 464
752 474
6479 2739
1461 4794
9218 4231
6113 4287
8024 2981
3979 945
4487 9524
4484 5738
9486 6156
2466 3396
5883 4567
9293 2267
9700 7551
4129 6691
4523 2833
20 9501
7900 9397
1800 9107
4425 87
4616 1564
1636 3700
9909 6531
2878 5315
3985 597
2276 3982
9006 7589
2366 3311
1536 9190
8795 9265
3904 3795
8024 1215
4220 6507
84 6291
9401 1280
3881 8768
4220 1332
526 7098
2941 1892
5406 9709
1766 6379
4637 2934
7920 6929
6056 4669
5855 4492
6914 1967
539 6442
2389 459
5621 7666
939 2305
4229 3765
5082 9192
1489 2589
1488 1736
7885 538
9793 2071
7258 6474
2344 4692
9950 6617
4156 620
8783 1071
9961 9652
8353 4603
2892 5298
7073 9087
5335 411
662 8047
8482 2073
3647 3958
2534 5748
908 8505
5926 3252
2664 9706
5577 3097
4912 9608
1117 4918
7443 6848
3329 4818
7023 2227
8688 7813
5949 6434
9340 6707
2831 6717
5255 288
4796 4114
2725 4327
6495 6135
9150 5240
5052 395
758 7431
543 8030
1945 8089
1708 8529
4955 9004
2328 5302
7757 9119
7087 1132
6404 7016
557 7672
1348 5212
1975 9789
6127 199
4712 5769
4914 9546
9855 1534
6025 4048
4836 4104
9333 8204
1657 4890
9105 8201
3845 2206
4984 1607
8783 1215
7486 2341
282 8141
2614 5557
6405 6190
4402 7064
8706 6048
4366 5237
2897 1191
8719 4434
624 2350
8104 5091
5956 366
9839 1449
6748 5659
5020 6342
511 1752
9871 6705
6401 7314
8225 8517
4251 8121
2357 2062
8930 973
6348 1399
4638 4453
9091 9055
8822 422
6976 3700
5824 2534
3646 2451
1182 335
7032 9133
2234 5501
7820 6418
9283 532
2427 1062
9187 4733
7777 2854
866 9343
82 9775
9390 6909
3251 7105
3843 8196
4639 9918
1408 9487
4204 2253
7213 9642
9275 6099
8918 4820
3075 1774
107 7622
164 7557
8294 2647
9464 7254
1724 640
3287 3659
5979 7040
4146 8108
9374 4772
1940 4188
3070 6539
3099 1706
2300 69
6624 6552
7713 8676
1303 4642
5255 2831
4799 3360
422 4101
3013 3643
2895 1081
9416 9377
4512 9075
9245 6296
2956 9952
7543 5393
8855 423
3736 9762
4601 984
5802 8928
8649 5531
4619 7032
285 1862
7790 4367
9070 5473
6633 8130
7821 9632
2616 6292
2566 6722
1376 7882
4427 2510
9199 4496
3210 2851
6971 9255
367 1286
7350 4287
4380 2165
4780 5201
5004 6719
2922 9147
7202 3541
2743 6880
8304 842
705 3738
8924 6419
8461 4396
7033 1465
10 458
9444 9364
1266 6850
5325 4853
5646 3273
9527 4333
5561 9474
9566 8501
8769 3691
5069 2658
2601 1611
1548 4084
9531 6268
8309 8871
9078 1404
3418 7141
4836 5921
9200 7034
1530 9878
6549 6258
133 4185
3030 1595
4467 1358
8976 524
4286 4437
3554 6172
4631 4857
3904 9555
6720 2900
6980 6321
7095 5228
7639 5805
4458 1469
2374 8713
3466 9475
7099 5448
2922 9983
1421 4291
3202 2412
6778 8464
9299 3787
6496 5284
9597 643
3998 6734
6789 7244
5344 6493
2118 9675
8763 2121
4954 345
9037 8260
9859 5697
2259 6420
4569 199
3351 7884
127 3648
8892 1628
3717 1399
731 6191
6815 3904
7473 5772
2926 4464
5425 4322
5254 5437
3403 7880
2512 9589
3054 3162
6962 3496
1890 6015
1651 2819
504 6960
876 8801
7193 1826
5526 5374
7050 4947
172 1348
8009 3589
49 504
8593 8538
4150 2857
2409 5093
8774 4632
4831 9570
1315 975
8075 3741
4723 5585
9150 7331
6162 4205
8565 4028
7623 7962
6417 4794
9373 3473
9591 3254
6515 2547
8045 6721
8858 3678
1646 9739
606 7632
5604 9781
7715 4129
2162 3396
2903 9508
9873 6810
4362 6531
8864 3151
1248 8034
7047 5163
6408 7481
5841 6115
3283 1561
3372 9610
5204 3259
3027 6835
4912 8921
6508 6781
49 4334
1277 4910
2825 6798
1441 721
2375 4944
321 6804
2897 3220
3759 7871
8829 4108
7423 5952
471 6231
4450 6887
8378 1506
2430 8843
5461 2023
5086 8346
4468 9151
3501 8993
8216 3942
6856 1658
8723 1563
5369 8265
936 6910
9864 9291
7504 7544
5039 4935
7645 8555
5181 6345
8220 1855
5514 6588
7947 1525
551 7767
6461 7768
1323 2328
8449 3197
748 9979
7621 5066
446 780
8740 3671
7807 3003
2480 1189
6871 4937
2699 7150
7332 7902
7604 1435
3299 3027
666 7485
2021 3132
5735 2772
9724 6141
4090 7406
6021 734
5568 2600
4836 9745
9037 380
8291 2853
9050 3294
8225 5242
1676 7497
9809 4449
8826 3395
400 4907
1408 4197
3167 7816
9921 1796
4208 9920
7573 7127
8317 37
6062 1432
4481 8198
1367 9290
811 6264
312 2179
3112 9784
3624 1060
2113 4954
1979 1663
4306 2255
9819 2323
8751 5768
1843 8628
1841 3707
128 7828
39 4321
3335 2627
1541 648
3700 360
6536 6561
2063 6419
3590 3937
5462 4570
4922 7732
6008 1370
5614 2354
9416 5054
6376 2936
7888 6269
286 3758
7192 4217
7792 2249
3472 4968
1909 796
6274 8145
1764 1936
6334 7105
7713 9557
6184 5743
4968 1879
1377 4810
6861 3382
9762 225
3105 9704
8726 9467
5477 9479
6105 862
6698 9006
8912 3504
1290 9568
8752 349
1793 2548
6045 7880
4949 7077
9448 1437
1339 7620
6430 333
1541 5798
3291 9546
4143 5529
3972 2692
1453 4367
7902 5693
3147 2390
8046 1969
1591 4624
574 1317
860 5521
5998 7760
6587 8365
4316 7459
6445 7667
675 5237
4490 5913
9441 697
5512 4720
1385 60
3490 2414
7183 2671
8453 7417
9479 8267
5782 2850
8398 9385
282 7988
5192 7933
2523 5937
7607 6790
1160 4165
248 9506
7852 4957
2029 1006
705 4367
7843 3578
2846 5160
3782 3106
9537 7360
5630 2934
8184 9990
1271 7204
8051 9323
8253 1380
9155 5545
3582 2377
298 3775
9907 4318
9221 587
7040 9652
3892 6528
35 5294
4947 6754
2748 43
1364 9747
7032 9935
3738 3058
188 639
7519 6001
2249 607
9614 7993
6513 9117
5867 5179
6166 102
1533 9915
7218 2037
7925 9037
8586 5164
8844 4044
7782 5967
4895 2140
5889 2578
8834 4576
4162 6270
8380 8056
8380 3217
4112 4245
310 968
3416 6964
613 5060
6708 3227
2530 4604
4733 9718
3829 4380
3899 8167
7474 5549
3692 9316
452 9047
9595 9806
4483 6654
7099 3763
9917 6011
1922 8241
4793 6330
5836 1362
9939 61
3314 7080
2349 7131
2652 5632
7301 2992
4530 5075
1019 9069
5803 4719
5992 922
4452 3446
6352 1825
3931 487
442 951
9406 7823
2497 7427
6759 4043
9234 99
9571 4118
2440 6949
1949 9719
5715 10000
7687 2529
7371 4987
1570 7875
8159 1926
2480 1009
1512 3052
2083 7908
3434 184
1161 8358
6108 628
3224 5112
1477 7830
5290 1042
8452 8526
3291 306
7431 4572
8700 6266
3145 962
5482 3324
2396 545
2744 2747
5798 5883
536 8373
8094 7581
4631 3555
7463 4839
1012 9283
1087 4760
8327 7895
3924 8408
6568 622
7216 8602
8281 450
9483 7927
2620 7472
7016 3634
1583 5975
1799 1283
3649 9472
448 3363
2653 3131
7780 5074
7959 6638
8998 6371
8819 8695
6657 4312
1420 1217
1637 3883
3224 1883
8791 2557
6666 7446
6581 9747
9750 2802
2760 1398
8706 3396
6494 6150
9887 9914
3817 7399
4392 6030
4437 5657
5964 1970
5598 2570
1728 3923
3230 1100
3279 4969
3239 1795
3931 6248
3224 7263
2555 376
7485 5070
2175 6685
2670 1700
6931 2569
5800 289
5502 8853
1207 658
5783 5227
712 7121
9893 4256
4064 6824
1782 1943
5801 4016
4309 7786
2181 4455
1176 6283
8656 8924
3547 5490
8327 8877
1923 9723
3294 5050
4607 65
6813 6337
9346 5006
9289 8158
3511 1584
2840 4774
9195 8458
3391 8719
1757 6762
7592 8048
735 6255
8970 8529
3350 5038
3569 2647
4795 926
2974 164
8072 9935
3823 7609
9150 881
2496 2455
1381 3625
8507 7895
2013 52
5368 6107
7372 297
756 2562
4611 2023
3840 9176
3950 4084
7335 1746
3649 3387
6028 9782
6247 9765
9951 7508
6605 5174
3254 6174
2805 1857
3308 5832
5914 4931
7360 3123
8359 3169
920 2865
4050 1104
3689 2197
8894 1244
9317 3787
6620 8794
9044 6389
7446 5537
5917 3919
1835 9324
4098 625
9348 5565
2038 3055
9301 3591
5301 3029
7540 292
9324 7659
7718 9822
6884 2356
5715 6886
7501 7270
8706 6071
7153 6963
3645 4441
800 293
1782 9903
3310 7368
17 444
5808 7946
782 3634
5612 3853
5439 6242
6231 5231
4590 4997
7021 8836
6426 15
2770 3311
835 3178
4583 5077
2430 437
650 9425
1283 8120
2726 730
8619 4954
3280 507
1825 9826
7738 6946
1951 4807
2120 3695
1671 7530
8692 8138
9732 5646
9552 3278
8329 4467
6420 844
7957 2328
7705 6119
286 2060
9049 5598
1420 1616
3706 7502
6179 9325
5100 6410
611 5221
2108 1489
1396 9172
7374 659
6844 4066
6590 5613
1584 3222
5300 9223
8957 6109
8344 4474
3730 9339
4296 2445
6783 3189
1307 3200
6275 7040
6309 530
3278 9849
9953 1689
330 6227
9471 9035
3870 9556
284 6135
2622 2988
3734 2785
5925 2796
48 7719
2040 8236
4065 3533
2181 9301
7105 3713
2034 4799
6516 4728
9834 9129
2869 5153
2674 6678
5221 5299
1956 3439
3593 5219
5904 6073
6923 9260
1482 6006
5897 6716
3735 1288
9404 3687
3478 3582
8272 5054
2264 5519
7240 2387
8607 3275
8221 8050
9586 2944
4754 2973
8464 6358
2094 1354
6461 4891
8083 175
1362 6517
2623 2520
9272 9159
7378 5514
8743 958
3929 5921
8877 7733
1394 7711
7159 9502
672 6817
7753 4176
3366 2643
1811 7599
5500 3688
8281 9623
4384 2976
8334 4248
2669 1497
8013 5545
3199 8745
1020 8914
3109 6552
1475 7212
602 6872
2580 3226
5158 6376
8877 1561
8205 2220
7599 3169
8456 1478
7547 6277
4423 2589
9603 303
889 4713
1758 384
8197 2022
7275 924
596 639
1567 6006
8144 1541
5439 8504
6729 1386
5049 179
7518 1718
5423 7231
7463 195
4081 2989
4327 2374
763 713
5458 5745
9835 3903
294 3927
2317 6639
8007 1499
7408 4452
8650 6970
9857 6274
6429 6607
8738 5628
6798 7426
5309 9194
5414 9912
1440 2410
8598 5936
6042 7116
3406 3280
8170 5935
9838 4435
7396 3275
4336 5091
7365 8759
852 5385
1667 3633
8685 5613
4323 1011
4823 4527
5101 5408
2026 3849
7 8159
8803 6985
938 7943
7726 138
771 465
4309 89
8116 202
7379 6259
8846 7765
257 3258
2176 8193
8090 3862
7274 2628
3474 1094
7083 4428
2935 5425
8398 1626
3247 4036
6229 6994
9350 3939
512 8822
3442 7625
8361 712
5073 9317
3941 9778
8857 310
861 9164
5951 5858
1307 6995
4859 5404
2002 5303
8572 3346
8007 9475
2168 116
1758 4635
9916 2766
1210 7832
3188 6151
8650 4013
4399 2392
1 3283
1301 5939
2943 4619
1251 5638
3334 9226
1960 2160
7879 8197
3539 6600
8354 1648
8454 9030
8105 9340
3717 4939
3471 5634
2489 4321
3449 2340
3056 6897
1075 8865
3368 2836
171 4790
5116 1475
5297 4672
9314 5146
2229 1102
9061 824
7246 5759
7056 7643
7755 8549
1614 4575
8181 3584
9110 1425
8068 4846
8079 381
766 1663
7132 5806
9623 357
4818 3570
1683 3606
6495 5825
6479 4235
4886 1260
8742 5169
7865 9861
149 7711
832 8758
2325 3665
4960 6074
8692 811
7579 138
706 8340
6488 1477
3242 6791
4076 7795
4660 4301
8981 7817
167 806
2324 401
4983 621
2424 1692
8876 6773
1954 8053
6307 7222
4399 9013
5857 9204
3488 5226
6124 6135
989 5400
9504 947
4518 3210
7197 5057
7161 8622
2806 7460
9805 2042
1425 3201
4909 684
4241 5562
7246 2061
9944 6431
586 9697
1059 5838
6342 8234
8709 672
7853 3515
8993 3793
6554 9703
8147 8131
9249 644
1052 3516
75 7797
1078 1975
8681 672
7483 5330
5749 3593
3485 14
8774 6260
3299 9645
5074 7176
8134 7607
8104 6933
8262 2546
531 9467
4378 8398
43 688
1861 6083
2657 2197
172 4284
4520 8996
1795 7754
8418 8749
5953 664
2985 2687
9374 6422
8641 1116
1561 1595
3855 501
6793 1058
2790 5431
5728 3119
3642 4514
5090 6519
3713 2889
7217 5582
4939 5331
6989 7042
215 6531
529 7702
2197 7915
4198 5482
9875 3650
1820 3499
4381 1574
9576 8463
1250 2075
5547 1019
9818 3815
95 6982
1083 1035
2705 5388
7902 9861
8155 9672
2462 502
7856 9837
463 2360
332 7488
2570 237
8857 9126
7790 9182
2732 3098
5635 455
7498 4727
9419 9944
4307 4116
8322 1256
4785 9203
7229 6216
2619 7112
6348 7761
3870 8263
2055 7085
117 8591
3177 130
9093 1562
3273 7888
1902 3007
5674 8285
2096 4001
9688 2405
8430 6716
2993 3407
6075 4185
3269 4221
7444 3793
4411 3002
1745 2363
807 6921
5072 4301
5721 890
1124 1563
6032 744
2491 9605
3785 7454
9393 7573
8376 3250
1490 6679
1774 3560
6799 5310
4830 4968
105 3491
7500 8443
8344 9189
7379 9020
4553 4548
4825 5394
1414 167
9212 1953
7452 1984
4489 5316
1571 5673
844 4822
1493 4896
1192 1728
5584 2212
7885 9178
1120 4060
5892 1409
7092 8836
3231 6716
9635 4213
6483 5673
7311 2434
9902 4644
3900 361
2016 8956
1447 7180
1978 2446
1111 5269
5045 6550
5170 9410
815 8513
4746 3664
2976 9680
2207 8518
1979 8791
9159 3459
6263 1530
9989 5747
5942 5983
6095 5225
564 6429
5925 9745
4903 952
4565 7697
7168 4006
8759 9307
8577 3545
6982 9565
8887 4810
7667 310
2533 9388
3437 6989
3420 2606
2078 8238
3779 1735
2472 1720
9926 8084
8335 1222
7390 790
4748 7590
7417 9891
4503 9313
9644 8939
3263 351
3961 6445
7046 5578
9185 4811
7708 6567
9599 1162
4253 7982
6746 1549
3006 5523
9937 4993
8030 5220
4628 7169
3832 5950
8766 5877
4791 4595
8295 7274
6856 6750
8916 9690
3252 7736
398 1850
6955 530
9290 9748
6614 7032
6738 1199
931 4535
7791 2761
937 9464
789 9936
1812 2518
4493 8307
2271 3445
2663 8186
4058 17
9127 8915
1021 318
5162 8230
321 1231
672 4223
4277 4433
9540 924
96 900
1787 7749
305 8103
7787 4374
5969 9608
180 6601
5551 1522
8799 7516
6299 7269
1190 3625
7051 6086
9155 6829
5749 5341
2108 4898
2369 6237
8024 7871
365 2159
53 5733
5192 6465
6712 2990
2561 3075
3687 5764
8090 3034
8500 17
1800 5726
9522 1544
5679 6663
9679 903
7997 2508
2921 8576
1542 8124
3021 8681
1104 2029
7563 6232
3325 3960
9368 5734
1890 9016
4221 6646
4806 265
1225 4950
320 4352
64 8057
6 4898
9800 3984
3019 4570
5831 4361
9638 1219
8600 8727
9432 5373
7769 3932
3742 3532
6872 8908
4554 9920
9906 3105
4363 696
7222 8875
7707 5539
7266 5851
7970 5394
6566 9495
3638 3529
938 9280
1254 7824
6612 6385
5504 2929
6549 775
5075 9555
2481 8708
1279 6424
3819 9738
187 2547
676 1663
26 3876
2624 3399
6365 1098
933 8637
1161 2041
6191 974
1503 1107
7801 478
6197 8205
3498 9239
8098 1817
5064 1513
4370 7765
4886 2992
3615 1371
3972 3215
7035 7206
3226 4953
6810 773
2142 4129
4229 2978
154 6705
8851 2991
3045 3482
9567 4586
3218 9143
8911 9140
5746 9378
2045 6360
2406 9183
1214 9080
8530 4666
3659 247
4259 1124
9409 408
8622 4420
8342 5181
5760 9350
9301 8883
4169 9750
7048 3001
7830 9428
2912 5767
7876 3949
1236 6955
4159 6610
8489 7686
6902 991
3007 5832
8574 6010
9649 8661
9060 5425
1636 8595
7179 6461
1681 4499
6965 9594
3988 4819
2425 8568
2009 5947
926 6822
1006 8807
7417 2101
2411 9733
4842 9727
8189 3728
5447 9612
8515 8485
2230 9750
5681 9307
2113 9586
5311 4396
4101 1374
6321 8352
4975 9911
3691 6030
2594 9331
2667 3712
8790 4252
4289 2029
7267 4757
887 8556
9825 7905
1085 5727
3394 3793
1286 7380
1122 6351
429 6043
7035 4972
3601 2155
2438 9417
644 5495
5325 4488
2613 1940
2716 312
9607 7457
3004 5024
395 6288
8000 8108
3706 9508
3921 6121
675 1451
1745 747
6939 8717
7242 9267
619 5960
9447 8364
3121 1059
9579 718
1135 6875
2775 8481
8247 590
7433 9671
3310 3560
3451 1683
966 5437
6152 1955
8835 4690
25 6023
6607 2468
3582 96
4667 9578
1322 8589
326 6784
7580 7129
8680 1650
1869 2166
6769 2022
9790 7109
9409 6071
3766 8784
7832 5869
9847 449
6206 5604
7445 2976
8122 9135
5341 6657
164 9113
1546 6520
5753 2796
6296 9414
7255 1093
2236 7913
2528 7881
7968 1726
5400 7300
947 7035
901 3174
4887 808
3932 4939
9555 5652
104 1240
1334 2001
7193 7977
8858 9777
5042 3161
3104 3057
9782 3614
6044 1579
7002 699
3122 1202
6816 5285
4400 4277
6855 9599
4828 943
3415 7673
721 7862
6474 119
4179 432
7154 3732
8199 3479
3131 4301
7989 6674
9454 6302
7729 187
7581 2983
9372 3458
7626 4682
186 3748
1989 569
209 3544
7972 624
9242 6679
2316 2076
2697 4568
7303 5386
4051 8263
1193 9384
3250 7088
3248 34
7990 7749
2634 5595
7689 9144
2 1578
9553 6598
4173 5475
2289 9340
1007 377
4787 5792
794 220
3244 798
4105 9572
8403 2498
258 5506
2148 1843
1594 5637
5934 7577
5554 5011
2000 4466
4541 5530
7614 6281
7039 4827
8052 7559
3705 7072
5007 9837
5034 2467
8184 3196
3743 2925
2468 9594
55 2617
8392 5192
8092 3277
3630 2487
3331 4085
4045 4661
9198 5402
2486 5072
7229 8600
1321 2812
6771 4233
7499 6750
1102 2160
7408 9547
8010 3229
4771 4446
5610 721
9897 3870
2905 292
506 1062
2284 9858
4508 3145
8768 6440
4908 9720
3485 1365
9154 3012
6047 8338
4636 6283
1661 8943
7387 3004
2375 6711
6149 8928
6936 5523
4583 945
698 1036
1057 888
7488 3029
4698 5582
3915 2169
7862 7122
6404 5723
6813 3444
4136 7509
9973 3404
847 5676
6785 4052
1458 1863
8489 3945
3490 5584
1252 8175
6919 4063
2226 7380
4534 7989
3767 5924
6933 209
112 5905
9436 3046
9448 6590
6659 7388
1139 5665
9956 6220
3386 7406
2095 6206
8866 2551
6288 8845
3440 7821
4644 5764
1231 2331
2235 4996
6911 8820
21 6712
9743 9317
3046 3218
958 8400
5656 3114
8116 299
2989 3083
4555 3817
1058 399
8698 2546
2485 8349
4516 5125
1843 2293
8584 1859
2505 2266
479 220
2855 3870
4503 1651
2740 8563
5432 6982
8403 5335
7223 448
2610 3155
4968 7157
2753 6544
2670 9919
4977 8070
7946 7199
2538 6812
7499 8550
2702 1561
4264 3518
4336 2544
337 9880
5375 4417
5493 9166
4897 8608
6995 7910
2667 5742
779 7296
3746 6140
2754 4939
7438 7927
488 12
823 8764
4491 8342
3654 4972
11 56
2702 4916
3187 8804
4911 48
398 1508
5123 1482
5526 8932
5667 2093
9900 5764
1323 6238
9466 5944
6480 5126
2025 8529
8402 5804
6250 1233
3271 8432
8164 8134
7014 7326
4354 3332
2156 7171
8328 3082
5284 7651
5662 4829
9150 7037
8639 5787
1628 1546
3514 9675
9163 6037
7059 6155
2011 6630
9902 8595
3896 4102
7289 4741
1122 112
6076 1664
9553 333
2723 2953
6066 4440
7917 9343
1970 2860
2331 3226
3732 1742
7682 6075
3807 3965
1336 6143
6267 2779
3632 1648
5757 8176
1407 4908
2536 102
9136 6846
3893 6066
8408 8878
5088 86
3726 1753
2561 9539
5110 7536
9355 2919
9453 392
4078 7748
9 9362
9830 6060
4149 4299
3074 6813
239 3653
7201 8843
2423 7968
8287 3842
6517 4229
3602 3055
1954 6600
7102 520
5994 2063
5677 7707
5398 8654
1082 42
9875 1997
8331 9939
5669 744
3747 916
8895 3773
3565 2984
9392 2612
3168 1240
6213 9866
9292 1001
5489 295
6312 8818
9950 207
5395 7697
3001 5565
2659 5859
7158 7553
4965 4786
5665 947
4397 7711
8460 5924
1905 9022
4910 2278
4227 3271
1219 8529
9222 5939
4304 6504
9603 7327
7185 5302
613 4137
5262 1572
7857 7768
3644 6420
1125 6075
5439 5778
8224 4492
8985 3727
2182 1457
2700 7638
718 772
2468 2072
3899 439
412 7790
417 4232
1780 6574
6450 1356
8464 3235
6742 4864
2892 9633
7992 4794
8618 1014
3151 8670
8518 6856
870 7194
4492 6479
8706 9065
7083 6730
9497 1667
261 7504
345 85
2961 3334
2828 3960
4760 8384
3572 1039
5367 4824
2930 5348
4268 7795
5986 8450
4291 5106
3795 6159
7674 7404
2231 3330
456 6728
8257 9866
7962 5040
7257 2924
1251 2516
5448 5800
4303 4632
9586 1763
4249 3202
2389 1052
5113 7451
7555 3299
547 6531
6052 9134
6740 1894
5380 4624
2915 8687
4115 8782
579 9224
1184 4315
9743 2709
9311 7202
9362 9549
3268 5220
70 9120
752 2502
3448 6623
4807 1524
4704 9508
9620 417
323 9083
3395 4592
3718 5636
7235 6908
208 6949
3069 6591
4071 6760
595 3004
3514 3372
1036 9437
8413 6603
8912 1274
8097 1585
5197 4025
7288 5998
9909 6127
6556 5123
2425 9163
9142 9180
4738 1611
9763 3576
8597 7267
5011 5974
4618 8167
6810 1909
7854 5653
2049 8794
9188 3057
5915 4363
9533 6511
7898 5106
1193 990
9607 4931
4348 8701
8375 7686
2408 1268
3132 8901
2410 1911
4750 4244
9006 1684
441 1839
6329 6374
7508 5871
2923 7415
6826 1231
9510 2350
2044 9065
5303 1519
1596 5706
3596 1702
1430 1673
2155 3125
9046 6664
5230 5490
2688 4208
4309 1141
2116 4022
8443 9367
5732 6850
9232 2384
8737 4795
1090 6305
5218 5229
7354 5909
242 9240
7491 5916
6429 5811
5687 7487
278 6454
6856 3604
3487 6129
9534 6424
9203 4834
1799 180
9170 4591
328 1374
851 8150
5336 5870
4629 2416
4538 5231
331 2116
8188 2348
1826 7968
8425 6948
2384 301
5436 3524
5573 7634
330 6333
9484 8329
1451 1083
8858 4522
3476 4881
8834 7827
2888 5984
5641 3428
8980 1384
6880 3692
5125 875
5799 8925
6756 1120
87 1256
7038 1658
9819 2481
2491 4214
799 5208
28 8815
7880 4783
7066 6685
84 9292
3024 6916
9929 2623
1030 5147
1371 3126
2746 2602
5455 6703
4036 4681
4001 2759
1789 8224
5451 8789
8720 2103
3046 1823
3466 5749
6186 9889
9797 7024
4033 770
2816 1695
8905 2186
8248 266
26 9376
4678 4757
9943 9572
7313 8576
6770 7622
4773 8368
6171 6738
5884 4009
3216 2069
9551 215
9823 8794
2347 5375
8231 3389
5512 6121
6952 6463
145 9496
4112 8972
9173 7860
7733 1759
7796 6070
5565 6777
6029 4737
8204 9293
6388 1608
4516 500
8293 4657
3509 6699
5020 9180
302 6833
9586 6876
1278 4714
4520 3175
3890 5669
903 2479
4768 1922
6503 1994
4902 5168
226 7627
9294 5445
9997 6791
5309 2290
2736 1852
4063 252
8170 8681
3187 4895
6796 7392
1333 293
6783 6922
8280 8490
546 7062
536 3539
991 9862
8537 8095
9139 2869
7282 1148
4703 4437
9624 6124
6711 6320
8716 6269
8639 254
9521 5269
8472 8751
9186 569
9857 2595
6115 5205
5060 442
2569 4585
1239 6024
9620 9892
6928 2967
9164 7981
3252 1592
7252 2279
2360 2983
9639 9980
2748 7291
1931 4088
9001 3016
3932 9581
146 9882
8758 7626
840 6408
3878 9801
9954 2196
4465 2231
387 8628
5149 5829
2813 6961
5326 3069
1866 2671
1783 5877
9448 2463
2793 7045
3857 4375
5879 1904
7329 2265
8664 7687
3327 560
948 2240
4161 8993
5147 7670
9912 8068
7290 116
2554 9585
4781 7006
4228 759
991 6078
9079 2972
5870 7501
3438 1988
9431 1348
3563 471
8652 3895
8478 4171
8162 2207
319 4540
1381 6095
2538 3942
9413 2349
2221 8360
911 1443
8318 3713
5923 4510
2180 3184
6833 8840
4161 7982
6091 5488
725 8231
3004 49
2144 7223
539 9017
4379 1054
8063 7961
7795 1812
2693 4601
16 6450
4888 3270
1378 5192
8053 5123
1894 2708
4981 6720
3094 5978
1769 1537
9006 2860
7038 3304
7842 6261
4332 4099
3990 5600
5781 6528
9893 1974
887 5771
3784 4485
4879 6429
7226 8603
6380 9500
9002 9672
2204 6065
9376 2782
7157 817
2184 422
8189 5641
8978 9343
677 5472
8282 433
9206 5686
6615 332
4657 6382
8736 6366
1428 3677
8666 4205
696 7995
594 3848
4440 6784
2786 1803
2186 9941
1161 8035
7782 9497
8457 3815
2368 5165
4659 6914
3924 6681
2155 7625
8114 9552
8054 8419
3581 2221
1111 3328
2395 6820
2448 4722
6794 9237
5133 6978
1461 8427
3976 1218
3468 6445
7285 9928
8281 2102
9407 7925
7627 1692
5830 842
6624 158
5981 3665
6887 1972
9152 499
7238 4678
6828 8666
758 9092
4852 4648
2813 7866
5342 166
8941 1065
3697 3288
7510 9449
889 4025
7403 1216
9046 4934
7120 7119
8697 2989
5944 1814
8648 2199
4126 379
3127 503
8962 5112
8258 5478
9845 2928
2668 8555
3404 3369
5488 366
7161 2182
1803 7316
1748 7822
5245 7298
7897 5793
5402 341
6817 9440
7809 9513
6022 1794
2920 7005
3384 7566
7554 893
5249 6441
4113 7745
8220 4227
4879 2611
9375 997
1052 8054
6369 7459
5475 9974
9024 5144
8958 8631
6783 3808
414 9154
2033 6820
941 3294
9803 7118
5961 9297
8679 7735
8648 1682
9006 9494
2283 1572
7008 651
2191 8278
6702 3884
9334 2182
7370 4424
5282 961
9727 563
1328 3406
2346 6521
9118 3353
97 74
4565 5665
1158 9432
7050 1433
3260 7102
674 5252
1700 3910
3609 8728
268 9336
6378 8488
2573 4124
3874 8922
3113 5672
3019 2625
4758 9562
453 3426
7250 2340
753 5281
9070 4694
1813 7028
5604 8936
6455 5197
2008 716
530 2186
2043 9650
9637 4355
6500 7674
2202 9540
7710 8331
8032 8985
2015 72
3555 9355
2808 187
3833 1384
1380 8488
6622 8863
4034 9615
2728 8849
8879 8279
7183 7421
5381 1479
1649 8288
3760 1868
5054 5617
4365 8172
3019 6065
6835 8824
4463 8705
7131 7602
3586 4908
6526 925
4118 8527
5540 3523
8931 3817
3223 5364
7095 6598
4764 6863
3794 2810
8116 4308
5840 1048
6871 685
8901 945
35 1930
4001 477
8800 7
169 6232
2935 259
9393 3914
6642 2627
9690 2920
3522 193
9421 5614
1483 1457
5777 2022
4947 9674
6725 2982
561 8617
8773 3426
7394 7314
5133 8109
2511 5953
3312 7419
9696 8565
2830 4469
1330 1108
2057 7062
4143 2182
1492 6793
7050 7012
6848 4731
923 4613
7127 191
7682 8141
452 6126
6382 4331
1 2700
696 5411
9947 7486
6958 3429
8349 1238
2599 7811
1110 4069
5995 3322
593 3628
8479 271
7921 8978
788 7546
537 1332
5017 2139
7913 1773
9528 8194
9496 9995
7826 3505
9689 3343
3751 6834
4453 3415
485 1816
9752 7020
4869 9690
8912 8670
1202 5251
1576 5579
492 4944
58 3899
7063 5368
7196 2082
3482 7772
5460 5299
5033 7021
7266 255
9026 693
4875 4260
4745 9709
8654 9613
5783 94
4627 410
2457 9637
2502 3304
9221 5919
9168 43
2564 620
8632 7109
488 1354
2077 4560
2768 6426
8395 1737
4918 9908
5458 3723
9371 120
8920 207
1438 8263
292 2587
5062 4186
7058 3710
3850 8126
4382 8103
1954 4606
3719 7547
710 2301
6222 9406
555 1209
3400 8861
8254 9931
192 2132
7182 5974
7368 3183
1497 4247
8227 6724
3681 6416
2487 9573
5792 5329
8070 4878
7652 9574
1950 6204
1344 4489
5880 6821
1687 893
5993 3578
4895 9987
3002 804
1097 2299
2131 4054
3245 3653
1687 4864
1122 9959
7817 718
920 2749
7425 7214
3173 8835
3163 2425
4278 4824
2954 7577
6186 5920
9048 5558
1027 5054
5926 1189
1423 2930
5089 7636
5684 7170
6724 3535
899 6254
1762 3208
9409 5238
2488 7322
4822 104
2799 6434
2792 6929
9429 4467
2809 2529
8872 7945
8897 7353
9741 112
2026 1212
778 7509
7579 9812
3249 7746
7137 5541
2117 1084
724 7149
266 78
523 7537
6522 9044
4228 7895
5333 8863
1533 3070
2878 2991
4134 2348
879 7243
8216 4500
4656 6078
9164 2038
5497 7148
4401 5440
4679 7784
9818 6276
5386 1961
185 5563
9430 6848
4240 4013
1944 4845
6591 1324
9897 1213
1941 2387
6350 8293
2722 5690
3958 5565
3988 721
5831 8272
1027 9561
923 6602
401 9162
3036 5846
1399 7470
3315 4497
8594 9650
8482 7677
7000 3854
1245 4689
7726 6893
4837 749
3492 9536
7347 4261
6585 7310
8542 5688
6687 2468
2499 9090
989 926
8888 6889
5219 6301
9450 821
9820 2390
2605 5479
8795 7876
7170 8958
2079 3501
7275 3383
3394 2734
9691 2149
8160 5374
5463 715
5301 1026
8119 3489
5957 2397
7038 6712
5903 2914
2694 5282
4720 7603
4231 7145
7496 3930
4092 1876
2535 7869
1010 7634
4528 1902
6478 1896
6788 7502
6795 3257
255 2696
3798 7414
6452 6329
5805 9804
9584 3708
7435 8399
896 9808
1951 7119
7658 579
3761 182
2203 1162
8493 7052
9196 6404
1590 7670
3752 7040
1495 7744
4444 2228
8798 8175
5345 6707
9566 4601
2471 300
4761 8902
6371 8344
776 5308
5295 3157
1888 6937
6567 8138
4472 8598
6937 8042
8809 2931
3427 178
3605 4100
5168 3150
4594 8973
8369 7376
9210 3124
5879 6128
3558 361
1220 7544
9410 5021
5324 757
5070 9505
5926 1113
6415 278
7126 5732
5760 1297
7895 9825
5840 2413
5144 4920
5846 8340
129 4399
8900 8982
287 1282
8187 83
4444 1992
7317 5764
3095 8302
1620 318
5416 8579
9258 5401
3213 3544
6722 8250
4961 6634
9908 4032
6064 6275
3762 5201
7050 3534
8124 4706
1728 7051
7024 9542
3902 2616
3110 7711
3173 9842
9752 1038
6372 9312
3822 2364
1174 1752
4227 5748
7716 8387
9107 615
7626 9479
6662 7837
2574 910
1043 6161
9756 8676
5793 4235
4013 5092
2985 1008
9118 7288
4671 3036
977 9721
8197 465
5756 9314
2873 499
7774 7044
6078 2664
1313 3574
9632 7006
2167 3558
1416 4046
7346 3016
5849 5715
4725 5535
7227 8956
4097 2280
7845 8201
5847 624
578 8359
8489 1875
5976 5096
760 467
827 7552
5289 5660
1624 5489
4015 4555
809 1037
8994 5062
7866 7980
7481 9380
7409 5970
7301 2868
2545 774
1665 7300
1745 5508
9754 4285
2346 1087
2111 7232
7429 1330
1247 5522
8003 9425
2007 7571
4158 9371
6822 3093
1840 3242
3711 6244
7460 2399
4750 3930
8743 7768
3575 912
4965 3728
4885 3575
5515 660
9664 770
2913 9994
7922 1455
4194 8950
3980 3782
334 6966
5416 9237
6140 9805
3829 5860
4109 9707
4345 7499
6366 695
1900 9057
7436 2589
5629 1735
3675 145
1136 6902
2210 2462
4309 4557
3413 4283
6893 4459
1039 9971
7002 2301
7162 5286
4888 1516
9079 5942
5665 8581
8830 7272
7251 1318
6712 2174
5631 3129
708 9021
6543 4397
8544 2817
5238 4845
4298 9716
2309 8204
7994 8597
1316 9732
2696 2655
5452 9464
2984 3610
6090 647
8264 97
4623 7675
12 7399
9193 1704
6089 1639
9408 3983
5463 6897
4674 6177
648 1601
7375 8579
6472 9483
2930 8407
846 3471
9506 4476
2899 6854
98 1272
3218 5888
6020 1636
7135 7815
183 4426
5944 9141
3147 2211
6618 7231
5810 1223
1688 6890
2635 8992
8863 5281
9155 7974
8938 1802
6824 9220
3136 944
6301 6132
3875 7291
6777 9048
3251 4607
1254 7961
7208 6382
361 5785
5910 6956
1081 8998
3952 7764
2189 9659
2181 8357
2506 4859
9823 7787
397 1783
1984 7185
6722 7575
5742 9179
8075 646
8860 776
7265 1099
4233 8699
8463 4918
1889 6269
2502 1150
4721 4783
2618 2018
3825 8554
978 620
7086 4632
7207 6907
4108 7086
7292 1958
1847 432
9279 8397
4138 9881
9596 3272
3908 6326
7038 8856
1021 6422
6795 166
6376 4984
2699 387
210 4544
3235 9344
7940 2621
3085 6162
8177 5644
370 2713
569 3664
3718 3852
819 4264
3391 8275
9250 5945
9894 2632
3271 9566
3783 2854
4142 6507
6054 6707
9866 4261
5349 2822
3213 2087
7291 8021
6395 7750
5468 5041
7542 6811
2885 4276
8756 7261
964 6208
9823 8321
4029 151
5267 9072
3443 4930
1076 3498
1880 7496
3887 7969
2439 1863
3217 3377
1214 9852
3637 1426
2280 6086
2627 5498
4409 5574
7604 3895
7714 2614
2598 8579
7401 1595
2593 5757
8170 6920
7168 9321
6708 7774
6466 9362
3744 4631
3151 1494
5231 1257
7746 5236
5155 3622
3715 7554
4739 4351
4912 6303
7241 9168
1792 3041
4507 5989
6872 9342
4840 8496
9124 5362
1029 2956
5199 4398
216 936
2719 3984
8851 9097
3178 9045
7586 3497
3418 7490
3487 1921
9422 4688
8855 8558
7903 8182
1405 7861
1355 7706
3451 9155
6373 1885
7959 4368
1403 5652
8422 5151
3595 1798
9443 7883
2074 8534
3744 9433
8372 1337
3374 6340
9245 361
2290 3294
9997 441
7478 4953
3564 5766
6858 6307
6680 7957
1486 437
4016 623
6028 7451
6595 4097
47 4085
4396 9100
8069 4914
6632 8084
5865 9694
5555 2798
9363 8172
4249 3188
3893 2928
6565 2565
3824 695
3495 2346
1798 6282
7138 4040
925 9440
5043 8855
2176 2614
8526 5108
5912 568
5471 8481
9407 7678
3739 2651
9187 510
8673 3348
6676 4809
9486 6505
7690 3350
6635 6975
6303 525
9315 9243
7061 4544
5864 5916
6570 2560
4613 4128
2813 2583
8934 4308
3077 8306
529 6488
9363 9486
966 8235
2189 765
6904 2968
762 18
1427 3235
689 1354
9938 808
4573 709
1344 7241
9230 3284
4129 4911
1520 4412
6308 9778
3324 6732
1996 254
6539 6284
5066 7665
5502 1089
7603 932
270 7714
4829 3355
5365 8388
7668 9616
944 6872
3198 7524
7826 1121
2962 1060
5977 467
4461 576
8120 3510
6505 6016
7634 5865
3518 1396
287 8347
6036 1000
2161 6726
8373 3572
2463 2106
7350 1495
2703 1822
2114 5730
1670 7950
2556 4413
8922 2134
8419 5279
6527 1276
7068 990
5175 2373
960 1610
6657 6207
3110 8499
9551 3973
514 9748
9671 6005
9656 5177
8772 8807
8755 3276
8125 7050
4383 969
9803 8273
6465 5729
7289 5509
1396 9173
8572 7969
5507 1028
170 3799
4763 3148
7942 9769
9488 988
7663 5168
7914 6362
2854 5332
1933 4625
9003 9893
1332 1130
5747 2852
4571 8295
7022 5175
5348 2943
9203 2879
4884 7037
267 1058
9332 7565
8208 4666
9831 8617
2937 5908
766 4864
244 9743
2224 3782
1505 2157
8861 8360
6485 1040
9989 2678
261 6598
6196 5598
4588 6799
2374 6921
3359 829
9278 533
321 1009
4974 5707
6855 7039
4277 7103
2393 7412
4206 7023
8192 9873
5288 9658
8308 197
7689 4535
8557 4869
7076 2271
2738 7202
6097 8932
2548 7113
2246 2951
667 1661
532 631
4421 2930
6384 9884
6052 6683
8580 1821
5595 1627
2744 4293
8352 3357
6198 4517
7468 2999
8746 2951
2875 4747
3894 5915
4161 8988
9865 3628
176 8167
1031 5458
5035 1270
2667 2439
7351 7759
4067 6279
8583 1347
5233 2847
3088 7017
8636 4780
5674 1732
4109 3513
1 7360
4351 9194
7683 757
1493 1166
6361 161
440 7899
4867 9453
1117 9218
6460 4563
7398 8287
3871 7557
2135 1306
7777 8607
9017 6962
3674 2614
9551 8087
8177 1517
8093 617
843 7837
7696 6990
5497 176
3840 8404
9291 9937
1541 2955
5026 9728
5475 7859
3202 4360
4388 8480
6653 701
2784 2523
5796 5776
591 9270
3124 6062
8909 9561
5846 5478
4088 4648
5154 825
7256 8279
2845 8647
5966 2986
4421 6542
3643 9044
5900 4445
1277 3739
1131 8395
5722 6195
5773 5484
8431 4168
1776 8944
6138 9583
7706 4523
7138 86
1426 6117
171 8612
5866 9058
6852 59
3773 7451
9259 4643
5922 9538
7029 9061
7059 1542
928 383
1794 4641
2372 392
4742 8769
7960 9519
3172 5861
5393 6994
5135 7826
524 6447
6930 4086
1244 5284
6511 6072
9583 738
4769 379
7454 567
9699 3953
1227 2482
6271 4902
5162 9651
1044 3118
5984 8126
8234 7560
4183 5667
405 2942
3336 4234
6841 3416
9650 1726
967 7690
7823 1579
5346 4852
4566 6647
8903 3448
6765 5411
6866 4655
6520 4384
9427 4442
1213 7186
9934 6835
7134 7991
8095 3539
4913 2492
3135 2573
9370 4609
9856 7869
203 9476
509 3724
976 9992
4132 1128
7640 5600
7108 145
8396 511
3096 8941
6139 9169
3204 4387
5904 3856
2567 8489
5352 7378
6559 1923
6862 7416
9974 5817
9233 7199
7025 8859
4494 5332
8289 1157
1569 9788
3544 6361
9737 1800
7344 7299
3364 6872
761 9868
3448 2270
2020 7844
6441 763
4216 7105
3803 3380
1397 6623
2369 9600
466 9926
6233 5885
8990 2247
5747 6623
5954 9823
4225 1054
8510 4380
9505 8832
8798 7673
1572 4633
9729 7383
5423 4460
7350 8382
8844 4143
3788 3333
4985 8780
1131 9884
2011 3509
7448 4530
6198 8836
5951 8893
4640 9870
7588 1125
9084 4795
2651 2582
9394 932
5197 3347
8003 8748
4612 4414
3410 7351
6617 4120
8848 2955
2460 1575
376 4697
5653 9190
233 8450
2088 940
9370 4344
9321 3234
5923 8122
1693 6078
9924 1229
4905 2227
7490 6029
9221 9182
6125 749
2168 3921
5806 763
5290 8004
4917 7075
2922 9502
934 6510
5410 2261
3959 5826
7020 768
275 7013
8486 8860
9791 2110
3450 206
5513 4372
9601 258
1145 798
1660 9517
9955 1208
2648 4925
2654 9708
7850 1866
1308 1131
2791 4501
8737 6964
7153 7760
1952 9866
2531 8232
6086 9703
6569 4617
4065 4608
5611 8622
3461 5698
362 3911
6262 2322
3768 244
2964 2061
1251 8008
1628 6413
3180 8682
2549 6683
777 7811
8686 7685
2521 206
1905 2286
7154 1032
2841 5198
6829 7861
6326 4970
7770 9640
9560 8533
5938 7264
6555 3337
7594 2544
3295 8158
5036 3906
8465 3316
2513 2028
5069 8971
3859 5025
348 7767
8796 4204
7666 7436
9237 1401
6130 6041
5322 3978
4684 4553
808 3087
3445 3301
156 3623
7804 2589
4364 3631
3290 9081
2299 4350
4335 8211
6459 3021
3187 4673
8101 3616
4185 533
2634 1704
6464 3843
5061 6521
612 8251
9031 469
9646 9080
658 3672
5853 5160
6507 942
7979 6863
185 8118
9771 9455
4782 3512
5588 3860
7847 1871
3640 1989
7049 9325
1791 7496
7373 8830
5157 1218
6547 1785
6264 3040
2554 3049
9850 2119
9604 7599
9877 2098
1051 1111
3598 1746
925 8061
1973 450
9257 4896
3456 2596
5669 1893
9697 4698
1093 4207
4600 7282
1066 9557
773 1335
2954 5965
5591 7390
7502 6332
9335 5972
5232 9446
8599 3292
3041 8243
9623 4117
4716 2803
3946 2654
6652 9387
6317 5891
8798 5840
3746 3207
5885 1801
2729 3930
2444 1923
7001 3292
4259 7290
4352 2690
8710 9696
4004 9025
2242 2472
3999 6202
803 4962
4909 5185
3094 3190
1744 8724
2198 3554
7118 9250
9727 9980
4454 2540
868 8542
5950 9058
2338 4157
276 2577
2975 2972
8277 7006
6715 1723
4404 6567
7725 3769
4557 375
7557 6390
8249 6130
5329 8437
7386 3573
5655 6296
8261 6490
1494 1646
8292 4691
3082 2442
8586 7550
7465 4866
917 2827
9186 2004
3902 8986
8913 7117
6167 3381
71 8020
7800 5565
5737 803
6861 3315
5282 3966
6800 1590
1404 2476
9104 1173
4056 333
4593 6517
5343 758
9319 9084
5718 3456
8994 2530
6239 4690
4405 6754
2126 1324
7166 6592
9860 1592
4480 2413
461 8977
4617 3325
2493 3608
8541 6655
3974 2060
1641 8202
1691 8089
3316 7122
7049 5039
4559 8883
8291 1579
8995 9780
2526 8790
6193 5718
2163 5751
8513 4991
8902 8753
770 9605
1064 610
8411 6746
5486 5628
8219 7359
9593 4194
114 8558
6361 3537
2030 449
4490 8954
8900 1908
5844 805
7866 8104
5513 2086
6881 3850
38 1058
9003 4254
5709 7849
6695 2540
9054 5625
4305 2736
9687 5892
3620 8144
1404 6991
9588 1641
3028 1874
9843 243
8202 3406
3540 1161
4425 4908
9023 434
3536 2231
9215 8139
691 4516
3360 7013
4917 3146
1414 8080
5960 270
280 9109
5757 5697
962 5611
3039 5720
3843 6088
4991 4459
9996 6473
7496 8589
9927 735
7630 9264
4852 4274
9519 6920
5363 2708
2090 9387
8173 3375
5672 9314
3142 4561
4232 2932
5982 649
3796 6214
252 1375
987 9754
696 6714
4688 6688
1282 3821
4507 2258
4361 786
2759 9619
4721 96
4070 8501
644 9959
8220 3836
7621 2497
1040 6308
8185 3230
9636 490
1265 8817
8262 7214
5550 8655
4476 8512
1534 9806
9991 8304
1458 3309
7222 8749
2771 9908
57 4364
7691 8637
5525 508
5546 5635
6147 1715
7451 9210
7666 103
4509 1470
6373 1883
3490 448
2182 1738
6795 1961
3637 4092
3686 3449
2717 226
6157 4086
3697 6190
3828 3262
1742 5977
1588 300
3409 9674
7081 9749
2718 6975
4857 1310
9375 3296
8525 3052
8902 6757
4741 6192
2025 4196
1762 504
648 5986
6470 3352
2986 8217
2739 396
706 5544
3721 9575
2153 9229
952 2716
4373 4612
9365 5958
6193 2274
3253 2477
5152 9433
195 8232
1121 7381
807 4144
6403 2979
4204 8991
6601 8382
3200 751
3813 5232
7601 115
9324 6884
7536 7831
7799 177
4695 2195
6150 3237
9273 5205
5024 9011
6958 8236
150 8412
9131 412
5263 2943
9690 7807
6268 8476
5578 8059
4187 7768
8711 4152
3341 9394
3649 8043
9042 4004
3637 7620
1158 2852
6486 8070
7989 275
3264 38
1629 3980
8489 3227
9400 8209
8034 9839
8597 2818
9031 4377
4432 2687
9219 6483
4650 7121
5531 1612
3456 9661
4066 6
7442 3682
6650 7405
72 5776
6078 2071
6891 535
1083 1304
4054 7500
8880 8061
3118 1379
4139 3555
3036 7498
709 1732
8287 6868
3375 5691
7719 7343
5276 5591
6435 8250
8452 6355
2375 6387
8585 5143
6298 4924
7951 6465
9341 9223
3204 8813
8914 3267
6158 3048
192 7043
4132 6693
4558 555
9839 908
5051 1715
9346 6546
4484 5801
356 6958
1212 7090
5861 9723
1391 565
4752 150
8062 7938
204 5495
9078 8444
3362 3488
2052 570
7562 709
8665 1082
3110 768
2093 9954
2896 958
8700 2980
7402 6482
2458 4554
5559 5248
106 1929
4740 2253
5957 7442
3399 310
5922 9970
5234 1390
5832 44
3834 2983
324 7292
958 2519
1362 2656
7146 8745
5402 9462
4744 733
5211 6258
4873 7957
3618 4087
6593 5733
5153 6586
3279 797
9440 4107
9231 7726
9528 870
1831 1957
8698 1368
6214 987
660 7213
1429 8314
9562 5376
2209 5721
5115 3616
3216 3343
9443 2424
5750 3565
8280 8969
8653 1524
5039 8626
6776 2753
1129 8129
1796 8841
5335 4436
2768 8521
8555 190
2150 1744
5626 2014
9173 998
7577 2742
7310 1561
567 504
476 4946
4297 2258
2254 5846
5205 979
7034 5712
7152 7650
4847 2884
4497 6881
2766 222
6169 7848
2789 5839
996 9677
1770 2509
5520 2316
7994 165
2645 7520
6974 1521
6919 2950
5235 8987
3261 3057
8742 3940
1021 8397
6574 6506
2010 6380
8413 9988
5312 8651
9481 3818
9308 3173
9258 2176
4257 4880
8386 8565
3982 3117
741 5906
5998 14
7288 79
8183 2314
3295 482
3298 782
8310 1390
8771 1239
8153 5655
5039 6201
3276 7608
2642 6583
3957 2611
1709 6289
8122 1535
5599 178
932 9785
2513 5524
7822 7910
3059 2708
1901 8697
7236 6963
4629 8845
6154 1836
5148 1285
5674 1153
5207 7210
3594 4572
8138 4971
5477 1367
6873 563
3009 9889
344 4067
6334 6282
571 7284
4106 6595
1311 8270
1858 2331
750 2992
7862 2014
4648 3261
8781 8296
5361 6818
7762 1491
7519 6857
5753 1961
4951 5379
4867 5102
2762 2786
3861 6750
2485 5040
577 7829
9520 695
7662 4987
4089 7752
7733 8132
5129 6476
1364 3164
7354 6299
5297 3385
9709 2853
406 6887
1958 7557
4978 4930
5209 4109
4324 4764
6749 1504
8743 9424
274 2746
1256 5427
3178 9441
775 1593
1127 1114
7153 9415
7315 6266
266 2045
3543 6953
8075 795
4075 8818
2125 9001
8829 8167
5096 3659
8954 1463
2447 1009
6810 330
4665 5771
2751 1859
4364 9290
7986 2168
7228 7356
2801 5834
8615 4673
8949 4681
9570 2917
720 6525
3398 1272
3420 9760
9849 1331
6593 1349
2634 8987
3779 8413
7652 8350
9986 1332
4992 8697
6277 3239
921 6636
677 1184
719 9882
6498 3706
9399 5747
8467 287
7138 1279
1361 3730
1507 1861
4325 9601
357 2800
4091 1806
4266 6692
5736 4982
456 2047
5659 2584
2865 7811
4298 7119
9035 5491
1623 8481
5423 8840
1141 9834
6717 9140
1222 4445
7449 2787
5365 3400
6573 6608
4844 8383
8196 5481
3411 7551
347 159
9919 5452
4538 9455
6125 8300
1041 8959
3309 9102
9983 6574
755 361
3446 472
2730 8548
348 1017
7845 3120
5188 7619
2098 3600
2907 9093
6221 1336
2854 6494
5603 5090
7446 1710
133 1850
6549 9185
9942 3117
3805 7221
937 809
3441 9405
6152 7341
4863 6912
6121 9886
712 4935
9434 200
4848 2291
296 8667
7466 8810
4928 1677
2863 2011
9706 563
8269 1571
2804 7472
2157 9211
1035 9515
8668 5919
7371 6758
4253 8849
8687 7952
4282 328
6802 1838
771 4912
4015 643
7388 7877
9232 9242
6391 7412
8731 3348
6384 3912
1065 5827
9609 2906
2708 6780
6906 5277
152 5223
7551 9435
2335 1872
8912 5587
2871 6857
9646 4897
1624 2190
5834 4634
2156 7952
4612 6306
5603 5740
9740 1194
4522 9543
9149 6421
6536 1779
9405 665
7241 4068
1891 4360
3820 5103
3001 7671
8113 3892
7393 4046
2992 3336
3698 7204
1481 9791
6504 371
8766 7448
8484 8462
6599 281
1473 56
7798 4501
1547 7375
6636 9848
118 8350
5623 8487
9323 9168
108 3179
9674 5609
5185 7833
4990 7356
3137 5675
7282 7864
858 9573
8550 738
4955 4447
888 6168
4821 8116
6839 4011
7193 6985
3649 8077
7510 1899
3334 127
355 5634
3762 454
9685 9781
9359 4260
6829 6576
5528 8520
9909 9215
125 4816
9606 4225
3296 9928
8550 4537
1552 6320
6309 9246
5229 9406
4050 3667
42 5588
3160 6051
313 2556
5752 7694
4392 6187
2736 4599
8292 9559
7055 3172
6621 9146
1521 2883
6606 8720
9963 8041
5101 8792
8148 4535
1381 4577
4817 9386
1545 5610
4749 5397
1775 4589
7286 9103
5354 261
6379 9265
7618 8907
7101 593
8009 7651
7862 5786
5705 5671
65 9485
8645 1614
9218 7653
3746 2187
4625 710
2108 6944
1222 939
2530 8979
5265 6836
1092 2577
6996 128
7872 9458
924 5392
5203 8094
514 5624
286 1913
3400 5991
9776 2866
8389 4577
7130 5875
7272 6967
3594 1169
5304 3841
3338 8181
4102 6013
4254 8479
1654 8372
4444 1003
6403 1263
5799 2892
6138 3241
4198 6425
9922 9353
365 8425
1636 6608
1306 8030
1751 4284
3176 1435
4144 3658
6949 791
2019 2192
2399 9076
8059 9625
8121 1656
5661 4745
1369 3890
2608 7032
5794 6649
468 8438
5346 1110
6811 8599
8630 7958
8937 5009
7004 6455
8410 405
1661 1671
5115 7078
8720 6502
6283 1993
8052 829
2291 1506
9231 1642
6294 8748
8503 9751
7611 4312
4530 1510
1568 4756
7852 3512
9701 3099
6081 2323
8403 4622
5327 9258
5761 3102
7702 3584
5745 6907
7624 5219
6111 4169
5929 5827
9809 3160
7140 732
616 9485
1731 205
787 9701
4061 7553
5894 1259
6824 153
3577 2535
7721 6055
4783 1638
1795 6376
2246 7173
8135 6691
3818 5541
9269 1265
3207 4736
3812 6598
7107 1840
3742 1005
432 189
9463 8963
6136 1774
5100 4996
9910 529
2165 7377
3356 7430
461 8255
400 9301
9915 1861
3559 7767
5809 9498
5561 4932
1497 1812
7432 8550
4126 2757
7155 6820
8850 2901
8155 6310
6572 684
353 3285
595 1710
8212 3800
372 9906
8339 1528
6944 8546
5887 5022
1698 4015
3839 5844
6838 640
6421 7262
165 9254
8750 6089
1525 4620
6142 5691
4980 7283
4221 4828
3137 5365
2351 7213
8279 8695
1450 3497
8271 4446
7483 1916
2322 7650
4344 6249
1319 9602
297 3728
7079 3103
5805 7932
286 7536
9787 6527
8966 7601
2216 2872
4481 5371
726 6406
8146 353
1262 9562
7949 8509
6131 9603
5829 5473
3411 3844
1480 837
898 7246
4388 3462
5762 9966
4659 7162
6306 6304
220 3803
8952 7987
6348 2993
1259 6016
4773 2082
358 6924
289 9158
2421 8473
1241 1038
1490 1858
884 4408
3502 7467
7736 2503
4510 4122
7956 4412
9098 2410
5291 6930
8612 2178
4255 8
5035 4970
6741 2541
2049 9322
444 8001
5649 3429
4839 2395
7922 4119
3343 9105
1803 3306
593 4732
6042 3255
9411 2358
1765 3781
9503 6558
8002 1673
5027 7948
9368 4837
1070 2380
4154 5567
3549 6924
3336 5243
9829 1345
3906 7870
9318 1349
6174 4123
4035 7368
3102 5849
1159 6985
5222 7614
4980 9166
6412 1047
4872 8199
970 8718
8447 2188
9333 20
6109 6978
1327 2684
2422 7300
7052 3012
5049 3300
8959 3944
1442 855
9574 5030
5524 4210
21 2805
9601 7737
2361 7217
4205 4878
4165 5428
8144 419
9370 8323
767 4743
1978 8400
4147 8056
2136 2601
4133 9287
3236 6253
4153 5441
2087 9059
5413 4443
5960 4630
7739 1612
8811 4808
9241 9267
1887 162
4779 3627
3966 3679
8654 401
6770 2233
6653 6700
611 5019
6449 5430
6031 6637
5606 2669
7754 6185
3693 2183
1334 5755
5238 7304
6845 6178
4391 27
2460 4905
8543 6095
4793 7136
6355 6639
6383 9589
8392 7695
271 1957
5746 9646
4800 8927
4467 3374
9092 1073
8265 5418
8182 558
5968 5204
2261 2380
481 859
4127 7340
5112 3028
6658 5054
9588 280
2940 5740
2524 9726
4099 5875
8025 5806
3872 7059
5319 7475
8725 3408
5960 871
6737 7792
8941 7882
4550 7779
490 2700
632 52
139 7691
434 5018
1171 7087
9056 7958
3422 6555
140 5897
6544 548
1228 2341
4201 1236
4978 8377
3683 6359
5741 6907
5187 2342
29 1870
8863 8292
6899 1467
5628 7553
9544 8091
5513 1529
5451 1682
4695 2553
8983 7676
3989 8177
7680 2824
8879 2146
5571 5184
9540 7309
9112 3896
5851 6696
3400 6547
8150 1518
8211 6866
6160 7026
5946 7448
3655 4560
1824 5360
5370 8587
9692 3546
3352 2073
2778 1376
8366 6108
3734 6207
7434 9639
1476 9517
196 5081
3090 6322
3320 4531
7731 6157
144 8370
5178 6968
9631 4203
9396 7392
3662 357
5317 2811
4182 1486
9967 2660
5151 7582
4502 6482
2774 4036
574 3072
8678 9191
8821 9080
1185 668
6432 3264
4431 306
8452 8690
5005 1693
7062 3209
9849 4390
9181 7610
119 2434
5933 5705
5890 8147
834 4881
5195 5542
7386 9253
6743 6733
4626 1866
8212 1646
9958 3958
9093 7857
152 9330
4569 6295
669 2442
2937 3367
8471 8963
4818 4529
1764 2557
1001 9311
4705 765
9953 8773
4564 1350
3339 7575
6385 5524
1725 3456
5233 9852
7753 3232
1050 6492
9372 7458
9351 1829
3789 6317
20 694
3913 8534
433 9207
5996 1544
6250 7904
9031 6219
2243 9350
5711 1064
534 3929
4280 8097
4408 7340
5819 5136
5913 7802
1254 5803
4547 2281
7701 7336
4815 2423
8552 6934
3867 8312
272 7952
2869 592
6512 9422
2441 1363
4150 2856
6290 123
6814 1777
7622 1907
6535 5696
9360 5783
3247 6766
7161 915
6398 2451
3760 6291
4912 9281
2133 3835
7897 4866
5598 5009
1996 376
1810 6154
6710 6812
5553 2332
9508 604
2828 6033
6736 6541
9179 6253
4136 8601
8176 1537
166 8168
3392 2143
9766 7764
5988 7213
5616 2195
5459 1799
7698 3282
4011 5208
4541 5014
5641 4283
7279 5206
4191 6967
2977 1091
9854 5983
9815 9180
4110 531
36 369
4715 6132
3017 3968
8806 7401
3345 369
384 3915
2336 3732
4525 2544
6212 6961
7343 3975
3163 9628
5075 830
8237 4115
3356 1846
5472 1648
6362 8786
8930 6225
7374 9405
663 7842
2817 9083
3403 8228
6818 520
9577 4223
7717 1100
9161 7014
5189 9786
8533 3764
5521 2068
8863 6830
4710 3809
1195 5034
57 8332
2961 7008
4129 8089
9235 4986
5579 8561
251 4501
8085 3146
5731 5428
4265 4218
9241 9698
2857 6530
8957 9627
9160 1692
1699 7955
3188 1000
4121 5172
7403 2922
5533 2592
2772 653
8345 1906
6580 5861
6879 1512
5513 192
980 3109
2441 8462
2906 7976
297 1134
7156 1771
835 534
7084 8556
1397 1927
2866 1972
6494 5487
217 7325
1119 1478
8599 4854
5337 158
5552 2145
8721 3441
5411 6443
8825 7773
2459 9888
850 6642
9721 4435
1754 8756
3431 5364
862 5336
468 2074
5464 5932
5199 8292
7283 8466
9473 626
3682 842
4495 3485
1678 2812
6080 2955
384 8509
8483 4431
4416 9981
4471 3172
2490 61
4994 6120
4329 5119
373 3926
8583 3734
3717 5680
1635 5850
8827 2472
6471 363
418 6893
7293 2869
7084 5450
6480 1456
8777 7618
1386 7917
1157 8679
1892 5740
5441 2703
1791 1282
6803 2627
871 3421
4270 195
4759 2209
4663 8107
7827 8642
9036 2216
8884 8518
7041 6839
9691 2235
1950 7213
2056 7252
824 5538
218 4184
777 1063
4379 7697
2110 8944
1884 3148
4439 4319
6328 6707
4562 4900
1502 8983
2647 7348
576 1401
3422 2964
7492 5539
6977 9950
126 5014
3067 3435
4448 8750
5592 6860
3101 4497
6774 6248
4290 3055
1994 4830
2402 9353
6023 2270
8552 6601
4598 4764
4460 5826
881 8694
1445 2322
5194 3619
9401 6438
6101 6354
8965 1913
5873 4008
7537 2524
9744 6365
4999 8467
1679 1632
8763 4176
7977 9493
9668 2417
5592 9196
742 4566
3211 7703
4541 3875
3869 2088
3079 8775
5431 7867
364 3660
7392 2673
7725 122
136 6333
181 8238
2757 637
9367 1526
5913 9468
8627 2736
8064 9904
252 1928
405 4228
2163 1806
6396 9797
536 9171
4947 2841
1476 6050
9356 9773
2258 6025
122 1365
1055 8654
5745 9148
3981 4239
4942 9653
3033 2178
5952 3018
2542 4390
5793 6160
642 198
2308 4774
2193 8546
2620 1937
6878 5589
7503 3303
6518 4402
837 6324
7249 6464
6223 2438
5131 3748
8234 6290
9320 3640
8989 1557
9039 7120
1347 9946
1169 2066
2804 9699
4376 2137
3029 6557
453 3203
1423 5396
5770 8308
486 8443
6726 5231
734 9908
2046 6875
6406 5439
7596 8167
1962 5420
160 3617
9859 8259
8875 8288
3342 5716
8367 7302
9423 6051
4708 9037
9188 6120
4285 2724
8098 6404
839 4607
6026 8853
5374 6005
4998 7549
1619 6875
8348 8030
5944 1775
9603 7789
5446 44
3549 7446
5360 9610
8664 1096
3138 7742
9647 1521
8315 5324
2231 599
3384 6736
5133 9548
6354 1710
5985 1528
5276 7441
7412 4339
8528 3913
6725 4919
6409 3532
5285 457
1582 6544
1009 6287
1223 5340
352 7835
3032 6975
5605 2822
2790 9813
7287 6422
9836 5180
1605 3470
2586 3053
1293 4698
8073 2302
450 1568
7397 7415
1055 8661
5775 298
5856 1015
8393 6993
1320 7399
3592 6462
7570 3163
6170 6872
9361 4596
6909 7056
8870 2144
3588 2803
4992 7749
5722 7794
6951 1711
89 339
9575 2157
1877 9437
3469 6575
2292 9239
1685 1771
4457 3837
9768 9111
2728 155
2238 4093
7487 3108
5239 6165
4235 8614
4985 7123
1631 60
2105 3354
1633 6097
7983 2635
896 5083
3022 4471
5857 60
995 7914
7578 7513
7656 8689
8436 8071
7334 4181
2609 3955
7684 7775
5931 3608
4753 8136
833 8958
1308 8188
8717 4493
3406 5293
6633 2354
2998 9840
6639 519
5689 9713
7110 4108
8630 8945
6536 2677
6327 8972
2251 6180
8198 7538
1761 2600
1462 6719
1096 6331
1372 121
7773 6196
5621 8741
7592 344
5041 4809
9210 4041
3655 288
6899 2056
8929 8726
9606 151
9710 9874
6692 830
7470 8787
6834 6652
640 4217
5359 2279
6786 9904
2695 3987
894 9592
8244 6216
2034 8409
6372 5127
9868 1211
1242 7573
9621 8687
1294 402
5850 2947
1196 2212
9651 5499
8439 5181
3699 5440
5242 467
651 5305
6888 8572
7874 5379
2604 4849
431 3649
5937 4778
3845 1711
8797 5283
3026 2592
7846 9781
2692 9564
4165 1948
9887 3489
3801 8751
3836 1531
577 3108
3020 3379
703 7741
6134 4998
9714 4996
4179 2882
7890 3737
9469 1492
2995 7415
4358 4757
9114 6288
1285 5048
2427 1249
51 5690
9411 6518
203 2574
6712 6068
2839 9028
1235 4511
357 8136
4213 4762
960 7333
7050 346
6530 1645
638 8657
5099 5310
6331 8252
7914 8065
354 1083
3297 3614
2893 5237
2812 7257
6879 6767
3845 820
1304 7965
498 3228
8066 8256
4397 6501
5494 6978
2423 4751
7685 3858
3963 1278
2333 4844
9188 9184
4021 6880
7023 5378
2959 6866
303 2901
7608 5660
356 879
9752 2266
8853 4364
1767 5456
8582 2293
9023 4850
7216 2382
7161 903
6106 206
671 927
4043 7552
1577 1800
780 4179
8249 1647
688 895
616 1727
156 6933
9949 4005
401 31
2251 8942
8491 670
7036 5605
5878 2788
1360 9811
8846 3967
2457 2640
1618 9593
9549 6241
4145 5859
5579 2344
9262 1617
9859 9828
3078 6025
7589 8039
2667 7181
7893 7556
5405 9898
2872 8667
484 829
610 8867
91 2378
5640 101
3531 9541
230 6597
7549 2555
529 7778
5187 5391
8613 645
4354 7349
1015 9835
3791 7449
5508 8625
4856 3613
8768 2237
8152 4868
6634 6824
1361 5878
299 6183
5275 6135
848 1739
1188 4240
3566 5296
1219 4605
757 8754
6745 3481
1786 5080
6866 5682
7027 3165
8429 5008
2607 2108
5625 8934
8016 9229
8951 7863
206 9009
874 2658
5532 4623
9015 1298
6152 7355
1418 6628
7440 3641
8319 6708
5528 7709
5653 5139
4254 2870
704 1917
575 9511
7345 8153
7441 527
9188 731
561 3685
1521 2409
1091 6664
2329 5708
3699 8326
4903 2244
1980 4208
9708 5607
7845 3673
7197 1825
230 350
8830 2576
7731 7295
168 3824
1934 6437
5516 4559
2750 5520
6858 1819
8211 8022
886 8404
6220 2191
7216 4350
3794 5058
5406 4433
7509 2672
7318 9681
7744 580
3909 4229
670 1833
8076 6515
4443 8866
1895 5040
9111 9734
3170 8152
5891 5860
1170 3705
8553 3785
6003 4935
1019 6958
955 7657
1606 6948
5758 2131
9292 424
3465 3222
4273 1041
1557 299
1878 9207
7495 3304
4787 3117
3837 5271
8507 3469
8836 5117
9061 4019
4513 743
1088 7821
1151 4931
6694 2569
5710 817
8200 5620
3376 6221
3736 3494
996 2130
5942 9499
3804 7346
3622 7460
4473 8673
1300 9094
9487 4167
3977 6194
9227 8593
654 4294
7247 2025
4389 3396
9529 3431
8195 9052
3710 3864
3349 497
7540 9088
7477 7699
9265 2794
8031 2671
1932 3521
430 2257
7456 3078
9810 6395
959 1736
1112 7655
643 5698
4308 9982
7600 4424
6212 1694
7889 5224
9130 8567
6163 7079
3271 8882
1144 7985
5184 3725
9249 5028
6309 3757
4174 3948
5409 1627
8966 7494
2658 9735
4685 4204
8814 7265
4561 5572
3524 6000
9981 7517
469 3401
6760 960
4798 7212
7545 7215
8430 236
1525 2558
3130 3373
3871 3587
5179 2450
4338 7935
1020 6938
120 1264
3365 344
5932 1690
1605 9420
1193 9047
6206 801
5406 7916
5757 5701
7681 6640
1728 404
7892 9926
9263 1914
4933 4394
1288 9987
4859 629
4415 1883
3008 5127
5807 7995
1436 6286
6169 8981
5082 8111
4645 4403
8433 2877
4062 55
8729 7145
503 2264
2959 3903
2710 7139
460 8434
3909 198
2135 2353
673 9549
4170 2117
7529 8205
4763 9136
2818 1112
8784 6402
4067 853
8484 4734
9161 3216
9136 8757
7764 3061
2225 8895
1810 7233
9880 1061
4238 5548
854 3520
7505 6831
1556 8283
4408 4841
8627 1383
7129 8052
7928 3787
7566 1444
4925 7746
1136 831
5566 8828
4313 915
9661 1881
6763 5988
9148 9968
4645 3502
5564 3551
9759 3688
4371 8836
3866 590
8 493
7824 8616
109 7415
2008 8571
2444 8178
8574 2847
2018 8539
125 3832
4243 3841
7800 7855
7271 6643
5023 9670
215 2923
7539 2982
3987 5627
8079 3402
8581 9541
5306 5727
1529 4385
7305 3571
4282 4172
2096 3612
3915 6226
1420 7314
5114 9297
4952 1243
6707 3037
7835 1270
6182 2418
517 658
9853 9069
8505 2219
1453 73
5433 8877
2876 1465
2287 8705
2823 9121
5465 4138
3317 5795
9145 9831
6164 6125
8784 8424
5985 574
5997 5556
7157 8577
743 4180
6952 8271
9540 4019
9416 307
3713 8341
4596 7060
2631 6121
6680 9885
2070 8014
7231 9563
1399 9457
5213 3890
2334 6797
6094 219
8660 5643
5345 2058
2393 4945
2004 5266
4338 6875
7911 1215
1168 5456
9661 6210
1406 8293
6453 4082
2894 4619
5443 7929
4441 7233
1662 8621
5033 4265
8662 5113
9366 1797
6087 4596
43 5596
195 3484
3356 2408
6143 7657
1215 8767
5602 7244
3932 5176
1621 5750
9200 2475
7878 2534
9811 6641
6118 580
9964 3942
5772 7704
2523 625
6444 6840
3464 5494
6631 8924
743 1809
2743 391
3219 9613
5418 2030
1078 2456
4091 3246
3663 8451
8578 5937
7074 9329
218 9871
3085 9123
6347 9027
8559 2215
9223 2352
6542 4587
6096 5358
304 3493
1224 3229
6721 1601
422 4709
302 661
2396 984
8387 5224
6578 8958
9553 2909
9599 892
5215 9869
9639 5772
6421 4658
7589 7505
7364 3111
3114 6233
6205 799
3281 1080
7195 2686
2223 2867
9285 1853
1292 219
9836 622
7903 1912
3411 3483
6143 7111
9803 826
3746 7327
9711 1554
6153 6246
2355 8264
2884 754
5333 1013
1864 8979
1762 8174
7318 4563
897 2468
8920 5264
1986 7523
5171 7857
9669 5698
9904 601
2720 4870
9172 810
4292 9247
8272 9327
3398 2141
6807 2722
3997 6916
6279 1179
7974 566
6043 8933
6953 7919
4680 3471
5889 9722
7337 2742
1971 723
562 6110
3710 9518
7773 5835
9391 912
1570 4242
9341 9525
8180 7598
7365 7160
9717 3407
2398 7366
9209 1444
7947 8470
2684 7810
9202 8110
9152 4125
3026 2723
2260 9385
4725 635
4222 8310
7707 9773
3445 2473
1080 6104
8634 9095
1509 9246
6639 1807
5182 4290
522 1099
9182 4181
3521 1464
2300 6750
8967 1112
5196 5787
5444 5508
9393 3526
2239 7434
3546 1837
1513 5390
4005 8256
9465 584
1434 1115
999 6642
5058 4896
5437 4257
5891 4333
1173 9641
9403 9408
8809 2783
7966 1955
8149 9133
7973 4858
4821 1221
4645 6276
4689 6009
394 5957
4000 5813
1632 976
7237 6282
7831 382
7128 457
8291 7534
1681 4199
6407 7030
863 2963
17 8919
682 1152
2966 9535
9893 9786
3152 2136
8974 3031
4116 4764
9168 1781
5127 30
4248 7220
7037 5650
4363 3969
5469 1041
2910 7673
1349 3617
3544 4775
8776 5048
3749 3314
7071 8152
2065 7572
8520 1142
1487 8150
6601 6589
3393 797
7178 487
4250 977
7776 474
8022 1705
4602 6965
7369 3404
7712 857
3229 4979
5179 7225
9972 6203
9034 4683
4384 3851
2627 2617
3462 3771
7996 3573
746 9026
540 7958
6941 2493
2285 7576
2958 1072
4648 5071
772 1402
684 8671
3912 5881
2297 1181
3480 2980
1586 1617
2514 4541
4788 6067
2024 2811
8827 8955
7867 5597
400 5893
3731 2327
4866 7367
6855 6203
2938 8545
336 5445
7918 3135
8728 9306
9392 7519
4610 2097
6943 7240
6363 4478
9717 2147
6363 9595
8086 9033
5296 3144
4110 8609
9199 4300
7891 8646
3084 777
2714 6715
2128 4510
6304 3300
6371 4802
5435 8010
7574 1488
7931 4075
9486 2997
6941 4190
6867 3437
3552 4838
2720 9934
6338 4086
9716 2281
9151 2933
9957 698
2019 1491
2171 6386
137 4819
9040 9285
7273 5731
4636 1897
4364 9913
5193 7729
9389 3296
7735 1484
4763 7163
5952 3810
3576 4407
6797 9279
801 2908
4669 5023
4054 627
5426 9557
9550 2242
5496 4880
8393 4792
3259 8266
6982 5863
4594 5065
1810 2948
2282 1396
8596 1448
652 3970
6637 7663
2065 3111
2265 3951
1116 8301
5443 9438
7207 2826
7548 4079
6992 2530
3558 869
5119 1790
8243 1204
572 3888
8793 8326
5833 9795
2548 2264
767 1922
8432 6927
856 2699
6894 5420
8815 1915
5930 2126
6587 2821
2417 9427
6579 1910
1608 5980
4150 1630
1657 6008
6399 4752
1527 9272
3378 2694
6752 4262
2426 460
283 9944
591 3528
9077 8346
1550 6853
645 3375
8765 3285
6564 3885
9138 3369
503 7593
6513 6448
32 6581
8129 8309
5312 6563
5202 8950
2965 9631
6950 811
4482 9674
7413 1720
7071 8026
8778 4785
2571 8780
8049 9589
3863 3112
8947 4267
7616 2017
785 855
5479 488
5794 3339
1674 2902
2109 8814
5768 2345
8576 327
3100 9939
9676 7860
9277 7597
4415 2428
8677 6052
1703 8176
9512 7005
7362 4627
3316 7385
5880 7999
3923 6787
8470 656
2641 6589
7973 9256
4431 3970
9933 7658
1939 9063
2430 1963
5087 3194
1861 2821
5059 2400
5483 8233
678 6089
6176 110
6435 764
8603 6240
8052 6092
4740 1625
5092 965
413 1608
8048 6069
7926 8381
4646 9446
6580 6370
7251 981
9957 2335
2103 4834
6940 1093
9894 4504
2904 952
159 9429
5682 4039
7220 9969
5699 8567
8620 9452
4902 5453
9937 27
7887 5132
454 2398
1093 1372
7299 3917
836 5413
4855 2227
2934 3756
3011 9824
5906 8524
9441 3556
9328 4990
2095 7031
6820 2829
6344 3141
143 8735
3405 8307
1736 8222
3703 227
8997 1997
8920 922
5461 8812
9993 7824
3920 7060
6940 8155
5963 6955
838 6935
5837 3298
1564 6625
7558 3824
139 600
6395 2689
7128 1553
2404 6110
2202 7210
5593 9217
2158 1736
2127 520
2087 1353
3146 2130
6758 1133
618 2677
956 7707
8303 1054
8422 5589
7389 3680
2816 4012
8397 8455
8248 1721
4927 7386
9536 9784
1221 3701
3935 8605
6223 6613
7472 9663
2533 1634
6533 1188
7542 4874
7094 8036
7248 484
9526 3683
8447 7408
4775 3095
9761 9299
8240 4462
4154 5524
3380 9480
1151 7484
7661 2534
8465 6755
679 8582
2184 2107
1375 9261
2455 1488
6285 5211
748 7271
1989 1714
919 8261
2522 8094
2330 9074
8468 6092
6743 3999
1548 1578
3550 3050
6522 9962
4488 1935
6962 2268
9019 2711
6144 7087
8156 2484
7825 5544
9133 5784
6123 8463
7135 3116
3300 9569
3668 8897
7617 9828
2201 495
2019 5274
4314 5083
7453 6063
5814 2908
1417 1957
6243 6346
5448 90
8514 5605
2973 4571
8293 1459
3406 4933
4946 7297
550 155
3432 8140
6357 1913
4940 3580
2815 8428
3806 7793
5465 2201
478 489
13 885
1273 3737
3335 5590
5108 3455
946 8963
315 8029
5517 7652
5072 4302
1942 7498
671 3530
8584 3716
226 3938
4037 2546
1860 3269
1622 1637
5815 6528
8129 6808
9345 4163
4308 7281
4077 6093
8270 2211
2383 468
9263 3991
722 4386
3041 9096
687 6373
6947 310
5929 532
2763 8218
480 945
1739 1017
549 2845
2005 9249
7324 2352
7614 5351
1206 7040
2583 7195
6411 5186
762 4455
141 3659
6020 8023
9226 2767
5271 7046
7672 8376
1668 4987
1613 9482
5642 1282
2401 5559
2343 9559
1780 3886
1475 1918
2012 6847
2207 3651
42 7103
7489 8422
5210 7688
8230 8040
1045 9550
8269 8276
5270 50
9550 8947
3858 9268
6584 7256
7700 73
146 5839
7528 9934
9345 9470
7576 737
2971 7238
814 2242
376 1466
5416 7209
2084 9752
3366 6073
9783 8142
224 4087
4280 8502
9872 5755
2480 841
4868 157
7857 351
541 6004
4083 3476
9982 3770
1597 8013
4007 7943
3076 5799
635 2295
1392 7679
1523 7366
8859 4654
8788 1933
6189 1789
3186 176
4799 5407
5260 3999
5079 9753
1111 8044
8926 9378
5003 3137
2654 3831
5556 9538
901 4826
8931 2483
1867 1771
1089 9513
2307 1174
6984 4957
2671 5056
4901 4236
5742 5560
3313 7769
5128 2774
3548 5443
5485 1650
691 7797
1920 6916
7278 7173
7144 1830
680 9745
1280 1056
8573 115
7123 4882
3901 9261
4832 4351
8336 265
793 5111
9674 2031
4693 6669
9349 47
6185 2064
5583 2236
5347 5553
4950 8968
3205 868
797 6832
6403 5524
7311 2644
3 6379
5063 3980
3354 3221
2304 2263
421 1187
3685 9730
6709 2935
3207 5868
9414 1659
5726 8115
8669 9155
5860 2515
3183 8223
6307 8672
3854 766
4148 2767
9674 6540
5667 3523
9790 4580
2122 2948
3163 2507
411 7515
3734 9174
9281 628
9974 891
7007 3431
2141 5403
1323 2469
2766 340
8535 7051
7312 5540
5822 1520
412 6986
990 9310
1090 4330
910 7642
1023 8823
4845 1234
7280 6335
2313 299
6457 7521
1126 4668
6665 3262
4984 2842
1701 8538
5607 5996
1902 3214
8425 6926
2089 1113
8939 2420
8823 9262
9500 9082
1073 4661
45 7158
6354 8028
9516 3618
4350 7785
6625 1769
9930 256
5791 5952
3991 7407
2864 6608
6037 8385
7018 4086
5412 2616
5622 9109
1735 4524
9977 5143
2208 6983
5280 2569
1784 3396
7585 4445
1066 1873
3695 2908
4817 8641
6359 8274
4651 3062
6034 9149
2194 4660
7786 2138
1560 8439
5263 9725
214 5085
6046 3408
3313 7907
9577 4057
5166 1075
5023 3427
2628 8284
3725 9545
683 7279
7802 7361
228 804
7418 3045
2419 1596
1452 2459
6965 4941
1154 3129
6215 1912
7480 9590
7737 2835
1881 5078
571 5236
9772 630
6583 725
2080 3370
4555 6311
5678 5137
5270 5368
739 5130
4724 7507
949 3411
1372 3995
6943 774
9553 4833
9942 5714
3217 4348
6195 213
9369 81
780 6300
1431 1859
4905 368
8881 8821
3718 6553
7977 2838
8650 4258
2264 8610
9339 5511
4876 8613
5454 7635
2347 6019
93 4929
7113 3031
3790 6612
6078 8562
7803 5492
1077 1987
9883 381
9307 77
2161 5906
3569 2575
3373 3184
6077 2600
2746 5896
8414 2776
4017 6081
6900 6509
9858 8922
7593 7259
7358 6816
2476 6267
6732 5927
2796 8325
5854 5098
5161 6873
1016 979
905 9809
6286 6321
5506 8297
8534 3954
5500 4080
3457 4428
8401 7545
3110 6209
5474 3749
2969 8060
2655 194
6748 9490
8363 6165
7057 9490
5790 2444
3694 7319
4272 158
3761 4480
6870 7896
174 9565
5536 176
1099 6243
8521 1400
4690 2662
1866 8838
7803 4597
6675 4295
6785 5140
7522 1530
9379 2696
5441 4526
911 9295
545 7699
1976 147
5217 1486
9651 3669
8575 749
1493 754
5714 3397
8448 7974
1050 2154
1683 9236
422 7808
1152 6368
9876 3361
1604 7219
622 5190
6394 3150
7944 2003
1046 2588
2080 714
9306 9478
4630 7784
6324 7472
1766 8123
513 4201
801 9592
8676 4356
6054 3636
2969 9214
6439 7336
5197 1460
1555 8511
9513 3802
3305 9300
4597 9132
4380 8038
5683 9759
7756 788
6487 1054
6103 6294
3956 3709
2683 8938
2630 6753
3547 4212
946 6246
1232 3411
1946 6751
5438 6903
24 5291
4981 9284
8670 2733
6397 1035
8716 6671
7384 1126
1828 1136
2603 4122
3433 6772
6368 6722
536 2250
3805 2185
5259 3518
6656 5485
260 7760
8734 1906
4804 8830
9207 6775
3432 5668
8730 5979
7464 7467
9999 3131
8743 1393
7420 9671
9019 6400
2987 1002
6552 7868
6779 447
3579 3532
4414 7294
7330 4653
4202 3852
4359 1089
6524 4238
6082 8702
8137 1130
9533 7444
5619 8347
9582 8554
4906 1346
1544 1511
4483 6761
7839 9996
7340 2386
7374 6027
3165 8081
8560 1470
4067 1454
684 4578
3562 9458
1873 7561
9154 4986
3319 7003
2474 1136
5527 648
8394 5177
1014 6646
2590 7448
4687 3683
2860 1655
1728 8935
3931 7307
4303 8663
5275 9062
8423 6598
1599 7654
9383 759
9665 6314
8461 9008
1749 429
6256 7936
3477 6847
3621 2762
311 9465
8330 8138
518 2751
9728 8208
3897 8404
1167 8517
1713 2321
354 8067
9076 6645
9929 647
1851 9737
1903 6943
5510 5010
2597 8409
873 7933
8216 9634
6040 8143
4475 5592
428 1566
9154 6318
7450 8795
8820 250
8744 2296
2050 588
1516 201
2649 4186
6057 3401
9638 3159
1672 5999
7570 2666
7114 7583
2527 2375
1719 9736
2947 7567
5872 4681
2970 484
1105 1946
5250 3765
149 6537
2646 8803
7399 9277
9749 9655
2222 9602
1145 2500
8808 4338
9296 3886
6685 6686
2960 9389
1342 470
4002 3430
8313 68
81 2665
381 2213
5788 8751
5642 1598
7628 3084
8020 1275
9888 6313
7516 8961
1156 7581
8086 3243
1756 4246
5324 8508
8691 7076
3733 2423
8854 3812
906 7065
8046 3597
2478 1446
5994 2988
4153 7693
4714 4899
329 197
5055 3178
6475 7195
8608 5417
7462 1125
3473 792
9750 5287
2636 143
5130 249
8667 1886
5940 470
2712 2538
9824 3583
7920 6467
3001 273
1925 8805
3081 9920
3730 9228
5725 8590
9976 5072
6273 3509
4269 3764
9896 5482
2061 314
6012 3190
5200 7967
4131 3134
4913 972
6801 3472
9123 9000
3086 5702
4689 6524
4894 1868
5483 7353
3517 7174
6321 9461
4430 1412
7818 3794
2464 6750
9266 2318
3388 8902
1281 1923
2217 3817
8964 2880
4921 3794
8160 1696
3657 4234
584 1147
2251 9940
8215 717
3040 5580
3092 5248
4 2685
5229 6532
97 5328
4601 9731
8314 7584
2869 4010
6001 9201
8770 6616
1331 8440
7138 7439
281 2525
1725 740
8873 3993
6988 4358
7723 8324
5476 1752
2945 3156
8703 294
2500 9282
9157 6709
7545 8133
5175 6038
9942 7391
1004 9279
1295 2363
8316 6847
9221 3778
4357 9348
8938 4533
7924 5962
6987 1473
3508 7622
402 7827
4128 5350
3882 9948
9626 4149
9110 6079
2765 1013
2320 525
909 8534
2948 9827
1157 9844
1580 2923
2559 1651
8623 6498
7997 5570
9967 5172
445 4483
2321 3484
9662 212
1118 6483
5886 6319
8381 5809
6967 877
1708 1312
4670 9064
149 4177
544 220
3553 6674
4595 2658
3986 5939
4586 2890
7730 1918
8127 3191
7124 7392
322 7471
1918 6619
3916 2452
5044 8054
3146 9402
2675 9559
5268 2570
7005 1514
7827 1439
9146 6449
3238 653
7262 2849
1864 2773
9832 7975
8668 8082
3827 8238
4726 2584
9493 9770
7707 1747
8761 1168
7020 7447
9949 9276
9436 9738
5649 5797
6682 1115
8275 6673
8805 1854
223 3092
2734 4237
10000 1309
3063 8283
9244 3846
7995 630
5818 3017
9056 8611
947 8923
9667 204
6740 4160
7647 557
2200 1466
9122 995
9660 6263
1938 4729
4328 705
7388 67
8168 5754
4366 253
783 1678
2432 6499
1474 9991
1821 187
1068 4466
8442 5187
5 9113
6577 1230
8034 7531
5212 3412
5820 4904
8215 3417
6545 4865
5648 496
7533 9774
311 6626
4680 2862
5842 9890
992 2429
2628 5694
6704 3024
1018 9781
100 8336
3840 883
2407 4367
8542 1587
7747 5478
4812 6214
2831 4676
5076 6920
7793 6827
2692 6932
2706 9921
9806 5959
9432 9208
1641 8298
7352 5420
2715 9391
5528 5767
8277 2737
2172 9464
4967 7237
4413 5973
9799 7806
5514 2273
407 1588
7597 6723
3234 8606
229 1262
242 4536
4943 212
1977 2975
1290 4141
907 1290
2579 3888
8699 5320
8364 4166
6614 2758
5108 246
8572 5816
8208 2681
6519 2036
9288 2664
991 6293
1152 4966
4765 3702
6315 8861
2433 9093
8948 7404
777 6690
2205 3739
2837 4936
3233 3514
5848 3381
78 1413
7356 5261
603 5848
4624 7382
4803 7201
1257 4988
1287 7193
5045 5648
2701 7276
5789 5405
3935 7841
769 2698
8492 317
3860 4342
7564 5001
7142 9005
700 629
3925 3755
5726 9682
2946 2099
9259 7260
6342 585
2312 5434
1988 5399
2096 7906
4233 2820
2245 7470
5955 2069
4400 3704
6017 6831
9445 2274
7099 1201
1755 3627
1115 6325
7568 1506
6578 1652
6933 4130
3969 6458
6217 8537
9960 3423
8704 9840
3472 262
7983 6843
4498 2005
8298 9305
3044 6732
5470 8454
1914 3225
5159 2348
3010 4857
8100 6213
2294 6892
2844 379
5183 7601
5618 5442
8436 6865
8078 9835
5278 5429
4534 63
8132 5670
413 8693
4456 2254
9643 7911
8378 633
2006 9029
5257 3613
2062 80
3171 9368
4144 711
5608 4279
1034 9411
1175 4014
8157 214
6490 954
4053 6081
6946 9101
573 1267
1461 6211
2763 3115
8176 2918
7930 8342
3964 594
7706 5321
1244 8011
5457 7946
9286 6007
1197 4544
1177 1256
6718 1131
7766 48
8601 4574
4706 2741
2891 6981
7734 6997
5803 5384
2539 5706
8927 1485
3065 1420
1164 3536
345 2630
9622 4981
5146 7646
2332 5700
6059 6367
5273 8418
7125 7486
9569 9089
6245 1815
8694 3153
5350 2312
5601 6928
8842 2135
7420 1149
5911 5436
1400 416
7239 7005
3064 7295
6272 4149
7106 5019
7164 5362
2949 3615
7373 1086
46 1165
8815 1498
5292 3928
8286 7070
5309 6252
