4 28
4 44
4 91
2 ch lcjjf
1 fuirjn 100
long bakspd
long z
int iydkk
byte mttwaas
byte zilvofw
byte asr
short bdzwcnbiqk
short up
long qiky
byte nh
byte kkppfogvh
short efw
byte ly
long jhvlhgz
int tlj
int qurhq
int yvitj
long u
long oo
byte uz
long o
int zehmvbduhd
short xrwajgmj
int tkhldcnyoe
short bprauxyjck
short gqwbrehdo
byte mwephxy
int hmoqxckox
int ir
int nkzedejwbl
long zjdt
int wddjw
byte joasztjpus
int cbtscnfdiy
long xb
int fzcqode
byte irpwnym
int jfvoxcdoxc
short quuvarch
byte son
long jj
int qmfts
byte ut
long wyvc
byte vbblj
byte ml
long tqhy
long gppnxvb
byte to
long agel
byte hrzeyvpty
short ohbojxftf
short wm
short sweam
int c
byte ruvuhzw
int nxspjj
byte bbqml
long o
int eorxao
int bfr
long swk
long arublfhqy
short nvv
int hyhck
int nlipeupdt
long jag
byte ymcij
int nmume
byte ptrdbf
short dhjfnf
short o
byte tvkrxb
short alj
long iuf
int taqr
long bnenffy
long xmupoh
long dnwqci
byte lmpxi
short ycdymfganh
short ummyp
long xp
int u
byte ru
int ypgkujcco
long xcbh
short saiwts
long xw
int wygdwq
int miqofx
byte o
int nxq
short o
long yngeonam
short aysxuhcz
int a
byte hb
int qupubxjw
byte o
2 flnpmd xhabewo
2 xbb rcjwpufif
4 7
2 jikbru mbwkba
2 ysagohndgz hxsyaonp
2 prhotwxr dase
2 hoaw tdyfmxvkb
2 vfk yst
2 gev fjg
1 sjzijkibml 100
short hzan
short k
short bmizfq
long jymroxaq
long pzw
short qmxrjz
long gywyrzpm
long pbgmwl
byte gbnyt
short njjil
long vd
long zt
long hn
short dxcjzrmt
long ypxijfax
long dguq
byte gkjyjoii
long bigq
long lcnyn
int pbrcuegpo
long vefvxeozpq
int t
int hvmiwl
int wunxvoumu
short e
int ldb
byte lwq
short mdut
short poragjpo
byte zm
long daxmlnkaw
short eesvlin
long njvmvz
short qhaa
long eqgo
short iiv
short xqkpdyte
int azpcooonmn
short bvhgqzkg
int dt
byte vweys
long rgle
long wst
int plskty
short gwqvfjx
int yg
long amocskfi
byte ojfwwdsds
long m
short gadikvxlw
byte hs
int khwzltuos
int kumgdhgi
byte tpylwd
byte cej
int sfh
long mwh
int i
int cfn
int khlvlsu
int uizydtexsw
byte sspdobjc
short zg
short ta
int ej
int ncyclzz
byte uluvga
byte yqowbumcd
short cuvmgke
byte hycz
short fkfzlkm
long zirnwlp
short aggzqvhrag
byte svxlqigxl
short cyez
short jkexzvmi
short kxhhdnoi
int u
int xdfmpd
long lwarco
short w
long spcckhff
byte x
long dhyjdta
int ybbqtmwyn
short mmvrfhkpfe
long oewl
byte cpvoscaudg
byte pudxh
short q
short zdyfapxrqg
long lnevh
byte k
byte qxyipvo
int ovugb
byte vv
byte lplpygthka
int hozxvssuyo
int d
int ybixfd
1 qhl 100
int jcqcjp
int dhxwsgqd
byte imnjr
short cpz
byte zvhkisugk
short t
byte xtxgwd
int iijwwjsav
byte mxlhvlk
short nyknsvpp
int ivqgmbbnjk
int fziqzhaaqy
int boqo
int oqgee
byte vsjxsk
byte vdwvbir
byte mnyclix
short yoo
byte crudrznfds
short wtucodv
int dtjayp
short bqv
int hnl
int ukgkplqce
int wm
long pgp
byte hnb
long zdkffk
long ljdciq
long qczwfw
byte kgtzy
int zhbrvq
short cwxmowtnln
short y
long pje
short gkugdc
long qcxdsvazfm
long dzyprj
int dbrujowf
int uutfnmgws
long oqy
long ygqr
short zrjxo
byte b
long eq
long tckadvq
byte jlatizxo
long cswlxnu
int mg
short anxszqla
int rzwej
short o
long b
long uhhjqozwll
short rfq
long ntskwm
short rtyo
byte opmwhj
byte anvlagogoi
short i
short koalgueau
int gzb
int ohv
byte pyjlor
int mr
byte gm
short nuyzarh
short rof
byte ye
short pctumrt
short wxgoq
int yfepro
byte lagtxjte
long b
long fovbik
byte pot
short qzcvmuwd
byte vc
byte jub
int rrtvklezq
long rtysubf
int s
byte fdv
int nbu
byte cgxrf
long leixeg
byte itufille
short lnvwc
short ouibqp
int qvjoyo
byte cu
long wipgytldo
byte mewxxgq
byte olp
byte xfy
byte sgbl
int iseytl
short pdonebzxnx
short gkd
byte f
1 eeoibawj 100
short gxtozzn
long tsr
short jrdqghr
short jqe
long qugooqmcwc
int cio
short pa
int gtveyckw
byte ailbcfx
int mjtmgiglim
int grzj
long uammz
byte i
byte dlgsefnaec
int ndltxsbthu
int sggupxcuid
long oehjkhj
short z
long j
int yy
byte bdbcaw
short pd
byte idnyh
int qnjwk
long gwneeyip
byte h
short jzqrwsd
short g
long mcfglx
long lpwgp
short vo
short zsoyvgmfl
short fpihadg
int vmom
short hjwyav
byte is
short n
short sdbrkdovo
long vrhvv
short vgvu
byte tczqvnrbj
int znt
int ir
int ygjwtdrp
short un
byte nd
long akfmoqesnu
byte vyldss
byte rhyqwtn
short omwkp
short qbgit
short v
int t
short mfmioxdzof
int welhfem
byte cmrho
int dymaqtstq
long uv
int wpvu
short ip
long hphvfsd
short srtjciev
int vxiae
int ix
long dvcxxowush
short lahmm
short q
int i
long aoim
int g
byte kbym
long tbv
byte ttrtfzp
short zpticlkj
byte swjejkjc
short sjczz
byte khqsuo
long llhrid
int kvzqwta
int ihosmm
byte ufp
byte nce
int civtc
byte psonb
long hfcrdyxsfj
long dkowk
short mo
int srzvfon
long xnswio
long autc
byte rxbixeiv
byte tzboxdlneo
byte pirxewuyz
byte fqzzeex
long ikzysmb
short afckxcniv
int zqnaiiq
short nwrhgzkro
int qsmpfqv
short nwrea
2 iqxl zujyguuuh
1 hmcklsefzg 100
byte yx
long pmd
int yk
long kypynr
byte kd
short c
short vzzgfkmg
long sashpc
byte egoorg
short ukhybyhtb
short lijjxovsn
byte jmyulll
long lfka
int ekstfh
long wig
short vnormlqpsl
short eafb
long kzfs
int ljlkrs
int h
byte nx
byte oe
int kk
int vio
short blhwbsdj
short pjpb
byte rsfelirl
short jfspbumo
int fnlzwbtnm
int o
long vxknzdzfwy
byte khus
long vxyip
long cznyr
long nuszcrgjs
byte erilzzxetc
long cnfgm
int fhkx
short kfda
short wqmvi
int jugorgpm
byte kyhxtyksen
short hstu
short dvugbhfrxa
byte nhfv
long jehto
byte nma
int yn
long iryeekv
byte xrcc
short pbaioksbd
int ezbdodjfks
byte dprr
long m
byte gpzzpvma
short kvxlfgei
long mmvue
long brkjsn
byte izrj
short gvfsflyazo
long xqhqhsjbw
int maomm
byte cxpr
short thzaszy
long d
byte tld
short sldbm
int ukwlocho
byte orlrwweyj
int xjuugr
int dcevo
byte gwvba
byte pvmi
long ol
long nnop
short ofhftzxez
int xdi
byte s
long uassoalmw
byte onglyb
short zhpyjt
int bwqobutlu
long icicxzdkv
byte bsqa
byte cvvvitbq
int kl
byte wqdenhgyzs
int tqdytxynpk
short nzr
int ldihz
int jmvqwjdw
long whbbuxj
long cfgenqr
byte lurdtwf
byte cxzpifxw
short ukhth
int pitpd
long lssd
long rk
long dkodjqsv
1 yamltjshit 100
long msmx
long uhqe
short ilnmvcdr
short sblyhkzop
byte hpxzglfobw
int uaeoly
long w
long m
short oi
long ygkgumixji
short aine
long egmzgtoqvw
long jmxrj
long zjhmam
byte tjgcy
int yhvk
int xeioievvei
long h
byte jzfc
long hvzphmjuif
int yfwuogkh
long scxioc
short dp
short oiyv
long vqdbklkcrm
long fovz
byte kqbamr
int eakn
byte yehdu
int xgqxyc
int lmxeeycby
byte oyoyug
long wrvkdpvt
short efhsfwc
short vpmszeb
long eqjnasft
short itbct
short q
int oimrd
short rsmmda
byte xkaejbr
int rghy
short viwyqqa
byte k
short hixofpg
int qxvsecroio
int hr
byte iwdszwh
int mmiheyxqm
int lyxtity
short knsr
long tsuup
long fja
short or
byte nbazyjkb
short upn
int ncfpa
short unp
byte yaaydkhzvd
int wnabitudwf
int cimv
long tdb
long vg
long s
byte c
byte dnpx
short qyrozrl
byte nvyz
int cj
byte hzpfg
int ujwmf
byte acvr
int s
int jyqnq
byte gea
long pzdezmagk
byte xpkbxfvyg
long hg
short mveipajwxj
long hnjcqjtpt
short euhdb
int jw
long bbhttnsw
int zhgpawfcky
byte vjggia
int mceiihf
int pe
int m
byte ekjiok
short zccs
int e
byte mxqqdcyrr
long njrpjyv
int q
byte fs
byte cnoh
short wrqwzosd
int xwwzysd
byte pfqmsy
byte ajytigp
4 21
1 rmc 100
byte vesnopkw
int fmpy
byte hfqzd
short pigk
short nwsigypsa
int unwdb
int qxe
short h
byte mijbs
byte agrnaip
short rgfvbcpt
long ppfx
short rirvtcsmm
int iwznsp
byte ecvbrcs
byte k
short njnijk
long phyol
int pmvr
long eyidlfbs
int ikmkehsq
short r
short gcjf
byte epfofoiu
int nf
short ynkxatcpv
long udtqtzp
byte savrhpmh
long zdov
long vrokqmjcje
int ehhfdmch
byte sgqjn
int lytt
int nej
byte ondp
byte myizw
short o
long lbyk
int xg
long va
byte uig
byte xvgq
long qerdjwe
short uem
int yr
int e
int hgd
int yndocdh
long acdsk
int pofksx
long gobdgzjq
short dkrf
int adfo
short yxz
int giksogofil
short eqkygf
int s
int vzifuo
long s
short bb
long pbfuol
short jzs
int okugrcj
int ukmlpbjotx
short aokqiqyum
int fbknas
byte zvuadbkz
int vmorghu
short kdmyzz
int kfztuzyz
long e
int bpfcr
short jhvbcvpjk
int deyz
int tjproez
int xxhicgx
byte codnsmcc
byte ibjmjupnd
short wvgycusrkw
int cm
short yjgmjymw
int l
byte nh
long pmlvdikh
long vawwps
int moulm
int eskmbyolqo
short opv
short iahdts
int kozb
long yosxbl
int t
byte lm
byte lfihvysu
short mermb
short v
byte rp
int lcpneszxs
short zjjmtqe
int dx
2 klzdgtb selwvm
4 57
4 98
1 xehydq 100
long d
byte qcaspgqf
long q
short gdsbqchgi
byte vqnycj
short gs
byte lzfhxsxsnu
short btwqkv
byte d
long kggar
int ucevje
long kjbgidqgc
long hdragmno
long wavmrhnq
short ary
int ekhcbhjbzn
long sfrwfd
byte md
short vlgvrnzv
byte ttjlosqin
long ajgbla
short mupvpi
short oitn
long kuayflur
long raym
short lcotdgvm
long wmr
byte zfqskcd
byte v
long vq
byte ittllgsx
int lgkabt
short jcyn
short iyaaunslzs
byte e
short aeflrjdxy
byte w
byte kdg
short an
int zz
short n
long oim
byte qwfmcjnxxc
long bsmis
int q
long l
short cpwgnmu
long dnnob
long nxjzwuuid
long zfn
int cqv
int hwqakddlhz
int dlyvd
byte nioj
byte xb
short kplxnaoybo
byte zjztwpxfi
int cioyggl
long zhz
byte g
int dvokva
int hqkdu
long yemllufzjr
byte kbvolxrrd
byte on
byte bfwjlznu
long ksmwhpuy
byte iyftd
int tzgilygb
short ectry
short um
long hcx
long oeugxsz
long kghnxola
short xdwrk
long rw
short bxsbvgetun
short uhb
byte zlpomvdgu
byte mlutycbbc
int tbbj
byte f
int xqhbfmrn
byte cnspfpx
long biansqn
long lrwd
short mewgidudna
byte qc
long vkcvrhzxfl
long zxaftbmji
byte o
byte nlpdjck
int oshe
long rrrdq
long ouascrt
short ncxdx
short ofjwebyhsi
byte qac
byte yo
long btctdguap
4 100
2 i ylljaljf
1 soch 100
long cwg
byte pvvhjxr
short j
byte dh
int nutrfzh
byte lmyfcsrl
int kny
byte xaxtmdy
short ctt
byte vyggcp
byte z
byte egpw
short skksojg
long ihrckxscn
long ljqwsp
int lrn
byte yilavvtmnh
long loxbgwdb
int m
short smecmjdu
int hydud
int louedkphzd
int mxvjmnq
byte hf
int sdkvukddj
long t
long jlgxzq
byte pwncxeay
byte pbwa
long gm
byte hpnuqr
int ixhntnv
long ywdbthm
byte wxo
byte kpaux
long dkga
byte ogixkrs
long ysb
long vxqywtvls
short bdg
long osythsqn
int jbgekwwc
long ftpzikp
int yhgnqd
byte rr
int dae
short t
short anfjf
long i
int cy
byte czjrffk
byte utcilki
int gdvfzgwhj
int l
short z
short ihndirltf
int oegceadezs
long fkpc
int ahv
byte w
short bjjvlysup
byte wtjiwzwx
short wnyiu
long ztceonod
byte xvm
short sallwe
short sghwrsqve
int zzy
short ikhslyrxy
byte ybm
long sr
byte cgyvdmfh
long mfxptnok
long xpmrmz
byte rrgeqid
short vkjl
long xewspznir
byte fghyvwhiet
long us
int uonzv
short txppl
byte ahwnbvv
short qlq
short ijnygxq
long lk
long fieerjyjda
int vdcl
long pwcpdzrbxk
long bqf
short pk
int uzdnqmjryz
short kc
short faqujcyzo
byte lqp
long upjlr
short yfpbywils
long wcsdci
long niilt
short oueenr
byte svwwhl
2 wtogq uymav
2 awrsc ck
4 73
4 29
1 vh 100
byte gpjspwh
byte s
int an
int eybif
int xtbygdnwu
byte kcrntmnkge
long sorcrudxm
int htmvf
long okwtrmho
short gwb
long gsfjvx
short lmtr
long xqljmxwbu
int vak
short t
long xvyhikeqw
byte dgkgtktssw
int x
short iyduhts
short et
short grhkzehi
short bgvp
int spmusomcp
int pluy
byte zxcgreej
byte zk
short yxjvlmru
short nedd
short pnhm
byte fybrykmh
long ldr
long wdzggasv
long nkckvrym
short plcsypjc
short bwauaouxt
short bcnrfusshv
short ybe
byte xmqt
byte htaqlroqh
int vpm
short hlsll
short m
int gylxxp
byte pmughqaej
int c
int zrlnoieczn
byte yudfzawc
short ilw
byte jkevuqzaro
short g
int wdevy
int ujg
short zavpl
long ckrt
int n
byte fg
short knpdp
short qtdbxn
byte emnnhmeov
byte mhkcnv
long aeitovlusp
int u
long xgjapspmt
short g
int pqkh
short gu
long amyrkzd
int mqpfbmxiy
byte slzbx
long gwcrr
int ycgig
byte wwxuvdxh
long ceknaumoom
int offhif
long fhpfrm
long piz
short xtou
short zrtehlyvq
byte waovd
short mv
int xqszayw
short znyexops
int zc
short tx
long xjrlrgzkp
byte lqfvmddtri
short uxtvi
byte fgpybs
long xtsvxaqgf
long icanrfiwvu
int teizuct
short serdtsvrc
short szxp
long n
short wz
short jjolstbmsb
int efhobp
int gdi
int a
int fmomhwqm
2 jeosnsrq cmcmclq
1 hwnussobr 100
long pmeqills
int cxy
long qliwltyn
int injj
int tulcd
short kyfsgbv
byte ddzfetup
long slsgaqpb
long l
long sjvxlb
short nzhiauwsyg
byte ux
long kuebrgezwy
int n
byte btursmlx
long yfn
long mkuocke
long bomgtsi
int jfwd
int xmhg
int sxyh
long avpjk
short hntuxpimhh
short r
int kuh
int udhxdoqybe
int aqfyizhnsm
byte s
int afnopnjnif
short wsnnjk
long p
int nglr
byte stu
long jxfvrqpfim
short woyiaavjzo
byte illartdih
short ifxboxyrth
long nemounobw
long kso
short t
long naguorh
long ozvbrx
int ngwat
byte vhsayx
byte wozlbh
int sehmx
byte thpnnbgv
byte njornzox
long wtyztncx
byte uru
short pr
int udiad
int aw
byte ytmdknohle
byte beb
short dq
int ebpz
short nsixse
short bboipc
byte ftar
byte atycfzsnvv
byte ngjst
short ykot
byte dcbkb
int vw
long wjzhdkwwki
byte datubuzvn
byte valqbey
short zvbfnptn
int ulorpc
byte qol
int yicjrhrib
long iab
short ecbo
byte nqdz
int hinkxzjmwv
short o
int fm
int cjyodnidb
long dmrwk
short bbqltx
byte gfzj
long ku
long xbgjyeznqz
short lhqnhlxthe
byte occbncw
int rvbgwc
byte nqfhp
byte welne
int nrrophib
byte oogcrkhlz
int rml
long qd
int e
int ihxtqlbqr
short akdkczyejh
int qqxfrorsrz
byte ygq
short ayjev
long gwojouua
1 vvfvdpjczg 100
long wmcv
short hqvecwbbfi
int wxcky
short bwc
int cpeexoxk
int zckgoxnd
int tfsew
byte whu
short yzujlt
long hcfpwfto
byte ehyhwv
long rowsqgvql
short qvbbjocchi
int kwh
int zh
long erebxxtcn
long zs
short ekhjbjs
short znfszoikbv
int anfnzboo
int setxg
long tzcxxfdzd
int bk
long ehl
byte wpe
int lb
byte ppbqhspacg
byte cxpmfz
short qb
long ev
int u
short obp
long bfvyw
byte gwunsyqqm
long rwnsg
int eowczqe
int qmgsg
long rr
int lnn
int kzyjs
short ogvbnntyk
byte eb
long gwypvhfy
byte m
long zpu
short wrbscqftne
long dp
byte qpehl
short gxdkouk
short rnom
byte lqdtmo
long znibg
short ijkoken
long bvljwpiizj
long cznk
int fcd
long f
long yhidski
byte oqodj
int mcxvgrw
int zxgnouiabm
short ljb
byte skqghif
long nehwlwaogn
int njhyj
byte rrdas
byte fzhposfqi
short snuktw
long ppnhvqmxl
short ksqer
short ycp
long atqo
byte hd
int jltgjvs
int fnzp
int ryautcwxys
byte gzgu
short kmukynz
int mfpurfleg
long r
long egd
long uqsmj
byte z
byte zsnlifx
byte djmlwwf
byte gydqmzj
short yziakwn
byte zrlolg
long etnbk
long oavjthy
short gvvjchzj
long fqxa
long uklatv
long rwwd
long n
short rgpqt
int aemlvwt
byte gqcaxxgmyi
long xciqedr
long tjvqbloza
4 61
4 48
2 wya kbb
1 sqnozpfd 100
byte sd
int ek
byte h
int dcfxfa
long ax
short xb
int bbg
int sirrnz
byte x
int sd
int eauwhaye
int pe
byte kvfzty
long evhvircb
int gjfk
short vo
long mk
int tzvgo
int mela
int cnpolay
byte mh
byte lenix
int qygivv
byte ga
short zn
long gjaku
byte hpti
int uqcejzpys
byte qt
byte is
short vivxim
int waoh
byte hjsbrwh
short kxkxll
int ktnglvd
int apwxqbtuq
long pwngt
byte np
short nkfgxco
long vscqj
long zcng
byte evvp
byte ikibntfvsd
short qkrzcm
short m
long mwfgq
long jaximmaew
long s
long crzayqy
long xrntk
byte fid
int gipm
short wg
long mbvjt
short sebvxb
int al
long eqbesnl
short jdlp
long smx
byte dv
long ngxokz
byte amidcznm
long kfif
byte o
short xomesiflrh
short fhrcqsbkly
int uo
int yxjvoobgxe
long fhh
int mfji
int jwumlfh
short nfvdrxxm
short jjyew
byte uodsztha
byte v
int vuzqnklvk
long ovpbcupcw
long yickqdr
long zootgayo
byte wog
long lbvn
int tidsdl
long prfrnthlsf
long zxfk
long ytpoh
byte vzmkxnlnp
short mmzajygq
short zuci
int zzgckswzk
long szpikrd
long ekxqzh
byte sic
int uiqu
int djoefl
byte kbtahw
long mwzjahur
int uj
byte fsrijnrjrl
long glgoq
byte yntbw
2 u kjh
1 bfuposjd 100
int zcouczfv
short i
byte gzsnj
short l
short spaiupwm
int at
short mqzjniu
byte vy
int nemhtzag
int mnkfb
byte ezs
byte rydxhv
short moimrfgq
long jaxcjofuu
short zql
byte xhnyrfzpab
byte pylsh
long hqyjeahsjd
short icondvpqo
short wkaovvphoe
long yafpj
int aodhb
int cfwoi
int mqgjbg
short edlwedqi
long hxiguub
int qxruzkksi
long nizomo
short rzrvwwfikb
byte sjmamtyhq
int oqmwd
byte pv
byte bhtsrkuqi
short nvxb
byte xxren
long efhe
int iaejmdumo
long e
long lng
short vd
short x
long xzfutbeu
long xdshfo
byte jjrdcay
int e
short ol
short zbyqs
long jgnund
short xnky
long gf
short fhozxieagd
byte etcl
short vxj
byte gjyhamczs
short w
short gvm
short ejyzmn
int by
byte mgj
short llorejs
int nejvjd
short pnw
byte jzwhxom
short hiprilub
long mse
long npw
long lsewkhrr
int z
short npjomtkpe
long uc
int xazxzms
long dlqnpip
byte oullvl
short artzrvmi
long kdrrsrbghr
short gl
long ewflmxcjl
byte yon
long hdrzp
long mu
int wte
byte uyfknoez
short lutk
long eytpnvdu
byte fcwjjs
short sdskhpsxd
long l
byte olzkfggfki
short qfr
byte pljcmbqi
int uxnbjraa
byte xpf
byte tvkvnbby
short iqoqxemi
byte qrlym
short dzt
short ks
long jnyshrmmin
byte xhqytvpb
byte knzgspodu
4 20
2 qzakevwn pdigvuq
1 tmrho 100
long elcofub
int hhgxtqrrs
long u
long nnil
byte sgc
short u
int gngjtktf
int lcugvfbybe
int asguuke
byte ja
long a
short rryaqw
byte vlaee
long xwg
short oprzorqjdx
short me
short zytn
short pjcf
short hsricmoc
byte rqvasdutu
int ddx
short ztn
int eihzzxi
long jvmptrcq
long lyipzerfs
long lpl
long nqf
byte ejzijfq
short tdwmkku
long zojvo
byte vbdrib
int nmb
int vpuoxn
long aagxn
byte hlryihok
short zi
short b
short ldbrpzx
byte nq
short jq
int igcxmj
int ifikzjiagy
long qpnw
int nzwx
long htjdue
int ofwoiiszhs
long zo
int meukbizjte
byte uc
long zmy
short fwyvj
long acagfrsdwt
short lqbycpfez
short axuzjkk
int vhjqtaag
byte jc
int kmlfqhac
byte o
long zqume
short jyuvdwlsnz
long uypf
int rqpqqljdkc
short sdp
byte ijenhwzop
int lnysmf
short deessdtaqy
int ewzcpjedpp
short udc
int ezmdd
short fhy
byte nvlupsg
long juef
byte pikamsgp
long licdrl
long lxid
short mjw
long n
short j
int vglsdssoka
byte tvikcfcbo
short xekvo
short avq
long dohq
int telutu
byte bapiuef
int yje
short iyeegjtuh
long yhmgynqf
byte scnseq
long oaiqbborgs
byte xwicbxj
short xmn
long pgt
short gkdaohb
int sthromkikg
int egnngjhg
short ih
int cmcdxput
short gsrc
long svvzl
2 zxwm vsyabmwlt
2 pfxbcdhu zywwdrmpa
4 22
2 hly eog
4 77
1 t 100
short eup
byte ipmnrnvzwp
byte pjdassno
long khzfowew
int uer
short ghwpvpsboy
byte irlgmsi
int fb
int pe
long naqzkbsrjn
int my
byte xqjnbj
byte lqhmvcxfev
long zv
int gwuwsqemuo
long uzaq
long hlnyxtvtlt
long grmv
int nwanhzj
long uwbrfz
short vsswrqnri
byte tbx
int aahnky
long iol
int nxmabllwdt
int yjub
short timou
int rhlf
long klb
short uhopvw
int papjg
byte msrpg
short lmex
long rcluykgr
short uvo
int fti
long eykmxso
short i
byte dehtj
int cc
byte icfyzkagif
int mqihu
int nt
long mtj
long j
short qyvyp
int atmypeh
short siaah
int pjm
byte utwejt
long r
int v
int deysangno
byte d
short mtrukpnzfc
long jpslegay
short ytuxyvv
int zstj
byte tzovdkhmi
long hcxsntxv
int utwe
byte fao
int dvl
short u
int abplkex
short ycvqg
int kvzt
byte k
short mpyz
byte spftf
byte umkjjaivtp
byte yfrsexu
byte lqlu
byte hxrgtgwbmg
short sd
short zolf
byte uoi
int btiyxmtex
long nh
int ix
long rebd
byte zwwu
short wzvpr
long tdfmoe
long isydot
byte pkjzby
long ofxjdptx
byte fhdmfowh
int ft
short vnmxjknved
long b
short wmtg
long sofj
long tufyic
int ilbr
byte ihcuecyhf
long twukktlp
byte jj
int wsqwaix
byte lmzmmt
4 88
4 99
4 35
2 ggzbesfqf qw
1 ntaomvgmoa 100
int ififb
byte nzwju
short dgkvunc
byte olersqzs
int mwqhfjhl
short w
int zy
int jjs
int tqasamsn
byte akunnqjxc
short fqmyvi
long mpaibfpxcg
byte twkilh
byte dxrx
byte eveaf
byte adziyry
int qlky
long qyjz
int c
int dgtzgu
short icz
byte xiqi
byte luckwmbc
byte eybccjhn
long ofmfeq
byte iumult
short daz
short w
byte nkh
short eevs
long junl
long mzljjo
long x
short zkvhftv
int pfwwoss
byte fsp
long kytfwzb
long hriflg
short em
short dvaikdpv
long gupgmw
byte zyctdyc
short yghpqszal
int ugenfubjat
long b
int nqxuqqb
byte x
long ntjufizo
short nmht
byte fwt
short gsrha
byte epnilzh
byte dttwph
byte dovqeu
int aqymdhd
int nu
int xl
int d
byte taoscakcqw
long nysuroimux
short sjzvrbscxc
long utskihtwq
short piofekdljg
int cdlqfh
byte dwozw
short puo
byte crrimpr
int qpbce
short y
int kqbsu
int vi
byte fwlebwdwbs
byte npvndwyxf
int sbnh
byte qd
long mvkojfxh
long oqoxmaufd
int dsto
byte bkqhdkji
byte sfuf
long xb
long fdsbptqvoj
long pisfc
long kppr
long xjquoqgfcw
int na
short jcdhy
byte eu
byte nqquhevnb
long edw
short ejoobfdfwn
short z
int df
int tebt
short ayqann
short enccezsk
byte r
long ijuh
short qan
long dfeh
1 wpcm 100
long crdfukqsul
short st
short uglqg
long szooqow
int jkewcbw
short yndlsm
int oeifna
short dzzmrigpp
long s
long pdw
byte ufwno
short unswro
byte nggof
int mszs
byte dhntpv
short m
long xrfxdqfg
short alidrgqzjg
int hjf
long rax
int jm
byte ukw
int rfyfjcwzd
long a
short kgb
int nd
byte p
short rznwxahtki
long dfqmxk
int g
long qeaalximnt
short kxbctaue
short ughxkbs
int jxmama
byte ho
int mjuk
long qjsxtj
byte bptwgjbcl
int ucl
int mc
short hee
short nsvn
long fhwbppigzw
long xy
long qxypt
int wg
int mrrbkmxvd
long b
short rwut
int lnm
short jznj
long viufqjovho
int k
short lyrpjq
short adqdgz
byte qzryn
long snzqs
byte qiywoitobv
int z
int nulcw
int icklczgmv
byte rdbcuwqoxi
short vxlfpot
byte nxncoei
byte mhz
long nftq
int ezgukdjqmm
byte cseah
byte zec
short mbjjyvjo
long le
int jngfjco
byte sfjydizfpq
int unpltr
byte sddjybq
short s
byte rkr
long acl
long loenmpbvkw
byte lr
int gchrha
long suhjpkmyao
short yvlaly
byte noznr
byte aolreikeif
short bhh
short dcbxnblunm
int gtzjjwndw
int g
long m
short iscfgom
long mpwkrdu
byte m
byte hmwrbfbob
long hlut
int fvtyhon
long rkss
long oj
byte unqqikny
short pgfwcqgrqv
2 rwwuoczj bloyyiht
2 fmqme sdq
4 66
4 88
1 jlfeq 100
int mfydian
short tal
long objfapksud
int ffqfrhrkw
byte zuoukt
short m
int xgsuaz
long kmqxde
byte durcv
short xq
byte vwrxegvbae
long vjh
long hktuhqjmmf
byte olvnqktac
long tzyxgzu
short uwmynfycdn
short slwlyhvs
byte so
int qdougeef
long qxar
short mkyqfnvpa
short uxcpuc
short g
int tdmsct
int izyjcqsqgv
short k
long ylehx
byte gpcix
short dmwcas
byte rlykhxzrbh
long ipvjysmcw
long qtmuljcfz
byte pjqcf
byte jymelb
short nhkbgnnf
byte wnmwitkih
long z
long zbbd
long iovzjwrwee
byte allqcdxym
short jsddwp
short aczcu
short staroitw
int momz
long dxjuu
long kc
int qaqndtz
short cieocwag
byte vxm
int bpd
short v
short xwqusxmqw
long xli
short baffpmb
long hkhirex
byte fuyvz
short yzhuzti
byte v
byte vtnxpkk
byte ohilq
byte ihbivu
byte wnm
long qpjiwkhe
short gjlj
byte uz
long eijnnpe
int ezrm
int cc
int vhwcgncq
int nykuckb
long biyeskuxbv
short hujrj
int w
byte xtnjgx
byte uy
long dun
short qowmty
int h
long zqafo
short szdsiov
int smt
long zupwrrzc
long jnwww
long sjzccexlx
long kikgl
int mpvpnuhpy
byte ikswyb
short vzjgmxerac
int oapidn
byte xqmzbb
byte vxqinw
byte znxrczmkw
byte pdscxvlrz
short reutajvif
byte hwlrwc
int zvgja
short awphfpd
long zpgulahk
short ymklfbdg
int hkiddgyyvp
1 ohwp 100
int kfppcr
short ohpxwdyzj
int liusiorb
short meuiro
long j
short pdaij
int tmbcjpewvs
short ri
short imkl
byte hkh
int wskycatr
byte xg
byte ejkq
byte vxtg
long ixl
long mpywwkux
int sfhekaxag
byte gkqlancz
byte wsc
long kwvf
byte eknwmt
byte e
int y
long fkjkwnwfwq
long tlbeauif
short tj
short ybfveal
byte nqh
int ed
long gqoqqbqd
short ieffvaa
int gxbikkmnj
long ah
int xa
long tyhwcf
int icfwokf
short jlham
long as
long kf
short csky
byte jz
short dq
long a
long jjoy
int b
long bb
byte dldyme
int nr
short fwhdk
byte vzoncg
short d
int pniro
long cj
byte enfsnpr
byte dyfxughbx
byte u
byte pjmzxwvbg
long xcptg
byte un
byte emsrrxgeu
short zo
short pet
int mbvjzatyu
short fpdppyk
int mkaokr
short ja
byte z
short ou
long kv
byte c
short rwhv
int qnpzmeo
byte dms
int bbae
int s
int dsc
short xexgykhyr
int dezzwk
short bjcmx
short lcy
byte imvtgpu
long udyw
short bmgaymqw
short ei
byte ygg
long pkkcbycldp
long uabi
byte kqzmwm
byte ckcyq
short on
short bxq
int ttzivwz
int opoalu
int zrqkravsz
long gmij
byte pbvdi
int bioxx
byte uxsgrk
short xxkeld
long n
4 1
1 hci 100
long xihfjhxt
long najutx
long uomcsjfz
int gwaqf
int ta
int dywhc
short eovqj
byte ljky
short jii
int q
short uk
short azz
long odvm
byte pnirrez
byte todsssjqv
int km
byte ig
long dxssfjpj
long oydkb
short nlpcei
int itgqhvev
long csczvjgqgh
int kgjzvd
int ass
long tgp
long olwrdznerp
long lu
long qojuafbdcq
byte muijmnrvnp
short h
byte ycn
short s
int mbffmhiy
byte xoavi
long td
int kwrxk
short qegrbccqz
long hyphrvib
byte z
int zjkakv
int khslhg
short xqspj
int sbnuzrr
byte tifj
int xcryysu
byte plgkjqt
long c
byte oyjqjwiuja
byte ccwhwm
long jlya
int xkpqvu
byte pjjdqys
short zhmrec
byte hls
int ix
byte jlt
short noxzudr
int oapi
long bbhjg
short rpect
long zxrsh
byte muafpqdsbv
long xfktjfko
short xfvv
int zgjb
short jklkcw
byte nqs
long i
short cyfj
byte gaof
byte vbur
int rlwsx
int vejzvuodim
short adbqgwn
int cwymql
long yosmajtn
short kb
short ayocqgs
byte snpgs
int urfu
short hwrpzaevyj
short ko
long pq
short gt
short hmvako
int z
byte uy
short chwuxp
short shqsbeozzn
short trf
byte jtefqbhkh
byte zfffc
long qgoc
byte vgvwsxb
short ldeylq
int fnrewbfm
int qabvaqs
int wcxzf
int bwo
int gs
2 pbrdbjoe vouvsv
2 ytfbp dj
4 26
4 5
1 jfwz 100
long j
int oxcdborkno
int riqchy
short fvjigtbwi
long bwjkht
int ckbvkjvw
short rau
byte rjuqnodzx
byte wgi
long bpxujfhgr
int ghusumqiu
long dinsxtxqr
long re
byte bqjglv
byte tesdanhr
int qodc
byte ljsw
long xu
int myv
byte dvducoq
byte tegvwsynef
long mx
long xgf
int zlan
long hkkkzya
short l
byte y
byte rbalqglks
long mbeipwe
byte q
long inf
short leygwsft
long qyqm
short sozposwwi
long kmzp
short jsdcewhzwc
short aokdmwzwa
long jskwiv
byte uvm
long zimmwzcmr
short yh
long yauufv
byte lge
short w
int xjrzmilvq
short dcqhfnqki
long gmubxxoxu
byte v
short x
int fh
byte rdiogzrz
long k
long dsavdpqvne
long raawkouqh
short mnubdtcnxp
short aj
int l
short zacg
byte cvauudxb
int kmgxw
byte mwp
long jbcximn
int f
short xctvhywk
long xyknasu
long uhkixbjg
byte ucwutdvmrd
int fvkwhbem
long zdi
byte raua
long aphw
short mq
int ivs
int vmkalwhv
long bh
long lo
byte wee
long nmrdirbrvr
int iti
long ejfkbfq
byte tkow
byte pvenr
int mve
byte zeiucwk
short v
long wevj
long vvjjj
short g
short liuigtfeh
byte yc
long cnta
short ak
int grvtnafmya
byte cty
short p
long rbpmwmdo
long ivnulx
long wcw
byte pfjc
long sizpppixmi
4 70
1 xpknmthgd 100
byte wxdbkubke
long vrowg
long z
byte glocpsnti
int xekrqwwjw
short os
byte ialcanpy
short vvgdbmw
short fvu
long hfwnbi
byte aas
int bws
int oi
long imdoyte
short epox
int yawgjc
byte b
byte pgiutky
byte vetstkuqv
int vrkdu
long iobdl
short vitgsynykh
int elklopcc
short bqo
long yzunitpo
byte exmchqme
byte enelhhicl
long wcoxkk
int n
long whjah
short ttvrcoby
long hy
short ylcjfdgo
byte hqy
short gkmwayq
int ccy
short jt
long qvexbdx
long uykf
short vrhisv
short uzizstrf
int fkxvbs
int arwolii
long zrmd
short ysko
short afbreotk
short hzeoopgv
long ty
byte pshdunbx
int xhlfcphigh
int cxvvi
short qceiwujzi
short omxnsaosz
byte az
byte lk
byte qwua
int z
long vug
short xvpcbxs
short vzjta
int lpq
short nv
int rxpnxkkrd
short euhbl
long wh
byte nyaakj
short ijwxjunow
byte scubou
byte lssnlwijri
byte xvkchoit
short lqhiyh
long ngx
byte ovalnnoudw
int whwzcrotpe
byte orjwhgyja
short zsjh
byte xdh
int snsy
byte sgyybiyi
short pqnnrxcot
short b
int avgmtpknfs
byte jz
int apvmrfd
int riskt
short vjbjowgtn
byte f
byte rbgb
int qvi
long pnnpga
short qpukukkkc
byte vgwtdn
long gmvpg
byte unrrucp
long wxbuiyhs
long phj
long bxgekv
short gdyz
byte whfpy
int c
2 thvnlujji lrjszmbmlk
2 smqj ptvpi
2 zv aye
1 cztncgu 100
int rryzcvamik
int uxqyuykgx
short o
long pj
int l
byte llmolp
int nyrons
short hsnflmilv
long a
byte elzdwz
byte ifowwbdv
short jisslg
short jdaba
short ewkjn
short zi
int nl
int xol
int xxbbik
short wqvxgz
long sbrxtve
long zobofk
short bwl
byte qodyyumb
byte wyscbryih
long qn
short o
int ssna
short yzdoc
byte svjmktb
byte ofxb
short bgrx
short zsmdkpzlnh
long exylgi
short n
short yqxyt
long hdiggproio
int rs
long qldqgfrwtt
long hxdeza
int desl
long pbrdnj
int iqt
short zogjbbt
long zxlimpqn
byte ouj
long kmuioscwcd
byte uqhedgl
int ocmccymr
int w
int hg
byte qi
short zpv
int aypktfdm
byte ez
short d
short cbki
long ntzzkwtli
int v
short qtu
byte snmxnpjtyd
int tjedahgkln
int yng
int odcdsq
byte fk
byte bhhtchbrub
int rwrspjvlx
byte ynliwsfw
int eizf
int i
long lguoqvcjw
short fpde
short lreqkgboe
short wyawp
byte tfomze
byte kl
byte fswkmwof
long wxm
byte xtaaabym
long aot
long fxd
byte amvvvv
short wpiwldths
byte x
short dwbikzsjj
long jvpz
long mfkpxx
long xm
byte eijanhastj
short lxpwjxbb
long shaglba
short pfqt
short mjuldre
long pozeqv
long ysqrreyeqv
long uzs
long avsrc
long poenzbspc
int zbp
short mcgthptjv
short bb
2 v u
2 zwtjyny muwrn
4 96
1 xbto 100
int ecmimiru
short luxall
long vijudo
short op
byte cizfag
int ee
int krbiqxfi
long wo
int qeztdd
short gky
byte d
int xjmumd
int qi
short ndyieamrjl
byte a
int gr
short kgqtoa
int pl
byte kldbbma
int uwkse
int mahnszpnv
long txrsijm
byte l
long qpjthcubsb
short es
byte zly
int uslmpag
long ovooocq
long sz
long z
long owgsuzfsb
long zqte
int bu
int besi
byte fo
int yazhv
short jipcpxc
short bcgfjsfpmp
byte jxdvfwxnek
short skhkry
short zhne
byte ltnhrcgn
short aadjna
byte fsuwynqa
byte pewxanl
byte lltffmwzd
byte hr
int oakljckmub
byte okgarvkn
byte rqoscyaoe
byte aktuvzisq
byte ucdvsmk
short gpsofs
byte gfo
int htzm
short viutloo
byte rfclhu
int uvvjylzpuf
int teolqhl
long gfvzn
byte utibaplcr
long vdnxju
int zizbgc
long ik
short cfcwofmd
long usw
byte otpekuau
short mrvv
long jiwo
byte etwcibyf
byte mwsq
byte rlxqmw
int hbphpvf
long kmki
byte dmf
long wzdmqu
short fmqs
long ylrwxuesia
int zawwyvxku
byte zdvxe
byte tsyxo
short kf
short bmjacj
byte mbarbyf
short aii
int odggzkug
long iiickyxlda
int ylvwrxt
short ym
int zeijgpjh
long dcpgv
short ozhj
short nvrqtkyi
byte ohcdygv
long jcykmdm
long rzda
byte oljldy
byte nfg
int sazde
short mz
2 bylwdnzr mxjottvbe
4 35
2 ifysr gr
4 72
1 scvvi 100
int rhnwbapp
long wsqwnpgvo
byte mrvf
int fkujwisy
long xr
int ysedxqvv
short znjffsw
byte ivg
byte dkqg
byte l
long fajsgb
short ctsbh
short rbr
int ndqzjajk
byte nqjh
byte ux
short gnbk
byte c
long phyqbmfy
long nhlpx
int fxvwcui
byte aiazx
byte pgfel
long fzroey
long zmkrmo
short ubvnz
int mpuzb
byte myyqpuku
int mnfhmqsml
byte shjvbrh
byte mibvhxzib
int yxlncki
byte sxsdhe
int i
short cgytejybpi
long fm
byte atnndbkm
byte gvuwhfmgc
byte vyvhi
short trfut
byte x
short cinif
short ubxpagj
byte drpvux
int sdguuvqf
short hsh
int dyd
short bzclo
byte dopzqfgk
byte huyohor
short zmatucgl
short gg
byte bljqjb
byte losi
long wzvebm
short xco
long e
int ztcwabsrkw
int jzp
int lm
byte m
short c
byte prif
int sj
short zocumxfqv
byte byqhoelxu
int ocjmdzba
byte pyoz
byte wbpfaifbt
byte fvkmjrr
int we
short admuzv
int bcldclxxk
long wxomodkdy
byte bdrhp
long jbugo
byte dikidjneb
short sbptrmo
byte x
byte oppos
int tx
byte ugsgxbzhaq
int hltgndr
short wsn
byte sshqaygpop
int erbxmoe
long csz
long i
long nrjehcxxs
long pdaok
byte nxelvqy
int di
long af
byte sv
long gzssitlv
byte hoeh
short hjl
int ej
long o
short tmmds
1 ye 100
short ew
short bokvnp
byte syygao
long pywqawrcv
short go
byte zpay
byte lrnbusj
byte hfqhky
int vcmz
byte efmzaexzlu
short celle
short hs
long xtvzhajts
int kjm
byte osxoijtyh
byte ewvfgxh
long leb
long odeg
int v
short iabrmgstu
long wwvq
byte horoufbd
int bqn
long gel
int zhztfrxv
short wpfzuyzt
long c
byte hrdm
byte t
long qhhmfkgom
short rpz
short mrmxvjh
int lfiycxqg
long uuin
short rhiazpb
int bupjxxytpm
short empthbqes
int tctwdef
long p
long awdemsxsou
int oelvjran
long duebw
short j
byte silbcukk
int jnw
short lyoiem
short krwwymyv
int rf
int tfpcztl
byte jq
short iub
long ngx
int o
int qpo
byte fcabqhdxl
short auekzdp
short fi
byte sea
byte wrliyr
long avjwbwdz
short edyc
int fvdcvf
int t
short ri
int mfila
short gvytwna
byte xg
short b
short vmvhsuldkc
int gfbb
long wmbqf
int fjfuuiiku
int khmmqsl
long jbzvqmako
short wawmde
short lzuacpqa
short bmqi
int hzuhxltx
long qpolihuwwm
byte o
int fu
long yvlxnjxl
int ujtgbqhp
short dqacajjj
long esqmi
long sdtwddw
short atlcomws
byte ak
int lizqprdis
short i
int piewffrdc
long k
long ycloacwkly
byte hztertifu
byte jtgmhidwk
short o
long ovz
long wghqnoqoqi
long auczhv
int diedjcw
2 eqi mt
4 97
2 mgohkjtrm efuywnntp
4 77
2 ien asfalitcm
1 ue 100
byte jls
long ikjwwa
short xvgvgei
short sgpxlfzuca
byte ylijnrn
int sgvxa
long ycyj
byte sqnhtsbbs
long azqpab
short ddgtkmfk
short gukopm
byte ulyvcwx
short gnbovokc
long lient
int aeljzfeln
byte z
long q
short oa
long lstowpzz
int yra
int gldjuxk
short fkgx
short hieykdl
short yb
short rok
long qz
short u
byte yzondnyq
byte ynesxh
long nxgby
byte ihefnngy
int yfjnolapco
short vwrkmu
int kilskx
byte tnibguma
byte pdh
long wdmumzrlxy
long keddzz
long smyytfne
short qrlxf
long xwxegbojmh
short rgyrqncrwl
short lui
int gykvrlun
short kadkl
byte sake
long pevhbx
long ju
short sr
byte mmpdybohr
long uwnttyg
long ipdtq
short rtayeduh
short ciojpkjg
byte ismqsf
int mqihmtzp
byte qvcynjt
long p
short mibb
int wbizm
short uwkk
long mgd
int fcvbavxii
byte tdzlgbvvwx
long ttabsah
long rrqj
short gllqnnut
long mzqhi
byte upgfgxh
long zwszfwyjez
short oeijjotb
int pbwpdgbu
byte eiweadqq
long xjn
short mbsyocp
short smvgll
int ddrzfgpa
byte p
short bd
int ynunisg
byte rki
long s
long cfxpwd
long mzd
short pqg
short v
short spphijqry
int zuqt
long ksxsmcks
long zhlmltrqwo
short datrsd
long wzduuxp
byte rnzc
short iqe
long v
long cmkb
byte mnfdthrbxb
long xl
byte p
long h
4 80
4 76
4 44
2 ychzzhle r
2 cw i
2 zu uoefyujhg
1 rrcbdbyee 100
short feqt
int yxh
long k
long nl
int w
int upqsytv
short qmygjgn
byte nwq
short amnjxcm
short kgdukfqlk
byte n
int fp
int mpeaoqadr
long srko
byte rzf
short ybvfchydh
short qjtekn
byte paxt
byte pzzbm
int jdutrpurh
int m
byte efsu
int cyxigzqzi
short jzh
long vfdf
short tstbkzz
byte ie
long dhvnino
int zph
short qfuk
byte pnikoflarg
short svcxiph
long gbghlhvcr
byte cssnoxh
int jwb
byte fim
short umlmfql
short xifh
byte wftusvch
byte gtz
short kzlizfgfj
byte ttwfmi
int nwgvc
byte xdadpmoq
long vx
int k
int m
byte dt
long t
byte rvagrx
long ky
int srn
short dbkkisdaqr
short swygt
byte ajepssag
int v
byte act
int a
short hr
short ao
int whl
short vovr
int i
short t
byte pjuq
byte xmnkjtuz
byte kq
int drdck
short a
long bjfdpp
int shtvgorr
byte sto
long grrpux
short qyyjs
short dntdxsp
byte qqdrmwhg
int mces
long xrljw
int itf
long v
short hluesvnkz
short uhawhqa
long eg
int gaoavkmn
int jjjf
short hduop
int yxzfnkmyt
int kpduarmium
long jbkgjm
short kmguvqreb
long ouqncfvukh
int jf
int pgdtg
long t
byte u
long stqtrzxvg
byte rbwsremfox
byte pxyhg
byte tqy
short zegsfzzcdq
