1000
459042227 6960903
27779782 683840059
760388254 170201681
131434763 410872624
21778201 954004217
835966617 252913244
635749879 110067911
366467233 231685435
549254034 427834631
634388445 703283145
329824927 712255182
798995496 502056581
601707804 402568105
388652684 233401199
468812170 1635731
367438891 529955911
147307451 333674735
784464212 880897535
285603711 308615116
514242491 44862447
236386632 105377074
545957589 504570077
43845781 915141115
291835375 817493262
8880928 85385252
343849552 993921772
715415637 22666890
650810095 824047878
443641427 11236589
667785772 725930782
864054467 879005855
911397272 580098
598279621 767154893
80470063 693134877
212088149 890149869
23275019 341220579
112933762 495189371
148626271 231250620
476764655 722069628
394148599 615936044
958908352 300896714
994567159 470528450
136870895 227141712
137824603 430731154
924126626 194468077
747854790 121153284
994737601 187663496
199895214 974437790
665644508 244928732
584042810 7240878
876859437 343771944
837047762 889359822
984345234 823814996
824560947 476857522
928397035 100271788
79268790 623687774
245731995 199582168
801036347 442900986
658551200 139301762
487538704 412884822
628535281 113403558
948599801 991255464
999933668 471132039
543972984 716056809
268431075 805418824
877743311 959652118
63953639 565494296
647494896 940073107
564513754 992906417
830213328 987144521
272303110 310718013
704898633 357039717
697213901 403256074
859441171 652751275
444210048 978115148
986970036 841705624
71639778 104418264
463623449 48636026
27414860 200051561
100189910 264638122
334283517 485849667
942527375 218211352
369119373 856529474
900979061 640878614
261887531 349740813
224097636 515646799
379235147 866646718
497295471 831622358
253396229 163344186
634628620 444937076
519377478 803731337
433436713 299300151
723931967 275220852
104567571 264049674
181656215 167254856
143754514 749004692
765715115 651924980
234567250 384790243
96352983 994910828
158610653 535034428
602596791 104382469
655012269 790030561
152249326 201398504
263424440 56278351
977440577 741361735
159555635 237477727
263541562 24747803
910488273 755419435
204118365 878971680
130013431 937861202
896248419 796878075
421783832 870341062
311109316 484588952
228526839 942817621
446920319 639487873
510023661 360435249
576857141 496786228
862709845 902264017
762297636 841925635
474397362 737165469
499873324 207924788
429013631 122488621
815426444 779092800
797889225 29308090
245820590 895602948
478860597 234340208
70867258 360064767
792617108 674671815
495538545 574742749
319938237 50380816
80324717 397788302
304393987 436687739
104719312 228369890
452459425 38957332
566361974 198173513
748091879 810940814
196548774 565395532
135051994 514639048
267345005 731709511
350388654 374943088
744455102 610167276
639988691 337337199
269475513 31935468
15982571 769605691
261838140 312621661
132767603 189594388
794630614 948924190
355298707 146341627
694949174 994695031
472189507 136968483
719819582 232331122
456892592 385267457
526954094 294897630
99693779 102089761
569169943 940063647
405519534 246707745
773631504 204200528
319406190 698201476
614555308 227714871
387977943 984935709
10510086 342351732
589864795 866090397
530138397 919382361
914501162 480568155
222984718 345191411
278714129 479527380
703543854 416593796
895240152 30803781
968583725 60621814
756574604 291690925
537205759 795939525
679959512 319032496
505489098 309962554
892801102 632875109
38448756 608659730
279471448 322885931
845661733 989970685
881489485 497089127
865570659 591841035
75505986 452262094
17382508 676026733
438320639 986070463
754967742 409453317
937289215 20281143
1261297 516777594
57153889 453217598
896669062 424174034
240276783 62635520
241192994 74520007
474791448 918117930
931041199 89091289
561192264 210203424
278347853 972982205
971431176 318602276
71720760 465482737
878430123 972487782
897110142 247471007
716874056 911994906
100591886 16704936
586985241 714066554
177953641 215119401
296794705 417090339
650703765 391447830
114263432 13628329
418058920 542770841
986475877 919305283
412046601 779945078
89740042 520361084
948323588 643910867
39844435 443516566
267186025 207216298
613328698 86917070
319310914 889893130
357718201 8587992
456977195 14194692
992499012 425408434
659484759 590237730
691558001 626820627
212501192 242228983
661006215 391544958
599210082 18539129
202012288 48878509
162347608 65011349
162557089 290791223
448299774 201667941
496884805 372009837
44434041 271613316
602252136 754216825
319204919 462923427
20784508 432875141
450894136 855437135
721906665 950196751
61390348 433935399
297785781 248723756
89985413 142339571
590377808 898365300
661070428 677777464
945569144 594610792
27683391 418284784
43899795 236963643
6261746 600457088
649616147 84716665
844326079 16470377
939719422 62580899
116173232 253870485
544230191 743967564
213055313 758401426
930317221 806094925
710559198 4875203
126153619 490510328
610357248 892369063
814046578 62521409
677817680 828484071
840809534 43440677
756013744 809739755
485186630 329278135
905252011 796393528
513448730 943511464
577926000 133746619
611530770 933912233
304924108 963501414
541566717 869112017
774898210 373380061
244464077 364520812
523437778 325716733
178310712 921444403
4498087 23411332
70740291 812121169
61910696 589489647
210433517 643548995
400312672 781807638
536019519 979152053
441367810 660265932
41515074 604658828
608304592 753118023
178992527 495807227
795513829 115221426
82247957 154940016
326668747 146424480
525966667 672076601
620445172 788899618
264838532 200602478
124005601 541505540
47914794 145058778
47449624 769397531
265264929 924605916
659960520 203422885
134462171 752911353
207461746 89117679
4728993 816285797
189853142 494053537
386017056 33557989
13917347 980617152
88478324 996507744
80690455 102295927
93722872 533303576
783942900 709141339
797239108 47214522
906000895 143496773
126128230 270802021
851718954 861952622
706030677 410438663
318130261 374010982
317939705 673308199
199564549 504913814
378582600 636707524
232342867 861295423
752393580 888180908
290685843 824661761
230759389 17584441
336440247 19784162
445440834 396103596
113832272 918549673
597411213 204207165
223949633 175644025
406597196 179103802
218522505 510705165
77054741 712383615
603080664 646901393
909491036 820238091
44065343 517356971
57324894 386819601
637029922 1430497
420042962 883314645
314786804 369592266
7502921 986048844
391617209 20537253
10734773 823698848
226949773 206873123
933549153 645089489
521591566 154198092
387565700 498818549
14678800 331962964
932016427 654367371
688648110 319411086
426000287 76344511
74459117 244408603
786657556 89724498
466117692 19705188
472613078 813475339
992121155 162728515
231468973 999139878
14805391 873587131
826211563 508477839
149608659 562376561
787330280 13266791
222647818 918359436
695065247 443562034
31366700 839628769
318671530 881184477
20275226 108818894
410567860 342060593
991658917 190833652
148104192 46603455
225732415 428578302
248365060 356349037
973857022 287606705
967685184 784224141
140991531 408705999
469022086 234726650
123347011 771494522
2170668 122678722
862970303 630326068
353394225 704455619
501238006 521815046
969747420 84486240
59535781 476482534
68424659 902488052
232686587 988741907
556770463 54921661
443383602 179943724
657194292 956069123
181103406 613612227
557221679 841569771
935842055 527187757
74588022 56426675
115833781 636680208
920726501 676137410
505473592 842348597
140668754 633248516
78853880 299750961
65249310 867000323
997883766 732655738
866752053 120177169
976046587 580403661
973605753 713984177
586438788 474253832
117852145 761078481
33428634 134815154
829036462 534910482
666920016 550602
102540349 113760748
509441190 953775126
280601473 987863284
822139231 784270619
129151892 135872496
626918895 864091467
146376593 282622735
599475366 536688284
481667172 159805999
504866442 375396781
779738766 124226167
308079269 98196550
914970338 569069984
614540996 134656732
313921555 505249591
579535699 418153947
139889628 216375100
719486713 725764519
217155873 164041257
465399036 826155678
716702290 172607391
555008825 511842853
516335874 75616791
728570959 933348104
561026239 360300281
810421873 64641975
958432089 886279061
745602635 776406200
948364228 533951962
943948167 120654118
609198458 743938356
515151842 295939175
277587773 83219526
451714669 406745122
517812437 62886398
955727631 529610042
983742725 80376206
908675664 355671030
109006992 862954422
363414101 457303439
54926660 881890056
787034983 345177407
836344286 950940571
677871207 373624098
51026642 551792325
932213913 471542664
2896417 80952023
203502009 109810977
904637666 61031702
410115894 188318973
833567179 373259810
577893783 739759146
142129722 210929313
740946040 615420712
94662631 502452175
808005221 604649365
242255335 749416018
443424871 873551807
587009356 119367358
250454992 122097808
43971554 881524279
81871884 276732046
733401366 513619967
674008075 870473985
397662530 338027630
929126479 120646954
488793110 20849994
179010081 790837305
826293852 891509061
392378492 576030492
488198368 762439435
77657780 317246469
906992628 779167774
910493597 844899903
863791141 541248451
814982650 762697984
335128145 796610580
13958045 103135560
966044560 127543983
29033343 70598700
579884879 844371267
775945093 788473466
544952810 4123215
579397801 247985908
426392314 222691359
857157638 721113174
144407135 394196835
279154850 651278901
113335732 808648220
674115323 525507474
751359053 680754795
445963734 594549308
348810065 967889791
928086697 179388317
705398816 528169071
33174984 373691514
36603708 18197313
692557101 238825151
80371998 837951808
258280030 848013623
863480268 611373235
788193396 132783614
458691265 905281771
942081587 168303378
438910947 169958784
344032178 122837921
598148864 510001025
772987382 115860309
644029180 673842764
239575655 16195460
614156697 118194380
656561954 858777976
36846529 597317951
429748117 789097558
651137080 877233833
193794575 165724911
52289018 500713903
657638774 629538894
8262689 432060614
793524375 683718139
858762461 130574185
418030830 70662211
61323486 19162287
524001328 852878734
27022258 482547812
282825211 855005850
63234256 359726096
543024551 601124292
332900155 651000034
721385358 778524590
837918344 843334228
319295180 625451792
35816079 665418593
742942621 959702873
769509279 995929919
106603914 483616384
707957378 580247665
292260012 511916379
752087355 36424627
948861979 309718431
84793134 775052300
815687044 509541445
845765525 379914566
548223615 82447058
146742259 424427380
557783972 702093633
458044951 780100608
556249105 675387728
435981839 332564509
659253268 994535787
90742891 988370436
548903691 627582510
487055152 521272685
444220681 9340333
216670500 596311834
699808874 67294344
878148409 532687878
818836588 111324539
366265820 934499822
236109581 891431857
94810865 53341981
17993867 420723827
589194464 337255515
837091556 625405579
52109573 779749081
90585756 494886138
140151919 536737259
511794612 853033033
118353643 392816163
489516047 79345656
768090990 781066813
969875626 91760835
917086068 768405741
421631314 808942944
978086036 852172913
694702332 786500570
953232705 754066315
291555257 404517330
937022554 833477011
5289880 653179017
836330640 928596865
163847305 500615065
789463894 365695291
935553508 120029267
283253059 810400860
858960130 950825160
885642177 571906866
694888275 971165539
503496772 977673208
1735397 249529967
607588163 449514056
135269046 429157595
247124277 184350241
703081512 28941773
531581712 761862064
318206233 650872385
723472262 345898120
271470411 347931448
878871140 794725914
757635904 949090849
654364612 642277597
506762956 37852874
331089190 278882337
11631943 77054124
116022927 82182613
411191670 296021644
663644255 631926652
484605748 156328950
48162368 656579442
359703407 161690528
758886025 485038026
979174355 816197524
853732478 136507522
207894381 124967798
94774220 584933112
583672803 83500525
86502183 788756047
206328998 732863127
57371682 25701871
327132850 563673630
112332492 127062715
737301271 634813891
411303125 814757567
274695296 506994207
984009399 267398830
281858024 986367732
101712269 81122071
914015098 694220479
277931786 215590461
416960922 416071277
496193291 634635920
567628176 4394057
629467385 746889957
730585968 439866015
189401130 487022440
118965746 736008434
380938902 584369591
849993590 574042670
84124104 829576202
223390689 518890451
853714875 47658517
778290273 401724434
93976070 55327944
829331042 397953863
939494067 422523063
764182858 314597084
328451874 257673527
37447675 170365154
731441827 146390960
169600643 767207332
961812336 70520182
614721115 73954088
700809049 342878133
54156429 467031260
341657035 5998812
476292644 24427077
376506562 458963471
830792458 190168812
711556548 941955739
993655074 527989645
312529495 731217288
667531281 536663223
60466945 301174968
21726581 879422262
467498779 402309665
340018898 36629403
95564917 989275709
731441473 933436667
695016318 768695977
4660471 812120189
690951576 379058502
45257850 439473912
41776950 711041466
874907153 536984846
23533766 395014114
130261120 805802931
890978719 68855086
546740054 125045710
842748327 416479923
921855672 326761584
766256909 20438504
60036853 308065050
859217818 193824697
671985365 441529982
238407088 496438099
661161298 57545907
599413183 284573988
181929831 470951674
807545722 117295998
796845825 879758083
669191386 727765163
629724875 779557093
11327088 41318818
808156145 993745386
691375167 701413237
114535875 652098797
8425921 466524314
204345585 402890926
164849675 167578479
933430720 595065089
220602128 896185958
540091433 50822207
56332312 529874842
139269030 523402749
529979715 399897634
603203174 558443316
253274621 266962177
532965640 192215227
538910485 175493734
28140006 295673886
906838229 538672044
817471402 434475293
781849651 94648364
617154967 970510744
235775442 363520363
888760611 650824191
60959349 780069793
38341400 951811085
483219092 827609936
181608117 506355416
630779036 523976459
434905451 569064215
163093152 917472092
20864783 427568804
461601350 68468224
841689622 595689549
978483114 83411917
183258297 323643265
689272389 74250004
24813705 225107801
313620778 99546107
974654721 16636531
437302407 52514414
786972566 296134889
419469323 625093945
463932491 947737626
533065767 727566070
431052472 236555572
590263391 122842427
319392945 475592761
146395377 243837162
772383258 54254736
764788747 114843533
380455863 262872321
514232552 25301319
623497096 188490497
421403754 131825672
538429246 677244449
784125243 833301108
196371807 886078456
314513432 69996356
400712121 259900655
168570587 634925316
343544069 509124546
74390357 29238313
220562197 225065641
752521304 887354529
286635873 683297290
582492520 366832352
73273172 432579196
126402076 371359833
650230433 671603233
461488399 672072675
554460890 892633897
177148937 929849417
740652300 327988087
698251745 666431006
224210475 619136486
61645870 433526359
12985087 783015985
369871079 605550334
352455789 757542681
382291889 56190244
82616997 62428000
693883387 261882098
51423766 429316191
119651862 382658165
769740036 372290908
118938783 844334170
945451199 966797440
103300877 804048347
318972843 857389389
528189553 731904219
120874101 804480830
352268298 108353352
614645177 738143153
751939137 47296609
931148842 898247189
823462498 549582617
300873556 250862392
733823283 369332660
146276789 398212293
194964398 499587249
49317818 541870153
526509929 419751062
65314023 161636328
847946626 737461690
390496992 165914696
887517250 874004073
598309431 268171562
384262866 822662333
986111345 442071515
395529370 200234124
21042603 121222251
567875200 654154516
51673157 887356311
671074208 953095197
590453006 221739055
884169840 803147286
207226145 778827227
629371108 128762419
593943603 699139749
204240444 990274402
543610164 60592009
255641969 252790721
930994081 651667325
406131575 150350858
151613272 248657161
970723250 512396491
438399767 168491112
446672637 417175532
82542514 603587605
577124192 690145091
502362374 91715199
711574693 892430493
53505202 259277306
429362179 745088533
725828474 292047557
88668842 51060121
759985617 993016209
173515564 140775167
67243544 378841070
685845520 460921190
521920985 248292285
487707874 108641364
12811921 581591547
611052931 492806747
551565735 625887692
712531822 946512066
262431671 905167205
164054471 687486734
127517477 790551618
319719737 525534965
65916644 906957502
188805092 59346363
1910732 694413404
579943229 470571455
859655930 760233879
870588349 965290016
183341212 924200285
77966628 213087510
152052759 45180583
288331089 50500574
93097421 758766854
836619292 485003734
402828711 473690432
386206579 71387402
950697511 94733696
696841629 234443250
802694151 181320787
972167401 161922230
358134245 558588559
546890075 144476749
209711071 593305570
920141969 796330936
815953248 43153039
9644556 827774551
800808775 706061060
566597483 861405983
463091853 497032027
698886344 594718164
832284594 291690185
879256840 627730257
468267073 784613302
91685872 218675804
732713195 832431851
619154937 578756443
999095622 418478445
151276574 677736555
465016197 834231546
8862359 773296070
216016846 347767291
267368088 119665491
966209029 596807174
789541927 322707660
144428328 188894709
772543897 459147117
976851748 434847321
592073306 684317390
192955783 307537911
944015494 252219006
705110049 969829397
521794649 626935041
135457288 883964365
290207993 383371398
665140570 10689093
410443349 396887863
203101243 964071402
176932183 227343971
596712584 199767798
980440725 625241644
798825937 947245761
856225300 83693937
835205759 350074720
393621645 349354754
178054964 918055061
874401917 842422598
236919915 478329867
258783947 520407438
579911620 293807253
746592102 19504277
36380933 568985182
982269168 291112086
546076920 362682547
46977242 65519583
676004216 59877420
337451143 830044059
496728701 250341817
367449230 349235223
523585710 664526210
422558808 217465427
71748040 569489436
74336173 680060703
665261371 40991498
187846968 136025470
50469265 566887059
78854259 306120814
749186332 671054947
629375570 558243514
835681440 754910700
450748424 553939198
507486425 312294476
283224864 336527495
338677652 323632613
510244225 772487104
652110812 62878381
234995143 340941568
718563180 590819178
726536303 303627679
649255681 675820160
468420137 62192657
594933756 160772044
354310966 725247816
122863140 229009212
460126044 42804045
793557955 455101814
352432669 575969457
609866769 884334837
281284572 938294557
944199578 405639762
119896094 753990972
25265457 582257339
709112579 668358049
399767471 563037280
947611662 563472466
671848177 283294913
366357392 533071395
29160481 473932651
369218634 377325454
982691172 941282373
413810947 368537242
455583730 9543938
929683211 94711705
534243508 401510849
799220269 132332743
909344079 852303700
745355794 715712191
711882674 773699865
353143854 436949255
559539691 145691808
303854860 965514839
21462340 733291069
14346550 604297386
975999839 149198286
107688491 739237462
964121323 15954429
296623097 827841976
786537104 567259642
45889444 903246804
100129569 43482320
662912260 421193184
887742976 727301922
79479714 873720149
121366057 837338995
489145558 294987974
116133480 940246883
190199693 230573514
981545994 667140289
614716236 139436380
41086906 205378454
582451033 817043989
840879589 866366801
87697746 555230564
736638317 229964248
331546921 736520928
404490972 139535387
119106785 372976491
111118644 407760464
402796255 721197825
567136491 123574234
881454958 64277483
713373109 53637146
329376467 764922549
9165484 11457773
90257966 842179780
450845083 31003364
28007912 430058291
707224681 796222807
146112791 936865200

1000
1 1363 1225
2 1046 940926756
2 1496 351427379
1 1808 1858
3 1615 87277326
2 1671 111383371
3 1867 788641317
3 1482 813335561
1 1435 1467
1 1397 1506
1 1419 1328
2 1121 791293083
1 1564 1517
2 1387 290049392
1 1132 1246
3 1907 889760141
3 1549 35655087
1 1624 1474
1 1838 1784
3 1292 963987617
1 1279 1274
1 1801 1246
1 1556 1426
1 1821 1265
3 1572 359693941
1 1396 1803
2 1953 392652027
3 1733 692577296
1 1239 1448
2 1934 432651345
2 1733 11847457
2 1309 998480898
2 1584 371975993
2 1303 126483346
2 1962 661238059
2 1320 327817894
2 1213 789856939
1 1379 1747
2 1845 458218903
1 1905 1674
2 1543 520589559
1 1025 1314
1 1411 1854
1 1253 1626
1 1759 1604
3 1650 234580732
3 1328 253285932
2 1652 444460022
2 1254 270843980
2 1886 658899195
1 1210 1011
3 1117 336045266
1 1231 1381
2 1654 27416246
2 1074 842260891
2 1473 967805325
2 1776 793135279
2 1599 70958381
3 1461 725726903
3 1856 787951749
3 1199 380716532
3 1600 775616096
2 1444 146828550
1 1722 1737
3 1198 799018626
3 1774 621055068
1 1381 1204
1 1390 1230
1 1282 1049
2 1856 590508230
2 1936 833156623
1 1696 1133
2 1216 549625944
2 1694 79903575
3 1319 37338864
3 1158 673783896
2 1789 775764448
3 1126 351047780
1 1827 1902
2 1467 756925097
1 1815 1954
2 1622 927324472
2 1069 849410566
3 1841 855333150
3 1224 837180790
2 1947 209983449
2 1500 262522551
2 1303 465562222
3 1516 517807373
1 1862 1965
2 1465 318158778
1 1269 1463
3 1559 505534356
2 1860 925599576
2 1278 713057784
3 1587 231871691
3 1579 581838033
1 1490 1351
3 1175 776969951
3 1063 240201905
2 1060 759617525
1 1117 1361
3 1442 592589684
3 1669 126511431
1 1694 1245
2 1341 132370397
2 1376 806480093
1 1898 1205
1 1213 1030
2 1331 189011722
2 1345 109707637
2 1216 864664423
3 1948 375644
3 1867 88619009
3 1036 715169630
1 1502 1474
1 1306 1262
1 1329 1652
2 1086 462036126
3 1696 829602312
3 1016 436246334
3 1497 628806384
3 1858 711358974
2 1174 601160079
3 1955 288246374
1 1064 1374
2 1450 101793150
2 1531 833169126
2 1831 814243114
2 1695 965714204
2 1530 562082468
2 1828 715798076
2 1017 809394302
2 1293 636025764
1 1010 1230
2 1235 651719906
3 1262 83803466
1 1705 1786
2 1617 588159949
1 1299 1172
2 1547 855020246
1 1211 1672
2 1820 944016402
2 1892 162313838
2 1242 738046512
3 1893 956315284
3 1175 616015786
2 1095 983024896
1 1560 1565
3 1498 791166555
2 1341 504762141
2 1747 285182265
2 1149 493136006
2 1805 502383507
2 1133 337547905
3 1031 997338686
1 1218 1785
1 1872 1459
1 1126 1116
3 1292 11040016
3 1723 818313749
1 1220 1536
3 1295 406258147
3 1593 125181485
2 1156 657726393
2 1725 212476428
1 1813 1341
2 1423 693890160
3 1288 858436012
1 1793 1825
1 1700 1279
1 1543 1857
2 1011 273230267
1 1351 1126
2 1480 51357334
2 1949 835639995
1 1868 1622
2 1433 965933278
2 1644 487633110
1 1631 1873
2 1908 158107246
1 1052 1588
1 1160 1846
3 1870 988773751
1 1595 1347
2 1057 107827805
2 1864 515149788
2 1213 160592636
3 1993 896720970
3 1488 979022171
3 1365 49850267
3 1669 60125151
1 1068 1486
3 1358 504471047
3 1968 13960255
1 1820 1093
1 1352 1558
1 1988 1900
2 1088 11260380
3 1637 124421999
2 1867 379855098
1 1072 1885
3 1725 562737924
1 1805 1416
3 1109 78140471
1 1308 1732
2 1290 66232663
3 1842 324113946
2 1464 172251515
2 1543 946602520
1 1101 1268
3 1521 192540340
1 1699 1375
2 1274 565050437
3 1620 980257294
2 1428 2663145
1 1822 1959
2 1632 308511729
2 1298 735793021
1 1051 1821
3 1295 395238985
2 1180 299147944
1 1424 1824
3 1487 55164766
2 1887 478586971
1 1959 1773
2 1960 653768984
2 1942 710340850
2 1477 681871219
3 1356 168907345
1 1777 1131
2 1827 773903181
1 1318 1431
1 1665 1695
3 1451 792568400
1 1357 1273
3 1506 117563325
2 1868 33464139
1 1811 1058
3 1678 388584647
1 1995 1496
2 1926 446883747
2 1145 259063783
3 1015 372411720
3 1569 459873340
3 1363 408547191
2 1196 905743085
3 1440 112368431
3 1503 989869507
1 1448 1632
3 1258 768899316
1 1848 1059
3 1628 314895739
1 1442 1629
3 1766 695701849
2 1142 537520775
2 1104 710897641
1 1754 1160
3 1352 77135209
2 1539 964276479
3 1046 288247933
2 1353 509288417
2 1102 896538855
2 1286 843190505
1 1309 1802
2 1553 920648377
3 1255 35211601
3 1076 148705734
2 1913 110206514
2 1895 114461205
2 1314 360420791
2 1795 846797885
3 1383 460581460
3 1721 925559778
3 1593 572204376
2 1571 908872310
3 1286 250549883
1 1505 1210
1 1206 1887
3 1144 117963404
1 1968 1461
3 1200 81003180
3 1472 875528080
2 1294 996810559
1 1676 1360
1 1319 1725
1 1755 1882
3 1964 679720287
3 1707 884277941
1 1867 1045
2 1629 964733586
2 1976 175878474
2 1793 29937585
1 1000 1563
1 1908 1079
3 1836 911105983
2 1904 694742587
1 1557 1553
3 1632 223428610
3 1551 818142167
2 1507 391604257
3 1330 576403632
2 1772 48073384
1 1900 1026
3 1423 95944925
3 1968 77912258
2 1320 525378365
1 1486 1423
3 1822 850770116
2 1266 212736290
3 1770 929867477
1 1699 1067
1 1678 1240
3 1455 173314666
2 1061 136087207
2 1297 703242895
3 1039 447710549
1 1182 1506
3 1926 115709288
1 1395 1747
3 1617 210737302
3 1994 96420822
2 1692 375588548
1 1908 1325
3 1357 855917441
3 1307 567216153
2 1872 131228938
1 1828 1043
2 1970 248286041
1 1620 1796
1 1220 1768
2 1036 689232778
2 1264 512618001
1 1331 1668
1 1846 1144
1 1010 1408
2 1122 721870411
2 1110 45214774
2 1268 775720212
2 1022 443319527
2 1928 114891890
1 1395 1615
1 1798 1153
1 1697 1106
1 1944 1079
3 1344 49538437
1 1616 1325
1 1848 1028
2 1028 547846137
3 1821 743387060
2 1946 13388424
1 1962 1180
2 1409 115305394
3 1385 719050111
3 1026 710533872
2 1361 501830523
1 1310 1071
1 1309 1626
2 1593 316423238
2 1274 395057411
1 1086 1987
1 1593 1835
2 1243 948467480
2 1741 648300606
3 1551 486413294
1 1730 1165
2 1094 157638595
2 1925 784577468
1 1476 1108
2 1266 9950028
2 1052 242213826
2 1162 74779066
2 1336 554853198
3 1004 957207691
2 1775 644153867
2 1985 361529153
3 1600 290903425
3 1484 375302153
3 1166 511218481
1 1293 1908
1 1227 1012
3 1571 590324190
1 1929 1511
1 1113 1518
3 1151 131679264
3 1035 505654127
3 1897 77439359
3 1076 628673921
3 1161 252967404
1 1610 1498
1 1798 1147
2 1062 818761476
1 1410 1518
2 1587 276586893
3 1347 859397573
1 1374 1379
1 1392 1103
1 1372 1009
3 1098 141742201
3 1613 871613598
2 1156 173303822
3 1502 452215468
3 1856 858387306
3 1961 971940985
3 1707 163469690
2 1605 678413520
2 1613 669381750
1 1684 1300
3 1803 693364899
2 1786 949102697
3 1265 243736270
3 1073 769452675
3 1351 768463575
2 1359 393036926
2 1783 225003527
1 1433 1165
2 1297 414186261
3 1429 411589132
3 1304 496439749
2 1052 953922917
2 1973 105250190
2 1351 559155728
1 1544 1947
2 1446 676369844
2 1730 823778212
2 1593 528596521
3 1422 205551464
2 1834 287804304
2 1339 831883630
2 1173 484391476
3 1475 626008029
1 1420 1673
2 1336 427414311
1 1933 1239
3 1237 662693892
2 1088 677916058
1 1826 1701
2 1985 11759703
2 1396 374162301
1 1876 1613
1 1491 1302
3 1332 577365241
2 1943 40148135
1 1042 1213
3 1462 142355392
1 1817 1883
3 1770 721715683
3 1156 294338434
3 1792 551799193
1 1916 1822
3 1055 678125702
3 1144 177772562
1 1776 1465
3 1104 158977202
1 1777 1969
1 1910 1574
1 1011 1849
2 1707 83092762
3 1619 330119267
3 1867 224032366
1 1167 1242
1 1030 1046
1 1600 1315
3 1095 661121923
3 1651 265412249
2 1606 870011439
2 1154 352051507
1 1602 1913
2 1784 140332770
1 1378 1001
2 1168 288551037
2 1284 605796448
1 1406 1030
1 1044 1559
3 1106 707219700
1 1640 1873
3 1673 319082579
2 1770 852753740
1 1280 1132
3 1328 279224754
3 1913 347113764
3 1864 42712242
3 1085 705922499
2 1041 647719768
3 1167 129728621
1 1013 1913
3 1788 841221494
2 1278 24174676
2 1993 820938436
3 1371 830443123
1 1426 1590
3 1698 81984405
1 1629 1151
2 1018 338104457
3 1127 358762392
2 1039 715025131
1 1448 1489
3 1847 934038875
1 1988 1534
3 1857 147757376
2 1238 501461874
1 1565 1230
1 1699 1118
3 1516 404157840
3 1812 956032661
3 1473 706215542
2 1541 220522024
2 1941 138079492
1 1623 1156
3 1415 667899906
3 1578 432720356
1 1515 1375
1 1778 1131
2 1813 169754028
2 1163 44763635
1 1248 1523
3 1748 207635097
2 1684 789591033
2 1297 916144066
2 1515 252622106
3 1241 713086008
3 1457 671276121
3 1114 375840501
3 1042 723755610
1 1803 1028
1 1338 1788
3 1622 199701776
1 1787 1890
3 1269 818694986
1 1233 1806
1 1789 1947
1 1223 1675
3 1991 984288077
1 1309 1232
1 1139 1060
3 1288 29915680
2 1890 53866431
3 1554 42797094
2 1479 937370028
3 1603 90673827
2 1298 357059533
1 1150 1580
3 1864 753136767
2 1668 937589680
3 1566 522135096
1 1891 1093
2 1214 661077186
2 1000 158815990
2 1366 630658341
1 1526 1017
1 1142 1163
1 1972 1609
2 1045 66472515
3 1653 138142745
2 1674 740090114
1 1048 1723
2 1651 367012745
2 1433 935032784
3 1376 37020276
3 1365 234221248
2 1218 96508008
2 1961 923158968
1 1960 1279
2 1217 41013303
1 1273 1878
3 1054 1196066
3 1283 793785626
1 1140 1115
1 1039 1869
2 1517 563658258
3 1786 382939020
1 1152 1901
2 1221 674019017
2 1860 980333001
3 1535 169713122
1 1726 1440
2 1953 219730375
2 1292 713499694
1 1118 1520
3 1546 127363832
2 1029 463064437
2 1158 250067310
3 1646 736576700
2 1637 556612821
1 1537 1208
1 1196 1414
1 1102 1663
3 1301 541250581
2 1874 278595611
1 1980 1455
2 1055 817172125
3 1598 610749134
2 1831 272829362
1 1034 1407
2 1709 236077199
1 1291 1111
1 1167 1947
2 1492 676486052
1 1686 1393
1 1347 1048
2 1067 511333269
2 1696 13149703
1 1867 1690
3 1246 753174689
1 1448 1638
2 1068 317270838
2 1221 547727414
3 1031 174291711
2 1037 957946535
3 1087 481660555
1 1623 1163
2 1387 449117019
3 1880 814125163
2 1361 99509009
2 1065 732489864
1 1353 1533
3 1123 348027843
2 1939 951029109
1 1114 1719
1 1125 1289
2 1734 266361821
3 1491 133440401
3 1639 305110146
2 1083 372166708
3 1735 662723869
3 1210 207066182
3 1522 250061455
1 1269 1077
1 1868 1204
3 1012 330953955
3 1011 610900663
3 1644 528094067
1 1460 1434
1 1707 1135
3 1555 410336393
2 1365 841279567
3 1360 599433645
2 1398 998082041
1 1125 1185
2 1053 258510694
1 1090 1062
3 1986 637240420
1 1886 1518
1 1108 1118
1 1218 1036
3 1768 457777551
3 1500 863257323
1 1083 1948
1 1507 1031
2 1575 734319111
2 1396 990259187
2 1294 106787187
3 1117 802675648
2 1856 236490218
3 1619 683978257
1 1962 1348
1 1358 1730
3 1589 396917973
3 1664 770177316
3 1923 48966692
1 1224 1978
1 1823 1346
3 1120 960922191
2 1495 472209147
1 1387 1611
1 1842 1555
2 1378 881584449
2 1302 244282921
1 1711 1866
3 1396 350165912
2 1085 628818353
2 1985 367979243
1 1120 1361
1 1772 1411
2 1552 413127170
1 1992 1986
2 1003 132938002
2 1769 577221662
1 1847 1995
2 1618 124972697
3 1563 897397066
2 1778 305900557
2 1229 649723
3 1362 124617665
3 1607 961764354
1 1299 1200
2 1991 14878636
2 1619 966109340
2 1157 271293547
3 1748 126799920
1 1845 1304
1 1324 1560
3 1652 36216330
2 1568 287735876
1 1111 1395
1 1393 1631
1 1501 1707
1 1966 1690
2 1007 52085743
2 1395 228191522
2 1779 974149182
3 1526 140610303
2 1524 543087440
1 1874 1176
2 1131 77487677
2 1515 100946258
2 1407 719002570
3 1723 104978005
3 1510 519809924
3 1475 223758637
3 1347 9248102
3 1760 196285441
2 1097 909111211
3 1144 965101452
2 1460 265628924
3 1414 404408227
2 1399 312747486
1 1993 1118
1 1568 1739
3 1545 482074597
3 1570 298208916
2 1833 119425000
1 1636 1909
2 1979 776467599
2 1052 573458469
1 1787 1862
3 1184 643238214
1 1711 1035
2 1884 72933485
2 1563 822207434
1 1379 1953
1 1197 1460
2 1258 650005143
2 1033 978355316
3 1102 647986566
3 1584 999568650
2 1384 696389564
1 1042 1714
1 1414 1056
2 1147 865938397
2 1890 1233313
1 1299 1198
3 1244 627829950
2 1192 297252244
1 1589 1213
3 1228 59031128
1 1254 1202
2 1914 621155486
2 1931 177985593
1 1452 1262
3 1442 334452035
2 1345 321986807
3 1964 139803233
1 1003 1849
3 1702 510704895
1 1447 1701
1 1302 1546
3 1335 324276731
3 1522 628320173
3 1880 528885018
2 1604 817449308
2 1825 609425074
3 1067 739036131
2 1937 885546011
3 1353 955971028
2 1305 227707123
2 1073 128494758
3 1086 976200183
2 1993 617493159
1 1942 1376
2 1968 439915578
3 1866 114470050
1 1715 1185
1 1676 1405
3 1086 161653978
3 1457 174885404
3 1093 78659218
2 1885 633159932
1 1474 1474
3 1069 157450386
2 1165 381395374
2 1697 871027416
1 1437 1933
1 1558 1724
1 1862 1153
2 1139 838474340
2 1316 778047388
3 1851 522660107
2 1163 177305384
1 1853 1297
2 1957 342049357
1 1406 1189
1 1354 1534
1 1631 1411
2 1049 174196613
2 1546 913726859
1 1252 1114
2 1974 257292748
2 1146 612729060
3 1198 611038785
1 1472 1432
1 1063 1841
1 1187 1864
2 1881 41275802
1 1584 1487
2 1602 219789821
2 1289 993280399
2 1449 967967241
3 1086 63046577
1 1304 1764
3 1164 633057488
2 1099 404195895
3 1717 12291191
3 1802 614941052
3 1179 562106838
3 1141 828198320
2 1365 912648834
2 1316 570138430
1 1930 1286
1 1306 1648
2 1345 705080948
2 1278 905074551
1 1474 1528
1 1896 1439
3 1252 52385984
2 1258 684669016
2 1091 926932024
2 1162 390311561
2 1401 624549720
3 1046 768920128
3 1714 128175117
3 1210 241612940
2 1558 699709831
1 1252 1221
3 1753 561621967
2 1994 701890682
3 1557 972037687
3 1461 335709939
2 1587 230096886
3 1576 358803912
1 1800 1195
2 1652 364868783
1 1415 1433
3 1513 808611938
2 1533 919590064
2 1266 174050301
1 1733 1482
2 1905 791363737
1 1437 1150
1 1181 1768
2 1188 652356817
3 1241 816878278
2 1535 843859008
3 1101 346517604
1 1964 1741
2 1992 359164407
2 1770 14091271
3 1520 675879842
3 1295 674045430
3 1570 558084324
2 1453 962109857
1 1657 1739
2 1388 959829327
2 1043 889950761
1 1376 1870
2 1212 102379857
1 1692 1731
1 1867 1252
2 1026 911617614
3 1481 923664273
2 1077 182929940
2 1282 436919820
2 1700 782749033
2 1427 596604664
1 1033 1953
1 1386 1121
1 1580 1969
3 1444 287120750
3 1140 745108747
3 1878 713500924
1 1190 1207
3 1444 666643704
1 1224 1068
2 1416 144443472
1 1675 1834
1 1779 1294
3 1609 876127134
3 1657 794313507
1 1178 1048
3 1390 391125271
1 1626 1935
2 1972 194376975
1 1828 1875
3 1699 616146472
1 1024 1473
2 1459 360870674
2 1540 929532954
1 1618 1307
3 1335 761013404
2 1639 590123218
1 1330 1154
2 1932 388550642
1 1299 1468
1 1044 1898
2 1065 240554222
2 1360 901267856
3 1492 539545651
3 1565 887818060
2 1639 594572383
2 1289 53652080
1 1991 1661
2 1664 678493854
1 1468 1507
1 1262 1224
3 1081 976414390
1 1226 1507
1 1967 1028
2 1915 536992669
3 1062 451947690
1 1220 1527
3 1334 26434557
2 1532 59582782
3 1339 196845921
3 1880 202554457
1 1737 1262
2 1210 372022360
1 1955 1793
1 1542 1929
2 1049 191344076
3 1725 315099146
3 1380 582072280
1 1531 1282
3 1752 773063859
2 1107 551969305
3 1822 173156496
2 1213 934628356
1 1381 1746
1 1187 1428
3 1991 158975927
1 1510 1021
3 1075 362330794
2 1255 733477790
2 1052 794976182
3 1283 189248980
3 1710 90881747
3 1872 447878665
1 1727 1791
3 1674 308163053
3 1512 935545586
1 1628 1495
3 1567 783369221
1 1796 1029
2 1125 657169152
3 1265 684132511
3 1903 749236993
1 1143 1960
1 1996 1024
2 1537 998002127
2 1389 552981724
3 1706 463775292
1 1297 1212
1 1187 1225
2 1635 46541573
2 1739 456914101
3 1775 77089650
1 1797 1715
1 1083 1809
1 1536 1393
1 1666 1721
3 1614 786700005
3 1256 502160086
2 1344 129907418
3 1903 824748414
3 1296 193944945
2 1478 406221680
1 1710 1299
1 1982 1513
2 1455 530767111
3 1878 864704103
2 1041 647081377
2 1286 761263117
3 1149 709354626
2 1045 460086679
1 1954 1046
2 1100 904697983
2 1786 5560087
3 1283 494661078
3 1708 471442373
1 1899 1293
2 1570 843239670
2 1465 155310755
3 1979 48892656
3 1585 192953391
3 1511 376194520
1 1607 1019
1 1717 1510
2 1332 711739465
3 1311 654089775
3 1172 287742062
2 1902 1958374
