---init---
---start---
-1 -1 -1 -1 -1 
-1 0  0  0  -1 
-1 0  0  0  -1 
-1 0  0  0  -1 
-1 -1 -1 -1 -1 
---end---
op = 1
以(1,1)查找(0,0)
以(1,1)查找(0,1)
以(1,1)查找(2,1)
以(1,1)查找(1,2)
(1,1)的气数为2
find x:1 y:1 fx:1 fy:1
(1,1)是他自己的父亲
---start---
-1 -1 -1 -1 -1 
-1 1  0  0  -1 
-1 0  0  0  -1 
-1 0  0  0  -1 
-1 -1 -1 -1 -1 
---end---
op = 4
---start---
-1 -1 -1 -1 -1 
-1 1  0  0  -1 
-1 0  0  0  -1 
-1 0  0  0  -1 
-1 -1 -1 -1 -1 
---end---
op = 1
以(3,1)查找(0,0)
以(3,1)查找(2,1)
以(3,1)查找(4,1)
以(3,1)查找(3,2)
(3,1)的气数为2
find x:3 y:1 fx:3 fy:1
(3,1)是他自己的父亲
---start---
-1 -1 -1 -1 -1 
-1 1  0  0  -1 
-1 0  0  0  -1 
-1 1  0  0  -1 
-1 -1 -1 -1 -1 
---end---
op = 3
---start---
-1 -1 -1 -1 -1 
-1 1  0  0  -1 
-1 0  0  0  -1 
-1 1  0  0  -1 
-1 -1 -1 -1 -1 
---end---
op = 1
以(2,2)查找(0,0)
以(2,2)查找(1,2)
以(2,2)查找(3,2)
以(2,2)查找(2,3)
(2,2)的气数为4
find x:2 y:2 fx:2 fy:2
(2,2)是他自己的父亲
---start---
-1 -1 -1 -1 -1 
-1 1  0  0  -1 
-1 0  1  0  -1 
-1 1  0  0  -1 
-1 -1 -1 -1 -1 
---end---
op = 5 : find x:1 y:1 fx:1 fy:1
(1,1)是他自己的父亲
ans:2
---start---
-1 -1 -1 -1 -1 
-1 1  0  0  -1 
-1 0  1  0  -1 
-1 1  0  0  -1 
-1 -1 -1 -1 -1 
---end---
op = 1
以(1,2)查找(0,0)
以(1,2)查找(0,2)
!find x:1 y:2 fx:1 fy:2
(1,2)是他自己的父亲
以(1,2)查找(2,2)
以(1,2)查找(1,3)
!find x:1 y:2 fx:2 fy:2
find x:2 y:2 fx:2 fy:2
(2,2)是他自己的父亲
(2,2)是(1,2)的父亲
(2,2)的气数为3
find x:2 y:2 fx:1 fy:1
find x:1 y:1 fx:1 fy:1
(1,1)是他自己的父亲
(1,1)是(2,2)的父亲
(1,1)的气数为1
find x:1 y:1 fx:1 fy:1
(1,1)是他自己的父亲
(1,2)的气数为1
find x:1 y:2 fx:2 fy:2
find x:2 y:2 fx:1 fy:1
find x:1 y:1 fx:1 fy:1
(1,1)是他自己的父亲
(1,1)是(2,2)的父亲
(1,1)是(1,2)的父亲
---start---
-1 -1 -1 -1 -1 
-1 1  1  0  -1 
-1 0  1  0  -1 
-1 1  0  0  -1 
-1 -1 -1 -1 -1 
---end---
op = 5 : find x:1 y:1 fx:1 fy:1
(1,1)是他自己的父亲
ans:2
---start---
-1 -1 -1 -1 -1 
-1 1  1  0  -1 
-1 0  1  0  -1 
-1 1  0  0  -1 
-1 -1 -1 -1 -1 
---end---
op = 2
以(2,3)查找(0,0)
以(2,3)查找(1,3)
以(2,3)查找(3,3)
以(2,3)查找(2,4)
(2,2)的气数为2
find x:2 y:2 fx:1 fy:1
find x:1 y:1 fx:1 fy:1
(1,1)是他自己的父亲
(1,1)是(2,2)的父亲
(2,3)的气数为2
find x:2 y:3 fx:2 fy:3
(2,3)是他自己的父亲
---start---
-1 -1 -1 -1 -1 
-1 1  1  0  -1 
-1 0  1  2  -1 
-1 1  0  0  -1 
-1 -1 -1 -1 -1 
---end---
op = 5 : find x:2 y:3 fx:2 fy:3
(2,3)是他自己的父亲
ans:2
---start---
-1 -1 -1 -1 -1 
-1 1  1  0  -1 
-1 0  1  2  -1 
-1 1  0  0  -1 
-1 -1 -1 -1 -1 
---end---
op = 2
以(2,1)查找(0,0)
以(2,1)查找(1,1)
以(2,1)查找(3,1)
以(2,1)查找(2,2)
(1,1)的气数为0
find x:1 y:1 fx:1 fy:1
(1,1)是他自己的父亲
(3,1)的气数为1
find x:3 y:1 fx:3 fy:1
(3,1)是他自己的父亲
(2,2)的气数为1
find x:2 y:2 fx:1 fy:1
find x:1 y:1 fx:1 fy:1
(1,1)是他自己的父亲
(1,1)是(2,2)的父亲
(2,1)的气数为0
find x:2 y:1 fx:2 fy:1
(2,1)是他自己的父亲
---start---
-1 -1 -1 -1 -1 
-1 1  1  0  -1 
-1 2  1  2  -1 
-1 1  0  0  -1 
-1 -1 -1 -1 -1 
---end---
op = 4
---start---
-1 -1 -1 -1 -1 
-1 1  1  0  -1 
-1 2  1  2  -1 
-1 1  0  0  -1 
-1 -1 -1 -1 -1 
---end---
op = 1
以(3,3)查找(0,0)
以(3,3)查找(2,3)
以(3,3)查找(4,3)
以(3,3)查找(3,4)
(2,3)的气数为1
find x:2 y:3 fx:2 fy:3
(2,3)是他自己的父亲
(3,3)的气数为1
find x:3 y:3 fx:3 fy:3
(3,3)是他自己的父亲
---start---
-1 -1 -1 -1 -1 
-1 1  1  0  -1 
-1 2  1  2  -1 
-1 1  0  1  -1 
-1 -1 -1 -1 -1 
---end---
op = 3
---start---
-1 -1 -1 -1 -1 
-1 1  1  0  -1 
-1 2  1  2  -1 
-1 1  0  1  -1 
-1 -1 -1 -1 -1 
---end---
op = 2
以(1,3)查找(0,0)
以(1,3)查找(0,3)
!find x:1 y:3 fx:1 fy:3
(1,3)是他自己的父亲
以(1,3)查找(2,3)
以(1,3)查找(1,4)
(2,3)的气数为0
find x:2 y:3 fx:2 fy:3
(2,3)是他自己的父亲
(1,2)的气数为0
find x:1 y:2 fx:1 fy:1
find x:1 y:1 fx:1 fy:1
(1,1)是他自己的父亲
(1,1)是(1,2)的父亲
(1,3)的气数为0
find x:1 y:3 fx:2 fy:3
find x:2 y:3 fx:2 fy:3
(2,3)是他自己的父亲
(2,3)是(1,3)的父亲
---start---
-1 -1 -1 -1 -1 
-1 1  1  2  -1 
-1 2  1  2  -1 
-1 1  0  1  -1 
-1 -1 -1 -1 -1 
---end---
op = 5 : find x:2 y:2 fx:1 fy:1
find x:1 y:1 fx:1 fy:1
(1,1)是他自己的父亲
(1,1)是(2,2)的父亲
ans:-3
---start---
-1 -1 -1 -1 -1 
-1 1  1  2  -1 
-1 2  1  2  -1 
-1 1  0  1  -1 
-1 -1 -1 -1 -1 
---end---
op = 1
以(3,2)查找(0,0)
!find x:3 y:2 fx:3 fy:2
(3,2)是他自己的父亲
以(3,2)查找(2,2)
以(3,2)查找(4,2)
!find x:3 y:2 fx:1 fy:1
find x:1 y:1 fx:1 fy:1
(1,1)是他自己的父亲
(1,1)是(3,2)的父亲
以(3,2)查找(3,3)
!find x:3 y:2 fx:1 fy:1
find x:1 y:1 fx:3 fy:3
find x:3 y:3 fx:3 fy:3
(3,3)是他自己的父亲
(3,3)是(1,1)的父亲
(3,3)是(3,2)的父亲
(2,2)的气数为0
find x:2 y:2 fx:1 fy:1
find x:1 y:1 fx:3 fy:3
find x:3 y:3 fx:3 fy:1
find x:3 y:1 fx:3 fy:1
(3,1)是他自己的父亲
(3,1)是(3,3)的父亲
(3,1)是(1,1)的父亲
(3,1)是(2,2)的父亲
(3,3)的气数为0
find x:3 y:3 fx:3 fy:1
find x:3 y:1 fx:3 fy:1
(3,1)是他自己的父亲
(3,1)是(3,3)的父亲
(3,1)的气数为0
find x:3 y:1 fx:3 fy:1
(3,1)是他自己的父亲
(3,2)的气数为0
find x:3 y:2 fx:3 fy:3
find x:3 y:3 fx:3 fy:1
find x:3 y:1 fx:3 fy:1
(3,1)是他自己的父亲
(3,1)是(3,3)的父亲
(3,1)是(3,2)的父亲
---start---
-1 -1 -1 -1 -1 
-1 1  1  2  -1 
-1 2  1  2  -1 
-1 1  1  1  -1 
-1 -1 -1 -1 -1 
---end---
op = 5 : find x:3 y:3 fx:3 fy:1
find x:3 y:1 fx:3 fy:1
(3,1)是他自己的父亲
(3,1)是(3,3)的父亲
ans:0
---start---
-1 -1 -1 -1 -1 
-1 1  1  2  -1 
-1 2  1  2  -1 
-1 1  1  1  -1 
-1 -1 -1 -1 -1 
---end---
