---init---
---start---
-1 -1 -1 -1 -1 
-1 0  0  0  -1 
-1 0  0  0  -1 
-1 0  0  0  -1 
-1 -1 -1 -1 -1 
---air---
0  0  0  0  0  
0  0  0  0  0  
0  0  0  0  0  
0  0  0  0  0  
0  0  0  0  0  
---fathAir---
0  0  0  0  0  
0  0  0  0  0  
0  0  0  0  0  
0  0  0  0  0  
0  0  0  0  0  
---end---
op = 1
以(1,1)查找(0,0)
find x:0 y:1 fx:0 fy:1
(0,1)是他自己的父亲
find x:1 y:1 fx:1 fy:1
(1,1)是他自己的父亲
以(1,1)查找(0,1)
find x:2 y:1 fx:2 fy:1
(2,1)是他自己的父亲
find x:1 y:1 fx:1 fy:1
(1,1)是他自己的父亲
以(1,1)查找(2,1)
find x:1 y:2 fx:1 fy:2
(1,2)是他自己的父亲
find x:1 y:1 fx:1 fy:1
(1,1)是他自己的父亲
以(1,1)查找(1,2)
find x:1 y:0 fx:1 fy:0
(1,0)是他自己的父亲
find x:1 y:1 fx:1 fy:1
(1,1)是他自己的父亲
(1,1)的气数为2
find x:1 y:1 fx:1 fy:1
(1,1)是他自己的父亲
其父亲(1,1)的总气数是0
其父亲(1,1)的气数被更新为了2
---start---
-1 -1 -1 -1 -1 
-1 1  0  0  -1 
-1 0  0  0  -1 
-1 0  0  0  -1 
-1 -1 -1 -1 -1 
---air---
0  0  0  0  0  
0  2  0  0  0  
0  0  0  0  0  
0  0  0  0  0  
0  0  0  0  0  
---fathAir---
0  0  0  0  0  
0  2  0  0  0  
0  0  0  0  0  
0  0  0  0  0  
0  0  0  0  0  
---end---
op = 4
0
---start---
-1 -1 -1 -1 -1 
-1 1  0  0  -1 
-1 0  0  0  -1 
-1 0  0  0  -1 
-1 -1 -1 -1 -1 
---air---
0  0  0  0  0  
0  2  0  0  0  
0  0  0  0  0  
0  0  0  0  0  
0  0  0  0  0  
---fathAir---
0  0  0  0  0  
0  2  0  0  0  
0  0  0  0  0  
0  0  0  0  0  
0  0  0  0  0  
---end---
op = 1
以(3,1)查找(0,0)
find x:2 y:1 fx:2 fy:1
(2,1)是他自己的父亲
find x:3 y:1 fx:3 fy:1
(3,1)是他自己的父亲
以(3,1)查找(2,1)
find x:4 y:1 fx:4 fy:1
(4,1)是他自己的父亲
find x:3 y:1 fx:3 fy:1
(3,1)是他自己的父亲
以(3,1)查找(4,1)
find x:3 y:2 fx:3 fy:2
(3,2)是他自己的父亲
find x:3 y:1 fx:3 fy:1
(3,1)是他自己的父亲
以(3,1)查找(3,2)
find x:3 y:0 fx:3 fy:0
(3,0)是他自己的父亲
find x:3 y:1 fx:3 fy:1
(3,1)是他自己的父亲
(3,1)的气数为2
find x:3 y:1 fx:3 fy:1
(3,1)是他自己的父亲
其父亲(3,1)的总气数是0
其父亲(3,1)的气数被更新为了2
---start---
-1 -1 -1 -1 -1 
-1 1  0  0  -1 
-1 0  0  0  -1 
-1 1  0  0  -1 
-1 -1 -1 -1 -1 
---air---
0  0  0  0  0  
0  2  0  0  0  
0  0  0  0  0  
0  2  0  0  0  
0  0  0  0  0  
---fathAir---
0  0  0  0  0  
0  2  0  0  0  
0  0  0  0  0  
0  2  0  0  0  
0  0  0  0  0  
---end---
op = 3
2
---start---
-1 -1 -1 -1 -1 
-1 1  0  0  -1 
-1 0  0  0  -1 
-1 1  0  0  -1 
-1 -1 -1 -1 -1 
---air---
0  0  0  0  0  
0  2  0  0  0  
0  0  0  0  0  
0  2  0  0  0  
0  0  0  0  0  
---fathAir---
0  0  0  0  0  
0  2  0  0  0  
0  0  0  0  0  
0  2  0  0  0  
0  0  0  0  0  
---end---
op = 1
以(2,2)查找(0,0)
find x:1 y:2 fx:1 fy:2
(1,2)是他自己的父亲
find x:2 y:2 fx:2 fy:2
(2,2)是他自己的父亲
以(2,2)查找(1,2)
find x:3 y:2 fx:3 fy:2
(3,2)是他自己的父亲
find x:2 y:2 fx:2 fy:2
(2,2)是他自己的父亲
以(2,2)查找(3,2)
find x:2 y:3 fx:2 fy:3
(2,3)是他自己的父亲
find x:2 y:2 fx:2 fy:2
(2,2)是他自己的父亲
以(2,2)查找(2,3)
find x:2 y:1 fx:2 fy:1
(2,1)是他自己的父亲
find x:2 y:2 fx:2 fy:2
(2,2)是他自己的父亲
(2,2)的气数为4
find x:2 y:2 fx:2 fy:2
(2,2)是他自己的父亲
其父亲(2,2)的总气数是0
其父亲(2,2)的气数被更新为了4
---start---
-1 -1 -1 -1 -1 
-1 1  0  0  -1 
-1 0  1  0  -1 
-1 1  0  0  -1 
-1 -1 -1 -1 -1 
---air---
0  0  0  0  0  
0  2  0  0  0  
0  0  4  0  0  
0  2  0  0  0  
0  0  0  0  0  
---fathAir---
0  0  0  0  0  
0  2  0  0  0  
0  0  4  0  0  
0  2  0  0  0  
0  0  0  0  0  
---end---
op = 5 : find x:1 y:1 fx:1 fy:1
(1,1)是他自己的父亲
2
---start---
-1 -1 -1 -1 -1 
-1 1  0  0  -1 
-1 0  1  0  -1 
-1 1  0  0  -1 
-1 -1 -1 -1 -1 
---air---
0  0  0  0  0  
0  2  0  0  0  
0  0  4  0  0  
0  2  0  0  0  
0  0  0  0  0  
---fathAir---
0  0  0  0  0  
0  2  0  0  0  
0  0  4  0  0  
0  2  0  0  0  
0  0  0  0  0  
---end---
op = 1
以(1,2)查找(0,0)
find x:0 y:2 fx:0 fy:2
(0,2)是他自己的父亲
find x:1 y:2 fx:1 fy:2
(1,2)是他自己的父亲
以(1,2)查找(0,2)
find x:1 y:2 fx:1 fy:2
(1,2)是他自己的父亲
find x:2 y:2 fx:2 fy:2
(2,2)是他自己的父亲
find x:2 y:2 fx:2 fy:2
(2,2)是他自己的父亲
find x:1 y:2 fx:2 fy:2
find x:2 y:2 fx:2 fy:2
(2,2)是他自己的父亲
(2,2)是(1,2)的父亲
以(1,2)查找(2,2)
find x:1 y:3 fx:1 fy:3
(1,3)是他自己的父亲
find x:1 y:2 fx:2 fy:2
find x:2 y:2 fx:2 fy:2
(2,2)是他自己的父亲
(2,2)是(1,2)的父亲
以(1,2)查找(1,3)
find x:1 y:2 fx:2 fy:2
find x:2 y:2 fx:2 fy:2
(2,2)是他自己的父亲
(2,2)是(1,2)的父亲
find x:1 y:1 fx:1 fy:1
(1,1)是他自己的父亲
find x:1 y:1 fx:1 fy:1
(1,1)是他自己的父亲
find x:1 y:2 fx:2 fy:2
find x:2 y:2 fx:1 fy:1
find x:1 y:1 fx:1 fy:1
(1,1)是他自己的父亲
(1,1)是(2,2)的父亲
(1,1)是(1,2)的父亲
(2,2)的气数为3
find x:2 y:2 fx:1 fy:1
find x:1 y:1 fx:1 fy:1
(1,1)是他自己的父亲
(1,1)是(2,2)的父亲
其父亲(1,1)的总气数是2
其父亲(1,1)的气数被更新为了1
(1,1)的气数为1
find x:1 y:1 fx:1 fy:1
(1,1)是他自己的父亲
其父亲(1,1)的总气数是1
其父亲(1,1)的气数被更新为了0
(1,2)的气数为1
find x:1 y:2 fx:1 fy:1
find x:1 y:1 fx:1 fy:1
(1,1)是他自己的父亲
(1,1)是(1,2)的父亲
其父亲(1,1)的总气数是0
其父亲(1,1)的气数被更新为了1
find x:1 y:2 fx:1 fy:1
find x:1 y:1 fx:1 fy:1
(1,1)是他自己的父亲
(1,1)是(1,2)的父亲
祖先节点(1,1)的气数被更新成了4
find x:2 y:2 fx:1 fy:1
find x:1 y:1 fx:1 fy:1
(1,1)是他自己的父亲
(1,1)是(2,2)的父亲
祖先节点(1,1)的气数被更新成了5
---start---
-1 -1 -1 -1 -1 
-1 1  1  0  -1 
-1 0  1  0  -1 
-1 1  0  0  -1 
-1 -1 -1 -1 -1 
---air---
0  0  0  0  0  
0  1  1  0  0  
0  0  3  0  0  
0  2  0  0  0  
0  0  0  0  0  
---fathAir---
0  0  0  0  0  
0  5  0  0  0  
0  0  4  0  0  
0  2  0  0  0  
0  0  0  0  0  
---end---
op = 5 : find x:1 y:1 fx:1 fy:1
(1,1)是他自己的父亲
5
---start---
-1 -1 -1 -1 -1 
-1 1  1  0  -1 
-1 0  1  0  -1 
-1 1  0  0  -1 
-1 -1 -1 -1 -1 
---air---
0  0  0  0  0  
0  1  1  0  0  
0  0  3  0  0  
0  2  0  0  0  
0  0  0  0  0  
---fathAir---
0  0  0  0  0  
0  5  0  0  0  
0  0  4  0  0  
0  2  0  0  0  
0  0  0  0  0  
---end---
op = 2
以(2,3)查找(0,0)
find x:1 y:3 fx:1 fy:3
(1,3)是他自己的父亲
find x:2 y:3 fx:2 fy:3
(2,3)是他自己的父亲
以(2,3)查找(1,3)
find x:3 y:3 fx:3 fy:3
(3,3)是他自己的父亲
find x:2 y:3 fx:2 fy:3
(2,3)是他自己的父亲
以(2,3)查找(3,3)
find x:2 y:4 fx:2 fy:4
(2,4)是他自己的父亲
find x:2 y:3 fx:2 fy:3
(2,3)是他自己的父亲
以(2,3)查找(2,4)
find x:2 y:2 fx:1 fy:1
find x:1 y:1 fx:1 fy:1
(1,1)是他自己的父亲
(1,1)是(2,2)的父亲
find x:2 y:3 fx:2 fy:3
(2,3)是他自己的父亲
(2,2)的气数为2
find x:2 y:2 fx:1 fy:1
find x:1 y:1 fx:1 fy:1
(1,1)是他自己的父亲
(1,1)是(2,2)的父亲
其父亲(1,1)的总气数是5
其父亲(1,1)的气数被更新为了4
(2,3)的气数为2
find x:2 y:3 fx:2 fy:3
(2,3)是他自己的父亲
其父亲(2,3)的总气数是0
其父亲(2,3)的气数被更新为了2
---start---
-1 -1 -1 -1 -1 
-1 1  1  0  -1 
-1 0  1  2  -1 
-1 1  0  0  -1 
-1 -1 -1 -1 -1 
---air---
0  0  0  0  0  
0  1  1  0  0  
0  0  2  2  0  
0  2  0  0  0  
0  0  0  0  0  
---fathAir---
0  0  0  0  0  
0  4  0  0  0  
0  0  4  2  0  
0  2  0  0  0  
0  0  0  0  0  
---end---
op = 5 : find x:2 y:3 fx:2 fy:3
(2,3)是他自己的父亲
2
---start---
-1 -1 -1 -1 -1 
-1 1  1  0  -1 
-1 0  1  2  -1 
-1 1  0  0  -1 
-1 -1 -1 -1 -1 
---air---
0  0  0  0  0  
0  1  1  0  0  
0  0  2  2  0  
0  2  0  0  0  
0  0  0  0  0  
---fathAir---
0  0  0  0  0  
0  4  0  0  0  
0  0  4  2  0  
0  2  0  0  0  
0  0  0  0  0  
---end---
op = 2
以(2,1)查找(0,0)
find x:1 y:1 fx:1 fy:1
(1,1)是他自己的父亲
find x:2 y:1 fx:2 fy:1
(2,1)是他自己的父亲
以(2,1)查找(1,1)
find x:3 y:1 fx:3 fy:1
(3,1)是他自己的父亲
find x:2 y:1 fx:2 fy:1
(2,1)是他自己的父亲
以(2,1)查找(3,1)
find x:2 y:2 fx:1 fy:1
find x:1 y:1 fx:1 fy:1
(1,1)是他自己的父亲
(1,1)是(2,2)的父亲
find x:2 y:1 fx:2 fy:1
(2,1)是他自己的父亲
以(2,1)查找(2,2)
find x:2 y:0 fx:2 fy:0
(2,0)是他自己的父亲
find x:2 y:1 fx:2 fy:1
(2,1)是他自己的父亲
(1,1)的气数为0
find x:1 y:1 fx:1 fy:1
(1,1)是他自己的父亲
其父亲(1,1)的总气数是4
其父亲(1,1)的气数被更新为了3
(3,1)的气数为1
find x:3 y:1 fx:3 fy:1
(3,1)是他自己的父亲
其父亲(3,1)的总气数是2
其父亲(3,1)的气数被更新为了1
(2,2)的气数为1
find x:2 y:2 fx:1 fy:1
find x:1 y:1 fx:1 fy:1
(1,1)是他自己的父亲
(1,1)是(2,2)的父亲
其父亲(1,1)的总气数是3
其父亲(1,1)的气数被更新为了2
(2,1)的气数为0
find x:2 y:1 fx:2 fy:1
(2,1)是他自己的父亲
其父亲(2,1)的总气数是0
其父亲(2,1)的气数被更新为了0
---start---
-1 -1 -1 -1 -1 
-1 1  1  0  -1 
-1 2  1  2  -1 
-1 1  0  0  -1 
-1 -1 -1 -1 -1 
---air---
0  0  0  0  0  
0  0  1  0  0  
0  0  1  2  0  
0  1  0  0  0  
0  0  0  0  0  
---fathAir---
0  0  0  0  0  
0  2  0  0  0  
0  0  4  2  0  
0  1  0  0  0  
0  0  0  0  0  
---end---
op = 4
2
---start---
-1 -1 -1 -1 -1 
-1 1  1  0  -1 
-1 2  1  2  -1 
-1 1  0  0  -1 
-1 -1 -1 -1 -1 
---air---
0  0  0  0  0  
0  0  1  0  0  
0  0  1  2  0  
0  1  0  0  0  
0  0  0  0  0  
---fathAir---
0  0  0  0  0  
0  2  0  0  0  
0  0  4  2  0  
0  1  0  0  0  
0  0  0  0  0  
---end---
op = 1
以(3,3)查找(0,0)
find x:2 y:3 fx:2 fy:3
(2,3)是他自己的父亲
find x:3 y:3 fx:3 fy:3
(3,3)是他自己的父亲
以(3,3)查找(2,3)
find x:4 y:3 fx:4 fy:3
(4,3)是他自己的父亲
find x:3 y:3 fx:3 fy:3
(3,3)是他自己的父亲
以(3,3)查找(4,3)
find x:3 y:4 fx:3 fy:4
(3,4)是他自己的父亲
find x:3 y:3 fx:3 fy:3
(3,3)是他自己的父亲
以(3,3)查找(3,4)
find x:3 y:2 fx:3 fy:2
(3,2)是他自己的父亲
find x:3 y:3 fx:3 fy:3
(3,3)是他自己的父亲
(2,3)的气数为1
find x:2 y:3 fx:2 fy:3
(2,3)是他自己的父亲
其父亲(2,3)的总气数是2
其父亲(2,3)的气数被更新为了1
(3,3)的气数为1
find x:3 y:3 fx:3 fy:3
(3,3)是他自己的父亲
其父亲(3,3)的总气数是0
其父亲(3,3)的气数被更新为了1
---start---
-1 -1 -1 -1 -1 
-1 1  1  0  -1 
-1 2  1  2  -1 
-1 1  0  1  -1 
-1 -1 -1 -1 -1 
---air---
0  0  0  0  0  
0  0  1  0  0  
0  0  1  1  0  
0  1  0  1  0  
0  0  0  0  0  
---fathAir---
0  0  0  0  0  
0  2  0  0  0  
0  0  4  1  0  
0  1  0  1  0  
0  0  0  0  0  
---end---
op = 3
3
---start---
-1 -1 -1 -1 -1 
-1 1  1  0  -1 
-1 2  1  2  -1 
-1 1  0  1  -1 
-1 -1 -1 -1 -1 
---air---
0  0  0  0  0  
0  0  1  0  0  
0  0  1  1  0  
0  1  0  1  0  
0  0  0  0  0  
---fathAir---
0  0  0  0  0  
0  2  0  0  0  
0  0  4  1  0  
0  1  0  1  0  
0  0  0  0  0  
---end---
op = 2
以(1,3)查找(0,0)
find x:0 y:3 fx:0 fy:3
(0,3)是他自己的父亲
find x:1 y:3 fx:1 fy:3
(1,3)是他自己的父亲
以(1,3)查找(0,3)
find x:1 y:3 fx:1 fy:3
(1,3)是他自己的父亲
find x:2 y:3 fx:2 fy:3
(2,3)是他自己的父亲
find x:2 y:3 fx:2 fy:3
(2,3)是他自己的父亲
find x:1 y:3 fx:2 fy:3
find x:2 y:3 fx:2 fy:3
(2,3)是他自己的父亲
(2,3)是(1,3)的父亲
以(1,3)查找(2,3)
find x:1 y:4 fx:1 fy:4
(1,4)是他自己的父亲
find x:1 y:3 fx:2 fy:3
find x:2 y:3 fx:2 fy:3
(2,3)是他自己的父亲
(2,3)是(1,3)的父亲
以(1,3)查找(1,4)
find x:1 y:2 fx:1 fy:1
find x:1 y:1 fx:1 fy:1
(1,1)是他自己的父亲
(1,1)是(1,2)的父亲
find x:1 y:3 fx:2 fy:3
find x:2 y:3 fx:2 fy:3
(2,3)是他自己的父亲
(2,3)是(1,3)的父亲
(2,3)的气数为0
find x:2 y:3 fx:2 fy:3
(2,3)是他自己的父亲
其父亲(2,3)的总气数是1
其父亲(2,3)的气数被更新为了0
(1,2)的气数为0
find x:1 y:2 fx:1 fy:1
find x:1 y:1 fx:1 fy:1
(1,1)是他自己的父亲
(1,1)是(1,2)的父亲
其父亲(1,1)的总气数是2
其父亲(1,1)的气数被更新为了1
(1,3)的气数为0
find x:1 y:3 fx:2 fy:3
find x:2 y:3 fx:2 fy:3
(2,3)是他自己的父亲
(2,3)是(1,3)的父亲
其父亲(2,3)的总气数是0
其父亲(2,3)的气数被更新为了0
find x:1 y:3 fx:2 fy:3
find x:2 y:3 fx:2 fy:3
(2,3)是他自己的父亲
(2,3)是(1,3)的父亲
祖先节点(2,3)的气数被更新成了0
---start---
-1 -1 -1 -1 -1 
-1 1  1  2  -1 
-1 2  1  2  -1 
-1 1  0  1  -1 
-1 -1 -1 -1 -1 
---air---
0  0  0  0  0  
0  0  0  0  0  
0  0  1  0  0  
0  1  0  1  0  
0  0  0  0  0  
---fathAir---
0  0  0  0  0  
0  1  0  0  0  
0  0  4  0  0  
0  1  0  1  0  
0  0  0  0  0  
---end---
op = 5 : find x:2 y:2 fx:1 fy:1
find x:1 y:1 fx:1 fy:1
(1,1)是他自己的父亲
(1,1)是(2,2)的父亲
1
---start---
-1 -1 -1 -1 -1 
-1 1  1  2  -1 
-1 2  1  2  -1 
-1 1  0  1  -1 
-1 -1 -1 -1 -1 
---air---
0  0  0  0  0  
0  0  0  0  0  
0  0  1  0  0  
0  1  0  1  0  
0  0  0  0  0  
---fathAir---
0  0  0  0  0  
0  1  0  0  0  
0  0  4  0  0  
0  1  0  1  0  
0  0  0  0  0  
---end---
op = 1
以(3,2)查找(0,0)
find x:3 y:2 fx:3 fy:2
(3,2)是他自己的父亲
find x:2 y:2 fx:1 fy:1
find x:1 y:1 fx:1 fy:1
(1,1)是他自己的父亲
(1,1)是(2,2)的父亲
find x:2 y:2 fx:1 fy:1
find x:1 y:1 fx:1 fy:1
(1,1)是他自己的父亲
(1,1)是(2,2)的父亲
find x:3 y:2 fx:1 fy:1
find x:1 y:1 fx:1 fy:1
(1,1)是他自己的父亲
(1,1)是(3,2)的父亲
以(3,2)查找(2,2)
find x:4 y:2 fx:4 fy:2
(4,2)是他自己的父亲
find x:3 y:2 fx:1 fy:1
find x:1 y:1 fx:1 fy:1
(1,1)是他自己的父亲
(1,1)是(3,2)的父亲
以(3,2)查找(4,2)
find x:3 y:2 fx:1 fy:1
find x:1 y:1 fx:1 fy:1
(1,1)是他自己的父亲
(1,1)是(3,2)的父亲
find x:3 y:3 fx:3 fy:3
(3,3)是他自己的父亲
find x:3 y:3 fx:3 fy:3
(3,3)是他自己的父亲
find x:3 y:2 fx:1 fy:1
find x:1 y:1 fx:3 fy:3
find x:3 y:3 fx:3 fy:3
(3,3)是他自己的父亲
(3,3)是(1,1)的父亲
(3,3)是(3,2)的父亲
以(3,2)查找(3,3)
find x:3 y:2 fx:3 fy:3
find x:3 y:3 fx:3 fy:3
(3,3)是他自己的父亲
(3,3)是(3,2)的父亲
find x:3 y:1 fx:3 fy:1
(3,1)是他自己的父亲
find x:3 y:1 fx:3 fy:1
(3,1)是他自己的父亲
find x:3 y:2 fx:3 fy:3
find x:3 y:3 fx:3 fy:1
find x:3 y:1 fx:3 fy:1
(3,1)是他自己的父亲
(3,1)是(3,3)的父亲
(3,1)是(3,2)的父亲
(2,2)的气数为0
find x:2 y:2 fx:1 fy:1
find x:1 y:1 fx:3 fy:3
find x:3 y:3 fx:3 fy:1
find x:3 y:1 fx:3 fy:1
(3,1)是他自己的父亲
(3,1)是(3,3)的父亲
(3,1)是(1,1)的父亲
(3,1)是(2,2)的父亲
其父亲(3,1)的总气数是1
其父亲(3,1)的气数被更新为了0
(3,3)的气数为0
find x:3 y:3 fx:3 fy:1
find x:3 y:1 fx:3 fy:1
(3,1)是他自己的父亲
(3,1)是(3,3)的父亲
其父亲(3,1)的总气数是0
其父亲(3,1)的气数被更新为了-1
(3,1)的气数为0
find x:3 y:1 fx:3 fy:1
(3,1)是他自己的父亲
其父亲(3,1)的总气数是-1
其父亲(3,1)的气数被更新为了-2
(3,2)的气数为0
find x:3 y:2 fx:3 fy:1
find x:3 y:1 fx:3 fy:1
(3,1)是他自己的父亲
(3,1)是(3,2)的父亲
其父亲(3,1)的总气数是-2
其父亲(3,1)的气数被更新为了-2
find x:3 y:2 fx:3 fy:1
find x:3 y:1 fx:3 fy:1
(3,1)是他自己的父亲
(3,1)是(3,2)的父亲
祖先节点(3,1)的气数被更新成了-2
find x:1 y:1 fx:3 fy:1
find x:3 y:1 fx:3 fy:1
(3,1)是他自己的父亲
(3,1)是(1,1)的父亲
祖先节点(3,1)的气数被更新成了-2
find x:3 y:3 fx:3 fy:1
find x:3 y:1 fx:3 fy:1
(3,1)是他自己的父亲
(3,1)是(3,3)的父亲
祖先节点(3,1)的气数被更新成了-2
---start---
-1 -1 -1 -1 -1 
-1 1  1  2  -1 
-1 2  1  2  -1 
-1 1  1  1  -1 
-1 -1 -1 -1 -1 
---air---
0  0  0  0  0  
0  0  0  0  0  
0  0  0  0  0  
0  0  0  0  0  
0  0  0  0  0  
---fathAir---
0  0  0  0  0  
0  1  0  0  0  
0  0  4  0  0  
0  -2  0  1  0  
0  0  0  0  0  
---end---
op = 5 : find x:3 y:3 fx:3 fy:1
find x:3 y:1 fx:3 fy:1
(3,1)是他自己的父亲
(3,1)是(3,3)的父亲
-2
---start---
-1 -1 -1 -1 -1 
-1 1  1  2  -1 
-1 2  1  2  -1 
-1 1  1  1  -1 
-1 -1 -1 -1 -1 
---air---
0  0  0  0  0  
0  0  0  0  0  
0  0  0  0  0  
0  0  0  0  0  
0  0  0  0  0  
---fathAir---
0  0  0  0  0  
0  1  0  0  0  
0  0  4  0  0  
0  -2  0  1  0  
0  0  0  0  0  
---end---
result:0
result:2
result:2
result:5
result:2
result:2
result:3
result:1
result:-2
